<?xml version="1.0" encoding="UTF-8"?>
<!-- Generated by org.testng.reporters.JUnitXMLReporter -->
<testsuite hostname="NGL001340" ignored="14" name="UserLoginPageTest" tests="30" failures="10" timestamp="15 Dec 2021 09:08:35 GMT" time="93.822" errors="0">
  <testcase name="LoginTest" time="1.557" classname="mybank.testcases.UserLoginPageTest"/>
  <testcase name="requestAtmPageAvabilityTest" time="2.297" classname="mybank.testcases.RequestAtmPageTest"/>
  <testcase name="personalDetailsTest" time="5.46" classname="mybank.testcases.PersonalDetailsPageTest"/>
  <testcase name="TransactionRecordTest" time="5.318" classname="mybank.testcases.TransactionRecordPageTest">
    <failure type="java.lang.AssertionError" message="The following asserts failed:
	expected [true] but found [false],
	expected [true] but found [false],
	expected [true] but found [false],
	expected [true] but found [false],
	expected [true] but found [false],
	expected [true] but found [false]">
      <![CDATA[java.lang.AssertionError: The following asserts failed:
	expected [true] but found [false],
	expected [true] but found [false],
	expected [true] but found [false],
	expected [true] but found [false],
	expected [true] but found [false],
	expected [true] but found [false]
	at mybank.testcases.TransactionRecordPageTest.TransactionRecordTest(TransactionRecordPageTest.java:84)
... Removed 27 stack frames]]>
    </failure>
  </testcase> <!-- TransactionRecordTest -->
  <testcase name="addMoneyPageAvabilityTest" time="1.422" classname="mybank.testcases.AddMoneyPageTest"/>
  <testcase name="requestAtmPageAvabilityTest" time="1.543" classname="mybank.testcases.WithdrawMoneyPageTest"/>
  <testcase name="addBeneficiaryTest" time="10.312" classname="mybank.testcases.AddBeneficiaryPageTest"/>
  <testcase name="userLoginTestWithcorrectData" time="1.027" classname="mybank.testcases.DDUserLoginPageTest"/>
  <testcase name="userLoginTestWithcorrectData" time="0.497" classname="mybank.testcases.DDUserLoginPageTest"/>
  <testcase name="userLoginTestWithcorrectData" time="0.443" classname="mybank.testcases.DDUserLoginPageTest"/>
  <testcase name="userLoginTestWithcorrectData" time="0.439" classname="mybank.testcases.DDUserLoginPageTest"/>
  <testcase name="userLoginTestWithcorrectData" time="0.365" classname="mybank.testcases.DDUserLoginPageTest"/>
  <testcase name="userLoginTestWithcorrectData" time="0.369" classname="mybank.testcases.DDUserLoginPageTest"/>
  <testcase name="userLoginTestWithcorrectData" time="0.473" classname="mybank.testcases.DDUserLoginPageTest"/>
  <testcase name="userLoginTestWithcorrectData" time="0.53" classname="mybank.testcases.DDUserLoginPageTest"/>
  <testcase name="test2" time="0.487" classname="mybank.testcases.AddMoneyPageTest"/>
  <testcase name="Test2" time="0.318" classname="mybank.testcases.WithdrawMoneyPageTest"/>
  <testcase name="invalidCredentialsTest" time="1.048" classname="mybank.testcases.AddBeneficiaryPageTest"/>
  <testcase name="userLoginTestWithcWrongData" time="0.57" classname="mybank.testcases.DDUserLoginPageTest">
    <failure type="java.lang.AssertionError" message="expected [true] but found [false]">
      <![CDATA[java.lang.AssertionError: expected [true] but found [false]
	at mybank.testcases.DDUserLoginPageTest.userLoginTestWithcWrongData(DDUserLoginPageTest.java:72)
... Removed 30 stack frames]]>
    </failure>
  </testcase> <!-- userLoginTestWithcWrongData -->
  <testcase name="test3" time="0.291" classname="mybank.testcases.AddMoneyPageTest"/>
  <testcase name="userLoginTestWithcWrongEmail" time="0.455" classname="mybank.testcases.DDUserLoginPageTest">
    <failure type="java.lang.AssertionError" message="expected [true] but found [false]">
      <![CDATA[java.lang.AssertionError: expected [true] but found [false]
	at mybank.testcases.DDUserLoginPageTest.userLoginTestWithcWrongEmail(DDUserLoginPageTest.java:89)
... Removed 30 stack frames]]>
    </failure>
  </testcase> <!-- userLoginTestWithcWrongEmail -->
  <testcase name="userLoginTestWithcWrongEmail" time="0.606" classname="mybank.testcases.DDUserLoginPageTest">
    <failure type="java.lang.AssertionError" message="expected [true] but found [false]">
      <![CDATA[java.lang.AssertionError: expected [true] but found [false]
	at mybank.testcases.DDUserLoginPageTest.userLoginTestWithcWrongEmail(DDUserLoginPageTest.java:89)
... Removed 30 stack frames]]>
    </failure>
  </testcase> <!-- userLoginTestWithcWrongEmail -->
  <testcase name="Test3" time="0.251" classname="mybank.testcases.WithdrawMoneyPageTest">
    <failure type="java.lang.AssertionError" message="expected [true] but found [false]">
      <![CDATA[java.lang.AssertionError: expected [true] but found [false]
	at mybank.testcases.WithdrawMoneyPageTest.Test3(WithdrawMoneyPageTest.java:176)
... Removed 30 stack frames]]>
    </failure>
  </testcase> <!-- Test3 -->
  <testcase name="test4" time="0.261" classname="mybank.testcases.AddMoneyPageTest"/>
  <testcase name="userLoginTestWithcWrongPass" time="0.448" classname="mybank.testcases.DDUserLoginPageTest">
    <failure type="java.lang.AssertionError" message="expected [true] but found [false]">
      <![CDATA[java.lang.AssertionError: expected [true] but found [false]
	at mybank.testcases.DDUserLoginPageTest.userLoginTestWithcWrongPass(DDUserLoginPageTest.java:106)
... Removed 30 stack frames]]>
    </failure>
  </testcase> <!-- userLoginTestWithcWrongPass -->
  <testcase name="userLoginTestWithcWrongPass" time="0.396" classname="mybank.testcases.DDUserLoginPageTest">
    <failure type="java.lang.AssertionError" message="expected [true] but found [false]">
      <![CDATA[java.lang.AssertionError: expected [true] but found [false]
	at mybank.testcases.DDUserLoginPageTest.userLoginTestWithcWrongPass(DDUserLoginPageTest.java:106)
... Removed 30 stack frames]]>
    </failure>
  </testcase> <!-- userLoginTestWithcWrongPass -->
  <testcase name="Test4" time="0.276" classname="mybank.testcases.WithdrawMoneyPageTest">
    <failure type="java.lang.AssertionError" message="expected [true] but found [false]">
      <![CDATA[java.lang.AssertionError: expected [true] but found [false]
	at mybank.testcases.WithdrawMoneyPageTest.Test4(WithdrawMoneyPageTest.java:213)
... Removed 30 stack frames]]>
    </failure>
  </testcase> <!-- Test4 -->
  <testcase name="userLoginTestSensitive" time="0.448" classname="mybank.testcases.DDUserLoginPageTest">
    <failure type="java.lang.AssertionError" message="expected [true] but found [false]">
      <![CDATA[java.lang.AssertionError: expected [true] but found [false]
	at mybank.testcases.DDUserLoginPageTest.userLoginTestSensitive(DDUserLoginPageTest.java:122)
... Removed 30 stack frames]]>
    </failure>
  </testcase> <!-- userLoginTestSensitive -->
  <testcase name="userLoginTestSensitive" time="0.362" classname="mybank.testcases.DDUserLoginPageTest">
    <failure type="java.lang.AssertionError" message="expected [true] but found [false]">
      <![CDATA[java.lang.AssertionError: expected [true] but found [false]
	at mybank.testcases.DDUserLoginPageTest.userLoginTestSensitive(DDUserLoginPageTest.java:122)
... Removed 30 stack frames]]>
    </failure>
  </testcase> <!-- userLoginTestSensitive -->
  <testcase name="Test5" time="0.185" classname="mybank.testcases.WithdrawMoneyPageTest"/>
  <testcase name="@AfterSuite tearDown" time="0.0" classname="mybank.utility.BaseTest">
    <ignored/>
  </testcase> <!-- @AfterSuite tearDown -->
  <testcase name="@AfterSuite tearDown" time="0.0" classname="mybank.utility.BaseTest">
    <ignored/>
  </testcase> <!-- @AfterSuite tearDown -->
  <testcase name="@AfterSuite tearDown" time="0.0" classname="mybank.utility.BaseTest">
    <ignored/>
  </testcase> <!-- @AfterSuite tearDown -->
  <testcase name="@AfterSuite tearDown" time="0.0" classname="mybank.utility.BaseTest">
    <ignored/>
  </testcase> <!-- @AfterSuite tearDown -->
  <testcase name="@AfterSuite tearDown" time="0.0" classname="mybank.utility.BaseTest">
    <ignored/>
  </testcase> <!-- @AfterSuite tearDown -->
  <testcase name="@AfterSuite tearDown" time="0.0" classname="mybank.utility.BaseTest">
    <ignored/>
  </testcase> <!-- @AfterSuite tearDown -->
  <testcase name="@AfterSuite tearDown" time="0.0" classname="mybank.utility.BaseTest">
    <ignored/>
  </testcase> <!-- @AfterSuite tearDown -->
  <testcase name="@BeforeSuite setup" time="0.0" classname="mybank.utility.BaseTest">
    <ignored/>
  </testcase> <!-- @BeforeSuite setup -->
  <testcase name="@BeforeSuite setup" time="0.0" classname="mybank.utility.BaseTest">
    <ignored/>
  </testcase> <!-- @BeforeSuite setup -->
  <testcase name="@BeforeSuite setup" time="0.0" classname="mybank.utility.BaseTest">
    <ignored/>
  </testcase> <!-- @BeforeSuite setup -->
  <testcase name="@BeforeSuite setup" time="0.0" classname="mybank.utility.BaseTest">
    <ignored/>
  </testcase> <!-- @BeforeSuite setup -->
  <testcase name="@BeforeSuite setup" time="0.0" classname="mybank.utility.BaseTest">
    <ignored/>
  </testcase> <!-- @BeforeSuite setup -->
  <testcase name="@BeforeSuite setup" time="0.0" classname="mybank.utility.BaseTest">
    <ignored/>
  </testcase> <!-- @BeforeSuite setup -->
  <testcase name="@BeforeSuite setup" time="0.0" classname="mybank.utility.BaseTest">
    <ignored/>
  </testcase> <!-- @BeforeSuite setup -->
</testsuite> <!-- UserLoginPageTest -->
