<?xml version="1.0" encoding="UTF-8"?>
<!-- Generated by org.testng.reporters.JUnitXMLReporter -->
<testsuite hostname="NGL001340" ignored="0" name="WithdrawMoneyPageTest" tests="5" failures="2" timestamp="14 Dec 2021 16:39:18 GMT" time="6.391" errors="0">
  <testcase name="requestAtmPageAvabilityTest" time="1.204" classname="mybank.testcases.WithdrawMoneyPageTest"/>
  <testcase name="Test2" time="0.221" classname="mybank.testcases.WithdrawMoneyPageTest"/>
  <testcase name="Test3" time="0.18" classname="mybank.testcases.WithdrawMoneyPageTest">
    <failure type="java.lang.AssertionError" message="expected [true] but found [false]">
      <![CDATA[java.lang.AssertionError: expected [true] but found [false]
	at mybank.testcases.WithdrawMoneyPageTest.Test3(WithdrawMoneyPageTest.java:176)
... Removed 30 stack frames]]>
    </failure>
  </testcase> <!-- Test3 -->
  <testcase name="Test4" time="0.173" classname="mybank.testcases.WithdrawMoneyPageTest">
    <failure type="java.lang.AssertionError" message="expected [true] but found [false]">
      <![CDATA[java.lang.AssertionError: expected [true] but found [false]
	at mybank.testcases.WithdrawMoneyPageTest.Test4(WithdrawMoneyPageTest.java:213)
... Removed 30 stack frames]]>
    </failure>
  </testcase> <!-- Test4 -->
  <testcase name="Test5" time="0.145" classname="mybank.testcases.WithdrawMoneyPageTest"/>
</testsuite> <!-- WithdrawMoneyPageTest -->
