<?xml version="1.0" encoding="UTF-8"?>
<!-- Generated by org.testng.reporters.JUnitXMLReporter -->
<testsuite hostname="NGL001340" ignored="0" name="AdminPageDDTest" tests="2" failures="1" timestamp="15 Dec 2021 09:39:03 GMT" time="9.159" errors="0">
  <testcase name="adminLoginTest" time="0.985" classname="mybank.testcases.AdminPageDDTest"/>
  <testcase name="adminLoginTest" time="0.27" classname="mybank.testcases.AdminPageDDTest">
    <failure type="java.lang.AssertionError" message="expected [true] but found [false]">
      <![CDATA[java.lang.AssertionError: expected [true] but found [false]
at mybank.testcases.AdminPageDDTest.adminLoginTest(AdminPageDDTest.java:48)
... Removed 33 stack frames]]>
    </failure>
  </testcase> <!-- adminLoginTest -->
</testsuite> <!-- AdminPageDDTest -->
