<html>
<head>
<title>TestNG:  HomePageTest</title>
<link href="../testng.css" rel="stylesheet" type="text/css" />
<link href="../my-testng.css" rel="stylesheet" type="text/css" />

<style type="text/css">
.log { display: none;} 
.stack-trace { display: none;} 
</style>
<script type="text/javascript">
<!--
function flip(e) {
  current = e.style.display;
  if (current == 'block') {
    e.style.display = 'none';
    return 0;
  }
  else {
    e.style.display = 'block';
    return 1;
  }
}

function toggleBox(szDivId, elem, msg1, msg2)
{
  var res = -1;  if (document.getElementById) {
    res = flip(document.getElementById(szDivId));
  }
  else if (document.all) {
    // this is the way old msie versions work
    res = flip(document.all[szDivId]);
  }
  if(elem) {
    if(res == 0) elem.innerHTML = msg1; else elem.innerHTML = msg2;
  }

}

function toggleAllBoxes() {
  if (document.getElementsByTagName) {
    d = document.getElementsByTagName('div');
    for (i = 0; i < d.length; i++) {
      if (d[i].className == 'log') {
        flip(d[i]);
      }
    }
  }
}

// -->
</script>

</head>
<body>
<h2 align='center'>HomePageTest</h2><table border='1' align="center">
<tr>
<td>Tests passed/Failed/Skipped:</td><td>17/1/0</td>
</tr><tr>
<td>Started on:</td><td>Wed Dec 15 15:10:42 IST 2021</td>
</tr>
<tr><td>Total time:</td><td>33 seconds (33688 ms)</td>
</tr><tr>
<td>Included groups:</td><td></td>
</tr><tr>
<td>Excluded groups:</td><td></td>
</tr>
</table><p/>
<small><i>(Hover the method name to see the test class name)</i></small><p/>
<table width='100%' border='1' class='invocation-failed'>
<tr><td colspan='4' align='center'><b>FAILED TESTS</b></td></tr>
<tr><td><b>Test method</b></td>
<td width="30%"><b>Exception</b></td>
<td width="10%"><b>Time (seconds)</b></td>
<td><b>Instance</b></td>
</tr>
<tr>
<td title='mybank.testcases.HomePageTest.contactUsTest()'><b>contactUsTest</b><br>Test class: mybank.testcases.HomePageTest</td>
<td><div><pre>org.openqa.selenium.ElementNotInteractableException: element not interactable
  (Session info: chrome=96.0.4664.93)
Build info: version: &apos;4.0.0&apos;, revision: &apos;3a21814679&apos;
System info: host: &apos;NGL001340&apos;, ip: &apos;192.168.0.106&apos;, os.name: &apos;Windows 10&apos;, os.arch: &apos;amd64&apos;, os.version: &apos;10.0&apos;, java.version: &apos;1.8.0_92&apos;
Driver info: org.openqa.selenium.chrome.ChromeDriver
Command: [3f6d50f4d80f17e1927284849c78c30b, clickElement {id=80f44ef7-5dc1-49ca-ade6-8d578505a35f}]
Capabilities {acceptInsecureCerts: false, browserName: chrome, browserVersion: 96.0.4664.93, chrome: {chromedriverVersion: 96.0.4664.45 (76e4c1bb2ab46..., userDataDir: C:\Users\YASH_S~1\AppData\L...}, goog:chromeOptions: {debuggerAddress: localhost:51978}, javascriptEnabled: true, networkConnectionEnabled: false, pageLoadStrategy: normal, platform: WINDOWS, platformName: WINDOWS, proxy: Proxy(), se:cdp: ws://localhost:51978/devtoo..., se:cdpVersion: 96.0.4664.93, setWindowRect: true, strictFileInteractability: false, timeouts: {implicit: 0, pageLoad: 300000, script: 30000}, unhandledPromptBehavior: dismiss and notify, webauthn:extension:credBlob: true, webauthn:extension:largeBlob: true, webauthn:virtualAuthenticators: true}
Element: [[ChromeDriver: chrome on WINDOWS (3f6d50f4d80f17e1927284849c78c30b)] -&gt; css selector: .col-sm-4:nth-child(1) &gt; h3]
Session ID: 3f6d50f4d80f17e1927284849c78c30b
	at org.openqa.selenium.remote.codec.w3c.W3CHttpResponseCodec.createException(W3CHttpResponseCodec.java:200)
	at org.openqa.selenium.remote.codec.w3c.W3CHttpResponseCodec.decode(W3CHttpResponseCodec.java:133)
	at org.openqa.selenium.remote.codec.w3c.W3CHttpResponseCodec.decode(W3CHttpResponseCodec.java:53)
	at org.openqa.selenium.remote.HttpCommandExecutor.execute(HttpCommandExecutor.java:184)
	at org.openqa.selenium.remote.service.DriverCommandExecutor.invokeExecute(DriverCommandExecutor.java:164)
	at org.openqa.selenium.remote.service.DriverCommandExecutor.execute(DriverCommandExecutor.java:139)
	at org.openqa.selenium.remote.RemoteWebDriver.execute(RemoteWebDriver.java:559)
	at org.openqa.selenium.remote.RemoteWebElement.execute(RemoteWebElement.java:251)
	at org.openqa.selenium.remote.RemoteWebElement.click(RemoteWebElement.java:77)
	at mybank.testcases.HomePageTest.contactUsTest(HomePageTest.java:299)
... Removed 33 stack frames</pre></div><a href='#' onClick='toggleBox("stack-trace567160397", this, "Click to show all stack frames", "Click to hide stack frames")'>Click to show all stack frames</a>
<div class='stack-trace' id='stack-trace567160397'><pre>org.openqa.selenium.ElementNotInteractableException: element not interactable
  (Session info: chrome=96.0.4664.93)
Build info: version: &apos;4.0.0&apos;, revision: &apos;3a21814679&apos;
System info: host: &apos;NGL001340&apos;, ip: &apos;192.168.0.106&apos;, os.name: &apos;Windows 10&apos;, os.arch: &apos;amd64&apos;, os.version: &apos;10.0&apos;, java.version: &apos;1.8.0_92&apos;
Driver info: org.openqa.selenium.chrome.ChromeDriver
Command: [3f6d50f4d80f17e1927284849c78c30b, clickElement {id=80f44ef7-5dc1-49ca-ade6-8d578505a35f}]
Capabilities {acceptInsecureCerts: false, browserName: chrome, browserVersion: 96.0.4664.93, chrome: {chromedriverVersion: 96.0.4664.45 (76e4c1bb2ab46..., userDataDir: C:\Users\YASH_S~1\AppData\L...}, goog:chromeOptions: {debuggerAddress: localhost:51978}, javascriptEnabled: true, networkConnectionEnabled: false, pageLoadStrategy: normal, platform: WINDOWS, platformName: WINDOWS, proxy: Proxy(), se:cdp: ws://localhost:51978/devtoo..., se:cdpVersion: 96.0.4664.93, setWindowRect: true, strictFileInteractability: false, timeouts: {implicit: 0, pageLoad: 300000, script: 30000}, unhandledPromptBehavior: dismiss and notify, webauthn:extension:credBlob: true, webauthn:extension:largeBlob: true, webauthn:virtualAuthenticators: true}
Element: [[ChromeDriver: chrome on WINDOWS (3f6d50f4d80f17e1927284849c78c30b)] -&gt; css selector: .col-sm-4:nth-child(1) &gt; h3]
Session ID: 3f6d50f4d80f17e1927284849c78c30b
	at sun.reflect.NativeConstructorAccessorImpl.newInstance0(Native Method)
	at sun.reflect.NativeConstructorAccessorImpl.newInstance(NativeConstructorAccessorImpl.java:62)
	at sun.reflect.DelegatingConstructorAccessorImpl.newInstance(DelegatingConstructorAccessorImpl.java:45)
	at java.lang.reflect.Constructor.newInstance(Constructor.java:423)
	at org.openqa.selenium.remote.codec.w3c.W3CHttpResponseCodec.createException(W3CHttpResponseCodec.java:200)
	at org.openqa.selenium.remote.codec.w3c.W3CHttpResponseCodec.decode(W3CHttpResponseCodec.java:133)
	at org.openqa.selenium.remote.codec.w3c.W3CHttpResponseCodec.decode(W3CHttpResponseCodec.java:53)
	at org.openqa.selenium.remote.HttpCommandExecutor.execute(HttpCommandExecutor.java:184)
	at org.openqa.selenium.remote.service.DriverCommandExecutor.invokeExecute(DriverCommandExecutor.java:164)
	at org.openqa.selenium.remote.service.DriverCommandExecutor.execute(DriverCommandExecutor.java:139)
	at org.openqa.selenium.remote.RemoteWebDriver.execute(RemoteWebDriver.java:559)
	at org.openqa.selenium.remote.RemoteWebElement.execute(RemoteWebElement.java:251)
	at org.openqa.selenium.remote.RemoteWebElement.click(RemoteWebElement.java:77)
	at mybank.testcases.HomePageTest.contactUsTest(HomePageTest.java:299)
	at sun.reflect.NativeMethodAccessorImpl.invoke0(Native Method)
	at sun.reflect.NativeMethodAccessorImpl.invoke(NativeMethodAccessorImpl.java:62)
	at sun.reflect.DelegatingMethodAccessorImpl.invoke(DelegatingMethodAccessorImpl.java:43)
	at java.lang.reflect.Method.invoke(Method.java:498)
	at org.testng.internal.MethodInvocationHelper.invokeMethod(MethodInvocationHelper.java:124)
	at org.testng.internal.Invoker.invokeMethod(Invoker.java:583)
	at org.testng.internal.Invoker.invokeTestMethod(Invoker.java:719)
	at org.testng.internal.Invoker.invokeTestMethods(Invoker.java:989)
	at org.testng.internal.TestMethodWorker.invokeTestMethods(TestMethodWorker.java:125)
	at org.testng.internal.TestMethodWorker.run(TestMethodWorker.java:109)
	at org.testng.TestRunner.privateRun(TestRunner.java:648)
	at org.testng.TestRunner.run(TestRunner.java:505)
	at org.testng.SuiteRunner.runTest(SuiteRunner.java:455)
	at org.testng.SuiteRunner.runSequentially(SuiteRunner.java:450)
	at org.testng.SuiteRunner.privateRun(SuiteRunner.java:415)
	at org.testng.SuiteRunner.run(SuiteRunner.java:364)
	at org.testng.SuiteRunnerWorker.runSuite(SuiteRunnerWorker.java:52)
	at org.testng.SuiteRunnerWorker.run(SuiteRunnerWorker.java:84)
	at org.testng.TestNG.runSuitesSequentially(TestNG.java:1208)
	at org.testng.TestNG.runSuitesLocally(TestNG.java:1137)
	at org.testng.TestNG.runSuites(TestNG.java:1049)
	at org.testng.TestNG.run(TestNG.java:1017)
	at org.apache.maven.surefire.testng.TestNGExecutor.run(TestNGExecutor.java:283)
	at org.apache.maven.surefire.testng.TestNGXmlTestSuite.execute(TestNGXmlTestSuite.java:75)
	at org.apache.maven.surefire.testng.TestNGProvider.invoke(TestNGProvider.java:120)
	at org.apache.maven.surefire.booter.ForkedBooter.invokeProviderInSameClassLoader(ForkedBooter.java:373)
	at org.apache.maven.surefire.booter.ForkedBooter.runSuitesInProcess(ForkedBooter.java:334)
	at org.apache.maven.surefire.booter.ForkedBooter.execute(ForkedBooter.java:119)
	at org.apache.maven.surefire.booter.ForkedBooter.main(ForkedBooter.java:407)
</pre></div></td>
<td>0</td>
<td>mybank.testcases.HomePageTest@394e1a0f</td></tr>
</table><p>
<table width='100%' border='1' class='invocation-passed'>
<tr><td colspan='4' align='center'><b>PASSED TESTS</b></td></tr>
<tr><td><b>Test method</b></td>
<td width="30%"><b>Exception</b></td>
<td width="10%"><b>Time (seconds)</b></td>
<td><b>Instance</b></td>
</tr>
<tr>
<td title='mybank.testcases.HomePageTest.LoginTest()'><b>LoginTest</b><br>Test class: mybank.testcases.HomePageTest</td>
<td></td>
<td>1</td>
<td>mybank.testcases.HomePageTest@394e1a0f</td></tr>
<tr>
<td title='mybank.testcases.HomePageTest.aboutFAQsClickTest()'><b>aboutFAQsClickTest</b><br>Test class: mybank.testcases.HomePageTest</td>
<td></td>
<td>0</td>
<td>mybank.testcases.HomePageTest@394e1a0f</td></tr>
<tr>
<td title='mybank.testcases.HomePageTest.adminLoginClickTest()'><b>adminLoginClickTest</b><br>Test class: mybank.testcases.HomePageTest</td>
<td></td>
<td>0</td>
<td>mybank.testcases.HomePageTest@394e1a0f</td></tr>
<tr>
<td title='mybank.testcases.HomePageTest.contactUsClickTest()'><b>contactUsClickTest</b><br>Test class: mybank.testcases.HomePageTest</td>
<td></td>
<td>0</td>
<td>mybank.testcases.HomePageTest@394e1a0f</td></tr>
<tr>
<td title='mybank.testcases.HomePageTest.featuresClickTest()'><b>featuresClickTest</b><br>Test class: mybank.testcases.HomePageTest</td>
<td></td>
<td>0</td>
<td>mybank.testcases.HomePageTest@394e1a0f</td></tr>
<tr>
<td title='mybank.testcases.HomePageTest.homeClickTest()'><b>homeClickTest</b><br>Test class: mybank.testcases.HomePageTest</td>
<td></td>
<td>0</td>
<td>mybank.testcases.HomePageTest@394e1a0f</td></tr>
<tr>
<td title='mybank.testcases.HomePageTest.loginClickTest()'><b>loginClickTest</b><br>Test class: mybank.testcases.HomePageTest</td>
<td></td>
<td>0</td>
<td>mybank.testcases.HomePageTest@394e1a0f</td></tr>
<tr>
<td title='mybank.testcases.HomePageTest.mybankLogoClickTest()'><b>mybankLogoClickTest</b><br>Test class: mybank.testcases.HomePageTest</td>
<td></td>
<td>0</td>
<td>mybank.testcases.HomePageTest@394e1a0f</td></tr>
<tr>
<td title='mybank.testcases.HomePageTest.redirectFacebook()'><b>redirectFacebook</b><br>Test class: mybank.testcases.HomePageTest</td>
<td></td>
<td>1</td>
<td>mybank.testcases.HomePageTest@394e1a0f</td></tr>
<tr>
<td title='mybank.testcases.HomePageTest.redirectGoogle()'><b>redirectGoogle</b><br>Test class: mybank.testcases.HomePageTest</td>
<td></td>
<td>1</td>
<td>mybank.testcases.HomePageTest@394e1a0f</td></tr>
<tr>
<td title='mybank.testcases.HomePageTest.redirectInstagram()'><b>redirectInstagram</b><br>Test class: mybank.testcases.HomePageTest</td>
<td></td>
<td>4</td>
<td>mybank.testcases.HomePageTest@394e1a0f</td></tr>
<tr>
<td title='mybank.testcases.HomePageTest.redirectLinkedIn()'><b>redirectLinkedIn</b><br>Test class: mybank.testcases.HomePageTest</td>
<td></td>
<td>2</td>
<td>mybank.testcases.HomePageTest@394e1a0f</td></tr>
<tr>
<td title='mybank.testcases.HomePageTest.redirectSafetyTips()'><b>redirectSafetyTips</b><br>Test class: mybank.testcases.HomePageTest</td>
<td></td>
<td>0</td>
<td>mybank.testcases.HomePageTest@394e1a0f</td></tr>
<tr>
<td title='mybank.testcases.HomePageTest.redirectTwitter()'><b>redirectTwitter</b><br>Test class: mybank.testcases.HomePageTest</td>
<td></td>
<td>5</td>
<td>mybank.testcases.HomePageTest@394e1a0f</td></tr>
<tr>
<td title='mybank.testcases.HomePageTest.redirectYoutube()'><b>redirectYoutube</b><br>Test class: mybank.testcases.HomePageTest</td>
<td></td>
<td>7</td>
<td>mybank.testcases.HomePageTest@394e1a0f</td></tr>
<tr>
<td title='mybank.testcases.HomePageTest.safetyBankingTipsClickTest()'><b>safetyBankingTipsClickTest</b><br>Test class: mybank.testcases.HomePageTest</td>
<td></td>
<td>0</td>
<td>mybank.testcases.HomePageTest@394e1a0f</td></tr>
<tr>
<td title='mybank.testcases.HomePageTest.signUpClickTest()'><b>signUpClickTest</b><br>Test class: mybank.testcases.HomePageTest</td>
<td></td>
<td>0</td>
<td>mybank.testcases.HomePageTest@394e1a0f</td></tr>
</table><p>
</body>
</html>