<?xml version="1.0" encoding="UTF-8"?>
<!-- Generated by org.testng.reporters.JUnitXMLReporter -->
<testsuite hostname="NGL001340" ignored="0" name="HomePageTest" tests="18" failures="1" timestamp="15 Dec 2021 09:41:16 GMT" time="33.688" errors="0">
  <testcase name="LoginTest" time="1.022" classname="mybank.testcases.HomePageTest"/>
  <testcase name="mybankLogoClickTest" time="0.113" classname="mybank.testcases.HomePageTest"/>
  <testcase name="homeClickTest" time="0.103" classname="mybank.testcases.HomePageTest"/>
  <testcase name="featuresClickTest" time="0.183" classname="mybank.testcases.HomePageTest"/>
  <testcase name="aboutFAQsClickTest" time="0.26" classname="mybank.testcases.HomePageTest"/>
  <testcase name="contactUsClickTest" time="0.203" classname="mybank.testcases.HomePageTest"/>
  <testcase name="safetyBankingTipsClickTest" time="0.249" classname="mybank.testcases.HomePageTest"/>
  <testcase name="adminLoginClickTest" time="0.208" classname="mybank.testcases.HomePageTest"/>
  <testcase name="loginClickTest" time="0.188" classname="mybank.testcases.HomePageTest"/>
  <testcase name="signUpClickTest" time="0.201" classname="mybank.testcases.HomePageTest"/>
  <testcase name="contactUsTest" time="0.395" classname="mybank.testcases.HomePageTest">
    <failure type="org.openqa.selenium.ElementNotInteractableException" message="element not interactable
  (Session info: chrome=96.0.4664.93)
Build info: version: &amp;apos;4.0.0&amp;apos;, revision: &amp;apos;3a21814679&amp;apos;
System info: host: &amp;apos;NGL001340&amp;apos;, ip: &amp;apos;192.168.0.106&amp;apos;, os.name: &amp;apos;Windows 10&amp;apos;, os.arch: &amp;apos;amd64&amp;apos;, os.version: &amp;apos;10.0&amp;apos;, java.version: &amp;apos;1.8.0_92&amp;apos;
Driver info: org.openqa.selenium.chrome.ChromeDriver
Command: [3f6d50f4d80f17e1927284849c78c30b, clickElement {id=80f44ef7-5dc1-49ca-ade6-8d578505a35f}]
Capabilities {acceptInsecureCerts: false, browserName: chrome, browserVersion: 96.0.4664.93, chrome: {chromedriverVersion: 96.0.4664.45 (76e4c1bb2ab46..., userDataDir: C:\Users\YASH_S~1\AppData\L...}, goog:chromeOptions: {debuggerAddress: localhost:51978}, javascriptEnabled: true, networkConnectionEnabled: false, pageLoadStrategy: normal, platform: WINDOWS, platformName: WINDOWS, proxy: Proxy(), se:cdp: ws://localhost:51978/devtoo..., se:cdpVersion: 96.0.4664.93, setWindowRect: true, strictFileInteractability: false, timeouts: {implicit: 0, pageLoad: 300000, script: 30000}, unhandledPromptBehavior: dismiss and notify, webauthn:extension:credBlob: true, webauthn:extension:largeBlob: true, webauthn:virtualAuthenticators: true}
Element: [[ChromeDriver: chrome on WINDOWS (3f6d50f4d80f17e1927284849c78c30b)] -&amp;gt; css selector: .col-sm-4:nth-child(1) &amp;gt; h3]
Session ID: 3f6d50f4d80f17e1927284849c78c30b">
      <![CDATA[org.openqa.selenium.ElementNotInteractableException: element not interactable
  (Session info: chrome=96.0.4664.93)
Build info: version: '4.0.0', revision: '3a21814679'
System info: host: 'NGL001340', ip: '192.168.0.106', os.name: 'Windows 10', os.arch: 'amd64', os.version: '10.0', java.version: '1.8.0_92'
Driver info: org.openqa.selenium.chrome.ChromeDriver
Command: [3f6d50f4d80f17e1927284849c78c30b, clickElement {id=80f44ef7-5dc1-49ca-ade6-8d578505a35f}]
Capabilities {acceptInsecureCerts: false, browserName: chrome, browserVersion: 96.0.4664.93, chrome: {chromedriverVersion: 96.0.4664.45 (76e4c1bb2ab46..., userDataDir: C:\Users\YASH_S~1\AppData\L...}, goog:chromeOptions: {debuggerAddress: localhost:51978}, javascriptEnabled: true, networkConnectionEnabled: false, pageLoadStrategy: normal, platform: WINDOWS, platformName: WINDOWS, proxy: Proxy(), se:cdp: ws://localhost:51978/devtoo..., se:cdpVersion: 96.0.4664.93, setWindowRect: true, strictFileInteractability: false, timeouts: {implicit: 0, pageLoad: 300000, script: 30000}, unhandledPromptBehavior: dismiss and notify, webauthn:extension:credBlob: true, webauthn:extension:largeBlob: true, webauthn:virtualAuthenticators: true}
Element: [[ChromeDriver: chrome on WINDOWS (3f6d50f4d80f17e1927284849c78c30b)] -> css selector: .col-sm-4:nth-child(1) > h3]
Session ID: 3f6d50f4d80f17e1927284849c78c30b
at org.openqa.selenium.remote.codec.w3c.W3CHttpResponseCodec.createException(W3CHttpResponseCodec.java:200)
at org.openqa.selenium.remote.codec.w3c.W3CHttpResponseCodec.decode(W3CHttpResponseCodec.java:133)
at org.openqa.selenium.remote.codec.w3c.W3CHttpResponseCodec.decode(W3CHttpResponseCodec.java:53)
at org.openqa.selenium.remote.HttpCommandExecutor.execute(HttpCommandExecutor.java:184)
at org.openqa.selenium.remote.service.DriverCommandExecutor.invokeExecute(DriverCommandExecutor.java:164)
at org.openqa.selenium.remote.service.DriverCommandExecutor.execute(DriverCommandExecutor.java:139)
at org.openqa.selenium.remote.RemoteWebDriver.execute(RemoteWebDriver.java:559)
at org.openqa.selenium.remote.RemoteWebElement.execute(RemoteWebElement.java:251)
at org.openqa.selenium.remote.RemoteWebElement.click(RemoteWebElement.java:77)
at mybank.testcases.HomePageTest.contactUsTest(HomePageTest.java:299)
... Removed 33 stack frames]]>
    </failure>
  </testcase> <!-- contactUsTest -->
  <testcase name="redirectSafetyTips" time="0.279" classname="mybank.testcases.HomePageTest"/>
  <testcase name="redirectFacebook" time="1.966" classname="mybank.testcases.HomePageTest"/>
  <testcase name="redirectTwitter" time="5.439" classname="mybank.testcases.HomePageTest"/>
  <testcase name="redirectYoutube" time="7.688" classname="mybank.testcases.HomePageTest"/>
  <testcase name="redirectGoogle" time="1.906" classname="mybank.testcases.HomePageTest"/>
  <testcase name="redirectInstagram" time="4.185" classname="mybank.testcases.HomePageTest"/>
  <testcase name="redirectLinkedIn" time="2.386" classname="mybank.testcases.HomePageTest"/>
</testsuite> <!-- HomePageTest -->
