<?xml version="1.0" encoding="UTF-8"?>
<!-- Generated by org.testng.reporters.JUnitXMLReporter -->
<testsuite hostname="NGL001340" ignored="0" name="PersonalDetailsPageTest" tests="1" failures="1" timestamp="17 Dec 2021 10:19:33 GMT" time="5.287" errors="0">
  <testcase name="personalDetailsTest" time="2.045" classname="mybank.testcases.PersonalDetailsPageTest">
    <failure type="java.lang.AssertionError" message="The following asserts failed:
	Account Number Matches !! expected [987654321312] but found [&amp;quot;987654321312&amp;quot;]">
      <![CDATA[java.lang.AssertionError: The following asserts failed:
Account Number Matches !! expected [987654321312] but found ["987654321312"]
at mybank.testcases.PersonalDetailsPageTest.personalDetailsTest(PersonalDetailsPageTest.java:79)
... Removed 30 stack frames]]>
    </failure>
  </testcase> <!-- personalDetailsTest -->
</testsuite> <!-- PersonalDetailsPageTest -->
