<?xml version="1.0" encoding="UTF-8"?>
<!-- Generated by org.testng.reporters.JUnitXMLReporter -->
<testsuite hostname="NGL001340" ignored="0" name="TransactionRecordPageTest" tests="1" failures="1" timestamp="15 Dec 2021 09:40:37 GMT" time="10.313" errors="0">
  <testcase name="TransactionRecordTest" time="3.946" classname="mybank.testcases.TransactionRecordPageTest">
    <failure type="java.lang.AssertionError" message="The following asserts failed:
	expected [true] but found [false],
	expected [true] but found [false],
	expected [true] but found [false],
	expected [true] but found [false],
	expected [true] but found [false],
	expected [true] but found [false]">
      <![CDATA[java.lang.AssertionError: The following asserts failed:
expected [true] but found [false],
expected [true] but found [false],
expected [true] but found [false],
expected [true] but found [false],
expected [true] but found [false],
expected [true] but found [false]
at mybank.testcases.TransactionRecordPageTest.TransactionRecordTest(TransactionRecordPageTest.java:84)
... Removed 30 stack frames]]>
    </failure>
  </testcase> <!-- TransactionRecordTest -->
</testsuite> <!-- TransactionRecordPageTest -->
