<?xml version="1.0" encoding="UTF-8"?>
<!-- Generated by org.testng.reporters.JUnitXMLReporter -->
<testsuite hostname="NGL001340" ignored="0" name="HomePageTest" tests="18" failures="1" timestamp="15 Dec 2021 09:25:42 GMT" time="29.041" errors="0">
  <testcase name="LoginTest" time="1.167" classname="mybank.testcases.HomePageTest"/>
  <testcase name="mybankLogoClickTest" time="0.089" classname="mybank.testcases.HomePageTest"/>
  <testcase name="homeClickTest" time="0.079" classname="mybank.testcases.HomePageTest"/>
  <testcase name="featuresClickTest" time="0.154" classname="mybank.testcases.HomePageTest"/>
  <testcase name="aboutFAQsClickTest" time="0.18" classname="mybank.testcases.HomePageTest"/>
  <testcase name="contactUsClickTest" time="0.171" classname="mybank.testcases.HomePageTest"/>
  <testcase name="safetyBankingTipsClickTest" time="0.162" classname="mybank.testcases.HomePageTest"/>
  <testcase name="adminLoginClickTest" time="0.169" classname="mybank.testcases.HomePageTest"/>
  <testcase name="loginClickTest" time="0.15" classname="mybank.testcases.HomePageTest"/>
  <testcase name="signUpClickTest" time="0.232" classname="mybank.testcases.HomePageTest"/>
  <testcase name="contactUsTest" time="0.367" classname="mybank.testcases.HomePageTest">
    <failure type="org.openqa.selenium.ElementNotInteractableException" message="element not interactable
  (Session info: chrome=96.0.4664.93)
Build info: version: &amp;apos;4.0.0&amp;apos;, revision: &amp;apos;3a21814679&amp;apos;
System info: host: &amp;apos;NGL001340&amp;apos;, ip: &amp;apos;192.168.0.106&amp;apos;, os.name: &amp;apos;Windows 10&amp;apos;, os.arch: &amp;apos;amd64&amp;apos;, os.version: &amp;apos;10.0&amp;apos;, java.version: &amp;apos;1.8.0_92&amp;apos;
Driver info: org.openqa.selenium.chrome.ChromeDriver
Command: [c3be9684b51ba0a779b3f682d122aa70, clickElement {id=100d093d-30c9-407c-9b3c-8177c049da50}]
Capabilities {acceptInsecureCerts: false, browserName: chrome, browserVersion: 96.0.4664.93, chrome: {chromedriverVersion: 96.0.4664.45 (76e4c1bb2ab46..., userDataDir: C:\Users\YASH_S~1\AppData\L...}, goog:chromeOptions: {debuggerAddress: localhost:50620}, javascriptEnabled: true, networkConnectionEnabled: false, pageLoadStrategy: normal, platform: WINDOWS, platformName: WINDOWS, proxy: Proxy(), se:cdp: ws://localhost:50620/devtoo..., se:cdpVersion: 96.0.4664.93, setWindowRect: true, strictFileInteractability: false, timeouts: {implicit: 0, pageLoad: 300000, script: 30000}, unhandledPromptBehavior: dismiss and notify, webauthn:extension:credBlob: true, webauthn:extension:largeBlob: true, webauthn:virtualAuthenticators: true}
Element: [[ChromeDriver: chrome on WINDOWS (c3be9684b51ba0a779b3f682d122aa70)] -&amp;gt; css selector: .col-sm-4:nth-child(1) &amp;gt; h3]
Session ID: c3be9684b51ba0a779b3f682d122aa70">
      <![CDATA[org.openqa.selenium.ElementNotInteractableException: element not interactable
  (Session info: chrome=96.0.4664.93)
Build info: version: '4.0.0', revision: '3a21814679'
System info: host: 'NGL001340', ip: '192.168.0.106', os.name: 'Windows 10', os.arch: 'amd64', os.version: '10.0', java.version: '1.8.0_92'
Driver info: org.openqa.selenium.chrome.ChromeDriver
Command: [c3be9684b51ba0a779b3f682d122aa70, clickElement {id=100d093d-30c9-407c-9b3c-8177c049da50}]
Capabilities {acceptInsecureCerts: false, browserName: chrome, browserVersion: 96.0.4664.93, chrome: {chromedriverVersion: 96.0.4664.45 (76e4c1bb2ab46..., userDataDir: C:\Users\YASH_S~1\AppData\L...}, goog:chromeOptions: {debuggerAddress: localhost:50620}, javascriptEnabled: true, networkConnectionEnabled: false, pageLoadStrategy: normal, platform: WINDOWS, platformName: WINDOWS, proxy: Proxy(), se:cdp: ws://localhost:50620/devtoo..., se:cdpVersion: 96.0.4664.93, setWindowRect: true, strictFileInteractability: false, timeouts: {implicit: 0, pageLoad: 300000, script: 30000}, unhandledPromptBehavior: dismiss and notify, webauthn:extension:credBlob: true, webauthn:extension:largeBlob: true, webauthn:virtualAuthenticators: true}
Element: [[ChromeDriver: chrome on WINDOWS (c3be9684b51ba0a779b3f682d122aa70)] -> css selector: .col-sm-4:nth-child(1) > h3]
Session ID: c3be9684b51ba0a779b3f682d122aa70
	at org.openqa.selenium.remote.codec.w3c.W3CHttpResponseCodec.createException(W3CHttpResponseCodec.java:200)
	at org.openqa.selenium.remote.codec.w3c.W3CHttpResponseCodec.decode(W3CHttpResponseCodec.java:133)
	at org.openqa.selenium.remote.codec.w3c.W3CHttpResponseCodec.decode(W3CHttpResponseCodec.java:53)
	at org.openqa.selenium.remote.HttpCommandExecutor.execute(HttpCommandExecutor.java:184)
	at org.openqa.selenium.remote.service.DriverCommandExecutor.invokeExecute(DriverCommandExecutor.java:164)
	at org.openqa.selenium.remote.service.DriverCommandExecutor.execute(DriverCommandExecutor.java:139)
	at org.openqa.selenium.remote.RemoteWebDriver.execute(RemoteWebDriver.java:559)
	at org.openqa.selenium.remote.RemoteWebElement.execute(RemoteWebElement.java:251)
	at org.openqa.selenium.remote.RemoteWebElement.click(RemoteWebElement.java:77)
	at mybank.testcases.HomePageTest.contactUsTest(HomePageTest.java:299)
... Removed 30 stack frames]]>
    </failure>
  </testcase> <!-- contactUsTest -->
  <testcase name="redirectSafetyTips" time="0.248" classname="mybank.testcases.HomePageTest"/>
  <testcase name="redirectFacebook" time="1.341" classname="mybank.testcases.HomePageTest"/>
  <testcase name="redirectTwitter" time="3.475" classname="mybank.testcases.HomePageTest"/>
  <testcase name="redirectYoutube" time="8.021" classname="mybank.testcases.HomePageTest"/>
  <testcase name="redirectGoogle" time="1.673" classname="mybank.testcases.HomePageTest"/>
  <testcase name="redirectInstagram" time="3.783" classname="mybank.testcases.HomePageTest"/>
  <testcase name="redirectLinkedIn" time="2.083" classname="mybank.testcases.HomePageTest"/>
</testsuite> <!-- HomePageTest -->
