<!DOCTYPE html>

<html>
  <head>
  <meta charset='utf-8'>
  <title>TestNG reports</title>

    <link type="text/css" href="testng-reports.css" rel="stylesheet" />
    <script type="text/javascript" src="jquery-1.7.1.min.js"></script>
    <script type="text/javascript" src="testng-reports.js"></script>
    <script type="text/javascript" src="https://www.google.com/jsapi"></script>
    <script type='text/javascript'>
      google.load('visualization', '1', {packages:['table']});
      google.setOnLoadCallback(drawTable);
      var suiteTableInitFunctions = new Array();
      var suiteTableData = new Array();
    </script>
    <!--
      <script type="text/javascript" src="jquery-ui/js/jquery-ui-1.8.16.custom.min.js"></script>
     -->
  </head>

  <body>
    <div class="top-banner-root">
      <span class="top-banner-title-font">Test results</span>
      <br/>
      <span class="top-banner-font-1">1 suite, 38 failed tests</span>
    </div> <!-- top-banner-root -->
    <div class="navigator-root">
      <div class="navigator-suite-header">
        <span>All suites</span>
        <a href="#" class="collapse-all-link" title="Collapse/expand all the suites">
          <img class="collapse-all-icon" src="collapseall.gif">
          </img> <!-- collapse-all-icon -->
        </a> <!-- collapse-all-link -->
      </div> <!-- navigator-suite-header -->
      <div class="suite">
        <div class="rounded-window">
          <div class="suite-header light-rounded-window-top">
            <a href="#" class="navigator-link" panel-name="suite-MybankTestSuite">
              <span class="suite-name border-failed">MybankTestSuite</span>
            </a> <!-- navigator-link -->
          </div> <!-- suite-header light-rounded-window-top -->
          <div class="navigator-suite-content">
            <div class="suite-section-title">
              <span>Info</span>
            </div> <!-- suite-section-title -->
            <div class="suite-section-content">
              <ul>
                <li>
                  <a href="#" class="navigator-link " panel-name="test-xml-MybankTestSuite">
                    <span>D:\workspace-MyBank\mybankTesting\testng.xml</span>
                  </a> <!-- navigator-link  -->
                </li>
                <li>
                  <a href="#" class="navigator-link " panel-name="testlist-MybankTestSuite">
                    <span class="test-stats">16 tests</span>
                  </a> <!-- navigator-link  -->
                </li>
                <li>
                  <a href="#" class="navigator-link " panel-name="group-MybankTestSuite">
                    <span>0 groups</span>
                  </a> <!-- navigator-link  -->
                </li>
                <li>
                  <a href="#" class="navigator-link " panel-name="times-MybankTestSuite">
                    <span>Times</span>
                  </a> <!-- navigator-link  -->
                </li>
                <li>
                  <a href="#" class="navigator-link " panel-name="reporter-MybankTestSuite">
                    <span>Reporter output</span>
                  </a> <!-- navigator-link  -->
                </li>
                <li>
                  <a href="#" class="navigator-link " panel-name="ignored-methods-MybankTestSuite">
                    <span>Ignored methods</span>
                  </a> <!-- navigator-link  -->
                </li>
                <li>
                  <a href="#" class="navigator-link " panel-name="chronological-MybankTestSuite">
                    <span>Chronological view</span>
                  </a> <!-- navigator-link  -->
                </li>
              </ul>
            </div> <!-- suite-section-content -->
            <div class="result-section">
              <div class="suite-section-title">
                <span>Results</span>
              </div> <!-- suite-section-title -->
              <div class="suite-section-content">
                <ul>
                  <li>
                    <span class="method-stats">80 methods, 38 failed,   42 passed</span>
                  </li>
                  <li>
                    <span class="method-list-title failed">Failed methods</span>
                    <span class="show-or-hide-methods failed">
                      <a href="#" panel-name="suite-MybankTestSuite" class="hide-methods failed suite-MybankTestSuite"> (hide)</a> <!-- hide-methods failed suite-MybankTestSuite -->
                      <a href="#" panel-name="suite-MybankTestSuite" class="show-methods failed suite-MybankTestSuite"> (show)</a> <!-- show-methods failed suite-MybankTestSuite -->
                    </span>
                    <div class="method-list-content failed suite-MybankTestSuite">
                      <span>
                        <img width="3%" src="failed.png"/>
                        <a href="#" class="method navigator-link" panel-name="suite-MybankTestSuite" title="mybank.testcases.SignUpPageValidationTest" hash-for-method="SignUpWithInvalidEmailId">SignUpWithInvalidEmailId</a> <!-- method navigator-link -->
                      </span>
                      <br/>
                      <span>
                        <img width="3%" src="failed.png"/>
                        <a href="#" class="method navigator-link" panel-name="suite-MybankTestSuite" title="mybank.testcases.WithdrawMoneyPageTest" hash-for-method="Test3">Test3</a> <!-- method navigator-link -->
                      </span>
                      <br/>
                      <span>
                        <img width="3%" src="failed.png"/>
                        <a href="#" class="method navigator-link" panel-name="suite-MybankTestSuite" title="mybank.testcases.WithdrawMoneyPageTest" hash-for-method="Test4">Test4</a> <!-- method navigator-link -->
                      </span>
                      <br/>
                      <span>
                        <img width="3%" src="failed.png"/>
                        <a href="#" class="method navigator-link" panel-name="suite-MybankTestSuite" title="mybank.testcases.TransactionRecordPageTest" hash-for-method="TransactionRecordTest">TransactionRecordTest</a> <!-- method navigator-link -->
                      </span>
                      <br/>
                      <span>
                        <img width="3%" src="failed.png"/>
                        <a href="#" class="method navigator-link" panel-name="suite-MybankTestSuite" title="mybank.testcases.PersonalDetailsPageTest" hash-for-method="personalDetailsTest">personalDetailsTest</a> <!-- method navigator-link -->
                      </span>
                      <br/>
                      <span>
                        <img width="3%" src="failed.png"/>
                        <a href="#" class="method navigator-link" panel-name="suite-MybankTestSuite" title="mybank.testcases.DDUserLoginPageTest" hash-for-method="userLoginTestSensitive(csGHayan@gmail.com, 1234)">userLoginTestSensitive(csGHayan@gmail.com, 1234)</a> <!-- method navigator-link -->
                      </span>
                      <br/>
                      <span>
                        <img width="3%" src="failed.png"/>
                        <a href="#" class="method navigator-link" panel-name="suite-MybankTestSuite" title="mybank.testcases.DDUserLoginPageTest" hash-for-method="userLoginTestSensitive(Gaa@gmail.com, 1234)">userLoginTestSensitive(Gaa@gmail.com, 1234)</a> <!-- method navigator-link -->
                      </span>
                      <br/>
                      <span>
                        <img width="3%" src="failed.png"/>
                        <a href="#" class="method navigator-link" panel-name="suite-MybankTestSuite" title="mybank.testcases.DDUserLoginPageTest" hash-for-method="userLoginTestSensitive(JHon@gmail.com, pass)">userLoginTestSensitive(JHon@gmail.com, pass)</a> <!-- method navigator-link -->
                      </span>
                      <br/>
                      <span>
                        <img width="3%" src="failed.png"/>
                        <a href="#" class="method navigator-link" panel-name="suite-MybankTestSuite" title="mybank.testcases.DDUserLoginPageTest" hash-for-method="userLoginTestSensitive(ABC@gmail.com, 1234)">userLoginTestSensitive(ABC@gmail.com, 1234)</a> <!-- method navigator-link -->
                      </span>
                      <br/>
                      <span>
                        <img width="3%" src="failed.png"/>
                        <a href="#" class="method navigator-link" panel-name="suite-MybankTestSuite" title="mybank.testcases.DDUserLoginPageTest" hash-for-method="userLoginTestSensitive(JUli@aa.com, 1234)">userLoginTestSensitive(JUli@aa.com, 1234)</a> <!-- method navigator-link -->
                      </span>
                      <br/>
                      <span>
                        <img width="3%" src="failed.png"/>
                        <a href="#" class="method navigator-link" panel-name="suite-MybankTestSuite" title="mybank.testcases.DDUserLoginPageTest" hash-for-method="userLoginTestSensitive(Sayantan1999arka@gmail.com, aaaa)">userLoginTestSensitive(Sayantan1999arka@gmail.com, aaaa)</a> <!-- method navigator-link -->
                      </span>
                      <br/>
                      <span>
                        <img width="3%" src="failed.png"/>
                        <a href="#" class="method navigator-link" panel-name="suite-MybankTestSuite" title="mybank.testcases.DDUserLoginPageTest" hash-for-method="userLoginTestSensitive(SHubhangi@gmail.com, 1234)">userLoginTestSensitive(SHubhangi@gmail.com, 1234)</a> <!-- method navigator-link -->
                      </span>
                      <br/>
                      <span>
                        <img width="3%" src="failed.png"/>
                        <a href="#" class="method navigator-link" panel-name="suite-MybankTestSuite" title="mybank.testcases.DDUserLoginPageTest" hash-for-method="userLoginTestWithcWrongData(seema@gmail.com, 1234)">userLoginTestWithcWrongData(seema@gmail.com, 1234)</a> <!-- method navigator-link -->
                      </span>
                      <br/>
                      <span>
                        <img width="3%" src="failed.png"/>
                        <a href="#" class="method navigator-link" panel-name="suite-MybankTestSuite" title="mybank.testcases.DDUserLoginPageTest" hash-for-method="userLoginTestWithcWrongData(sachin@mail.com, 1234)">userLoginTestWithcWrongData(sachin@mail.com, 1234)</a> <!-- method navigator-link -->
                      </span>
                      <br/>
                      <span>
                        <img width="3%" src="failed.png"/>
                        <a href="#" class="method navigator-link" panel-name="suite-MybankTestSuite" title="mybank.testcases.DDUserLoginPageTest" hash-for-method="userLoginTestWithcWrongData(kunal@gmail.com, pas123)">userLoginTestWithcWrongData(kunal@gmail.com, pas123)</a> <!-- method navigator-link -->
                      </span>
                      <br/>
                      <span>
                        <img width="3%" src="failed.png"/>
                        <a href="#" class="method navigator-link" panel-name="suite-MybankTestSuite" title="mybank.testcases.DDUserLoginPageTest" hash-for-method="userLoginTestWithcWrongData(sakshi@reddif.com, 23123)">userLoginTestWithcWrongData(sakshi@reddif.com, 23123)</a> <!-- method navigator-link -->
                      </span>
                      <br/>
                      <span>
                        <img width="3%" src="failed.png"/>
                        <a href="#" class="method navigator-link" panel-name="suite-MybankTestSuite" title="mybank.testcases.DDUserLoginPageTest" hash-for-method="userLoginTestWithcWrongData(Amit@gmail.com, pass)">userLoginTestWithcWrongData(Amit@gmail.com, pass)</a> <!-- method navigator-link -->
                      </span>
                      <br/>
                      <span>
                        <img width="3%" src="failed.png"/>
                        <a href="#" class="method navigator-link" panel-name="suite-MybankTestSuite" title="mybank.testcases.DDUserLoginPageTest" hash-for-method="userLoginTestWithcWrongData(yash3344@gmail.com, pass334)">userLoginTestWithcWrongData(yash3344@gmail.com, pass334)</a> <!-- method navigator-link -->
                      </span>
                      <br/>
                      <span>
                        <img width="3%" src="failed.png"/>
                        <a href="#" class="method navigator-link" panel-name="suite-MybankTestSuite" title="mybank.testcases.DDUserLoginPageTest" hash-for-method="userLoginTestWithcWrongData(ankit@33.com, 1234)">userLoginTestWithcWrongData(ankit@33.com, 1234)</a> <!-- method navigator-link -->
                      </span>
                      <br/>
                      <span>
                        <img width="3%" src="failed.png"/>
                        <a href="#" class="method navigator-link" panel-name="suite-MybankTestSuite" title="mybank.testcases.DDUserLoginPageTest" hash-for-method="userLoginTestWithcWrongEmail(shayandff90@gmail.com, 1234)">userLoginTestWithcWrongEmail(shayandff90@gmail.com, 1234)</a> <!-- method navigator-link -->
                      </span>
                      <br/>
                      <span>
                        <img width="3%" src="failed.png"/>
                        <a href="#" class="method navigator-link" panel-name="suite-MybankTestSuite" title="mybank.testcases.DDUserLoginPageTest" hash-for-method="userLoginTestWithcWrongEmail(gaaaaa@gmail.com, 1234)">userLoginTestWithcWrongEmail(gaaaaa@gmail.com, 1234)</a> <!-- method navigator-link -->
                      </span>
                      <br/>
                      <span>
                        <img width="3%" src="failed.png"/>
                        <a href="#" class="method navigator-link" panel-name="suite-MybankTestSuite" title="mybank.testcases.DDUserLoginPageTest" hash-for-method="userLoginTestWithcWrongEmail(Jhon@vmail.com, pass)">userLoginTestWithcWrongEmail(Jhon@vmail.com, pass)</a> <!-- method navigator-link -->
                      </span>
                      <br/>
                      <span>
                        <img width="3%" src="failed.png"/>
                        <a href="#" class="method navigator-link" panel-name="suite-MybankTestSuite" title="mybank.testcases.DDUserLoginPageTest" hash-for-method="userLoginTestWithcWrongEmail(cyan@gmail.com, 1234)">userLoginTestWithcWrongEmail(cyan@gmail.com, 1234)</a> <!-- method navigator-link -->
                      </span>
                      <br/>
                      <span>
                        <img width="3%" src="failed.png"/>
                        <a href="#" class="method navigator-link" panel-name="suite-MybankTestSuite" title="mybank.testcases.DDUserLoginPageTest" hash-for-method="userLoginTestWithcWrongEmail(juli@haaa.com, 1234)">userLoginTestWithcWrongEmail(juli@haaa.com, 1234)</a> <!-- method navigator-link -->
                      </span>
                      <br/>
                      <span>
                        <img width="3%" src="failed.png"/>
                        <a href="#" class="method navigator-link" panel-name="suite-MybankTestSuite" title="mybank.testcases.DDUserLoginPageTest" hash-for-method="userLoginTestWithcWrongEmail(abc@ghmmail.com, 1234)">userLoginTestWithcWrongEmail(abc@ghmmail.com, 1234)</a> <!-- method navigator-link -->
                      </span>
                      <br/>
                      <span>
                        <img width="3%" src="failed.png"/>
                        <a href="#" class="method navigator-link" panel-name="suite-MybankTestSuite" title="mybank.testcases.DDUserLoginPageTest" hash-for-method="userLoginTestWithcWrongEmail(shubhanYasgi@gmail.com, 1234)">userLoginTestWithcWrongEmail(shubhanYasgi@gmail.com, 1234)</a> <!-- method navigator-link -->
                      </span>
                      <br/>
                      <span>
                        <img width="3%" src="failed.png"/>
                        <a href="#" class="method navigator-link" panel-name="suite-MybankTestSuite" title="mybank.testcases.DDUserLoginPageTest" hash-for-method="userLoginTestWithcWrongEmail(sayantaaan1999arka@gmail.com, aaaa)">userLoginTestWithcWrongEmail(sayantaaan1999arka@gmail.com, aaaa)</a> <!-- method navigator-link -->
                      </span>
                      <br/>
                      <span>
                        <img width="3%" src="failed.png"/>
                        <a href="#" class="method navigator-link" panel-name="suite-MybankTestSuite" title="mybank.testcases.DDUserLoginPageTest" hash-for-method="userLoginTestWithcWrongPass(juli@aa.com, root)">userLoginTestWithcWrongPass(juli@aa.com, root)</a> <!-- method navigator-link -->
                      </span>
                      <br/>
                      <span>
                        <img width="3%" src="failed.png"/>
                        <a href="#" class="method navigator-link" panel-name="suite-MybankTestSuite" title="mybank.testcases.DDUserLoginPageTest" hash-for-method="userLoginTestWithcWrongPass(shubhangi@gmail.com, p55word)">userLoginTestWithcWrongPass(shubhangi@gmail.com, p55word)</a> <!-- method navigator-link -->
                      </span>
                      <br/>
                      <span>
                        <img width="3%" src="failed.png"/>
                        <a href="#" class="method navigator-link" panel-name="suite-MybankTestSuite" title="mybank.testcases.DDUserLoginPageTest" hash-for-method="userLoginTestWithcWrongPass(sayantan1999arka@gmail.com, bbbb)">userLoginTestWithcWrongPass(sayantan1999arka@gmail.com, bbbb)</a> <!-- method navigator-link -->
                      </span>
                      <br/>
                      <span>
                        <img width="3%" src="failed.png"/>
                        <a href="#" class="method navigator-link" panel-name="suite-MybankTestSuite" title="mybank.testcases.DDUserLoginPageTest" hash-for-method="userLoginTestWithcWrongPass(Jhon@gmail.com, p123s)">userLoginTestWithcWrongPass(Jhon@gmail.com, p123s)</a> <!-- method navigator-link -->
                      </span>
                      <br/>
                      <span>
                        <img width="3%" src="failed.png"/>
                        <a href="#" class="method navigator-link" panel-name="suite-MybankTestSuite" title="mybank.testcases.DDUserLoginPageTest" hash-for-method="userLoginTestWithcWrongPass(abc@gmail.com, sapp)">userLoginTestWithcWrongPass(abc@gmail.com, sapp)</a> <!-- method navigator-link -->
                      </span>
                      <br/>
                      <span>
                        <img width="3%" src="failed.png"/>
                        <a href="#" class="method navigator-link" panel-name="suite-MybankTestSuite" title="mybank.testcases.DDUserLoginPageTest" hash-for-method="userLoginTestWithcWrongPass(cshayan@gmail.com,  )">userLoginTestWithcWrongPass(cshayan@gmail.com,  )</a> <!-- method navigator-link -->
                      </span>
                      <br/>
                      <span>
                        <img width="3%" src="failed.png"/>
                        <a href="#" class="method navigator-link" panel-name="suite-MybankTestSuite" title="mybank.testcases.DDUserLoginPageTest" hash-for-method="userLoginTestWithcWrongPass(gaa@gmail.com, yash123)">userLoginTestWithcWrongPass(gaa@gmail.com, yash123)</a> <!-- method navigator-link -->
                      </span>
                      <br/>
                      <span>
                        <img width="3%" src="failed.png"/>
                        <a href="#" class="method navigator-link" panel-name="suite-MybankTestSuite" title="mybank.testcases.DDUserLoginPageTest" hash-for-method="userLoginTestWithcWrongPass(shayan90@gmail.com, none12)">userLoginTestWithcWrongPass(shayan90@gmail.com, none12)</a> <!-- method navigator-link -->
                      </span>
                      <br/>
                      <span>
                        <img width="3%" src="failed.png"/>
                        <a href="#" class="method navigator-link" panel-name="suite-MybankTestSuite" title="mybank.testcases.DDUserLoginPageTest" hash-for-method="userLoginTestWithcorrectData(, )">userLoginTestWithcorrectData(, )</a> <!-- method navigator-link -->
                      </span>
                      <br/>
                      <span>
                        <img width="3%" src="failed.png"/>
                        <a href="#" class="method navigator-link" panel-name="suite-MybankTestSuite" title="mybank.testcases.DDUserLoginPageTest" hash-for-method="userLoginTestWithcorrectData(mayur@gmail.com, 1234)">userLoginTestWithcorrectData(mayur@gmail.com, 1234)</a> <!-- method navigator-link -->
                      </span>
                      <br/>
                      <span>
                        <img width="3%" src="failed.png"/>
                        <a href="#" class="method navigator-link" panel-name="suite-MybankTestSuite" title="mybank.testcases.DDUserLoginPageTest" hash-for-method="userLoginTestWithcorrectData(, )">userLoginTestWithcorrectData(, )</a> <!-- method navigator-link -->
                      </span>
                      <br/>
                    </div> <!-- method-list-content failed suite-MybankTestSuite -->
                  </li>
                  <li>
                    <span class="method-list-title passed">Passed methods</span>
                    <span class="show-or-hide-methods passed">
                      <a href="#" panel-name="suite-MybankTestSuite" class="hide-methods passed suite-MybankTestSuite"> (hide)</a> <!-- hide-methods passed suite-MybankTestSuite -->
                      <a href="#" panel-name="suite-MybankTestSuite" class="show-methods passed suite-MybankTestSuite"> (show)</a> <!-- show-methods passed suite-MybankTestSuite -->
                    </span>
                    <div class="method-list-content passed suite-MybankTestSuite">
                      <span>
                        <img width="3%" src="passed.png"/>
                        <a href="#" class="method navigator-link" panel-name="suite-MybankTestSuite" title="mybank.testcases.SignUpPageTest" hash-for-method="EnterData">EnterData</a> <!-- method navigator-link -->
                      </span>
                      <br/>
                      <span>
                        <img width="3%" src="passed.png"/>
                        <a href="#" class="method navigator-link" panel-name="suite-MybankTestSuite" title="mybank.testcases.UserLoginPageTest" hash-for-method="LoginTest(abc@gmail.com, 1234)">LoginTest(abc@gmail.com, 1234)</a> <!-- method navigator-link -->
                      </span>
                      <br/>
                      <span>
                        <img width="3%" src="passed.png"/>
                        <a href="#" class="method navigator-link" panel-name="suite-MybankTestSuite" title="mybank.testcases.HomePageTest" hash-for-method="LoginTest">LoginTest</a> <!-- method navigator-link -->
                      </span>
                      <br/>
                      <span>
                        <img width="3%" src="passed.png"/>
                        <a href="#" class="method navigator-link" panel-name="suite-MybankTestSuite" title="mybank.testcases.WithdrawMoneyPageTest" hash-for-method="Test2">Test2</a> <!-- method navigator-link -->
                      </span>
                      <br/>
                      <span>
                        <img width="3%" src="passed.png"/>
                        <a href="#" class="method navigator-link" panel-name="suite-MybankTestSuite" title="mybank.testcases.WithdrawMoneyPageTest" hash-for-method="Test5">Test5</a> <!-- method navigator-link -->
                      </span>
                      <br/>
                      <span>
                        <img width="3%" src="passed.png"/>
                        <a href="#" class="method navigator-link" panel-name="suite-MybankTestSuite" title="mybank.testcases.HomePageTest" hash-for-method="aboutFAQsClickTest">aboutFAQsClickTest</a> <!-- method navigator-link -->
                      </span>
                      <br/>
                      <span>
                        <img width="3%" src="passed.png"/>
                        <a href="#" class="method navigator-link" panel-name="suite-MybankTestSuite" title="mybank.testcases.AddBeneficiaryPageTest" hash-for-method="addBeneficiaryTest(abc@gmail.com, 1234)">addBeneficiaryTest(abc@gmail.com, 1234)</a> <!-- method navigator-link -->
                      </span>
                      <br/>
                      <span>
                        <img width="3%" src="passed.png"/>
                        <a href="#" class="method navigator-link" panel-name="suite-MybankTestSuite" title="mybank.testcases.AddMoneyPageTest" hash-for-method="addMoneyPageAvabilityTest(abc@gmail.com, 1234)">addMoneyPageAvabilityTest(abc@gmail.com, 1234)</a> <!-- method navigator-link -->
                      </span>
                      <br/>
                      <span>
                        <img width="3%" src="passed.png"/>
                        <a href="#" class="method navigator-link" panel-name="suite-MybankTestSuite" title="mybank.testcases.AdminAtmCardReqPageTest" hash-for-method="adminATMReqPageTest(admin@gmail.com, admin123)">adminATMReqPageTest(admin@gmail.com, admin123)</a> <!-- method navigator-link -->
                      </span>
                      <br/>
                      <span>
                        <img width="3%" src="passed.png"/>
                        <a href="#" class="method navigator-link" panel-name="suite-MybankTestSuite" title="mybank.testcases.HomePageTest" hash-for-method="adminLoginClickTest">adminLoginClickTest</a> <!-- method navigator-link -->
                      </span>
                      <br/>
                      <span>
                        <img width="3%" src="passed.png"/>
                        <a href="#" class="method navigator-link" panel-name="suite-MybankTestSuite" title="mybank.testcases.AdminPageDDTest" hash-for-method="adminLoginTest(admin@gmail.com, admin123)">adminLoginTest(admin@gmail.com, admin123)</a> <!-- method navigator-link -->
                      </span>
                      <br/>
                      <span>
                        <img width="3%" src="passed.png"/>
                        <a href="#" class="method navigator-link" panel-name="suite-MybankTestSuite" title="mybank.testcases.ApproveMoneyToUserAccountPageTest" hash-for-method="approveMoneyToUserAccountPageAvabilityTest(admin@gmail.com, admin123)">approveMoneyToUserAccountPageAvabilityTest(admin@gmail.com, admin123)</a> <!-- method navigator-link -->
                      </span>
                      <br/>
                      <span>
                        <img width="3%" src="passed.png"/>
                        <a href="#" class="method navigator-link" panel-name="suite-MybankTestSuite" title="mybank.testcases.ApproveWithdrawalOfMoneyPageTest" hash-for-method="approveWithdrawalOfMoneyPageAvabilityTest(admin@gmail.com, admin123)">approveWithdrawalOfMoneyPageAvabilityTest(admin@gmail.com, admin123)</a> <!-- method navigator-link -->
                      </span>
                      <br/>
                      <span>
                        <img width="3%" src="passed.png"/>
                        <a href="#" class="method navigator-link" panel-name="suite-MybankTestSuite" title="mybank.testcases.HomePageTest" hash-for-method="contactUsClickTest">contactUsClickTest</a> <!-- method navigator-link -->
                      </span>
                      <br/>
                      <span>
                        <img width="3%" src="passed.png"/>
                        <a href="#" class="method navigator-link" panel-name="suite-MybankTestSuite" title="mybank.testcases.HomePageTest" hash-for-method="contactUsTest">contactUsTest</a> <!-- method navigator-link -->
                      </span>
                      <br/>
                      <span>
                        <img width="3%" src="passed.png"/>
                        <a href="#" class="method navigator-link" panel-name="suite-MybankTestSuite" title="mybank.testcases.HomePageTest" hash-for-method="featuresClickTest">featuresClickTest</a> <!-- method navigator-link -->
                      </span>
                      <br/>
                      <span>
                        <img width="3%" src="passed.png"/>
                        <a href="#" class="method navigator-link" panel-name="suite-MybankTestSuite" title="mybank.testcases.HomePageTest" hash-for-method="homeClickTest">homeClickTest</a> <!-- method navigator-link -->
                      </span>
                      <br/>
                      <span>
                        <img width="3%" src="passed.png"/>
                        <a href="#" class="method navigator-link" panel-name="suite-MybankTestSuite" title="mybank.testcases.AddBeneficiaryPageTest" hash-for-method="invalidCredentialsTest(abc@gmail.com, 1234)">invalidCredentialsTest(abc@gmail.com, 1234)</a> <!-- method navigator-link -->
                      </span>
                      <br/>
                      <span>
                        <img width="3%" src="passed.png"/>
                        <a href="#" class="method navigator-link" panel-name="suite-MybankTestSuite" title="mybank.testcases.HomePageTest" hash-for-method="loginClickTest">loginClickTest</a> <!-- method navigator-link -->
                      </span>
                      <br/>
                      <span>
                        <img width="3%" src="passed.png"/>
                        <a href="#" class="method navigator-link" panel-name="suite-MybankTestSuite" title="mybank.testcases.HomePageTest" hash-for-method="mybankLogoClickTest">mybankLogoClickTest</a> <!-- method navigator-link -->
                      </span>
                      <br/>
                      <span>
                        <img width="3%" src="passed.png"/>
                        <a href="#" class="method navigator-link" panel-name="suite-MybankTestSuite" title="mybank.testcases.HomePageTest" hash-for-method="redirectFacebook">redirectFacebook</a> <!-- method navigator-link -->
                      </span>
                      <br/>
                      <span>
                        <img width="3%" src="passed.png"/>
                        <a href="#" class="method navigator-link" panel-name="suite-MybankTestSuite" title="mybank.testcases.HomePageTest" hash-for-method="redirectGoogle">redirectGoogle</a> <!-- method navigator-link -->
                      </span>
                      <br/>
                      <span>
                        <img width="3%" src="passed.png"/>
                        <a href="#" class="method navigator-link" panel-name="suite-MybankTestSuite" title="mybank.testcases.HomePageTest" hash-for-method="redirectInstagram">redirectInstagram</a> <!-- method navigator-link -->
                      </span>
                      <br/>
                      <span>
                        <img width="3%" src="passed.png"/>
                        <a href="#" class="method navigator-link" panel-name="suite-MybankTestSuite" title="mybank.testcases.HomePageTest" hash-for-method="redirectLinkedIn">redirectLinkedIn</a> <!-- method navigator-link -->
                      </span>
                      <br/>
                      <span>
                        <img width="3%" src="passed.png"/>
                        <a href="#" class="method navigator-link" panel-name="suite-MybankTestSuite" title="mybank.testcases.HomePageTest" hash-for-method="redirectSafetyTips">redirectSafetyTips</a> <!-- method navigator-link -->
                      </span>
                      <br/>
                      <span>
                        <img width="3%" src="passed.png"/>
                        <a href="#" class="method navigator-link" panel-name="suite-MybankTestSuite" title="mybank.testcases.HomePageTest" hash-for-method="redirectTwitter">redirectTwitter</a> <!-- method navigator-link -->
                      </span>
                      <br/>
                      <span>
                        <img width="3%" src="passed.png"/>
                        <a href="#" class="method navigator-link" panel-name="suite-MybankTestSuite" title="mybank.testcases.HomePageTest" hash-for-method="redirectYoutube">redirectYoutube</a> <!-- method navigator-link -->
                      </span>
                      <br/>
                      <span>
                        <img width="3%" src="passed.png"/>
                        <a href="#" class="method navigator-link" panel-name="suite-MybankTestSuite" title="mybank.testcases.AdminRegisteredUsersPageTest" hash-for-method="registeredUserPageAvabilityTest(admin@gmail.com, admin123)">registeredUserPageAvabilityTest(admin@gmail.com, admin123)</a> <!-- method navigator-link -->
                      </span>
                      <br/>
                      <span>
                        <img width="3%" src="passed.png"/>
                        <a href="#" class="method navigator-link" panel-name="suite-MybankTestSuite" title="mybank.testcases.RequestAtmPageTest" hash-for-method="requestAtmPageAvabilityTest(abc@gmail.com, 1234)">requestAtmPageAvabilityTest(abc@gmail.com, 1234)</a> <!-- method navigator-link -->
                      </span>
                      <br/>
                      <span>
                        <img width="3%" src="passed.png"/>
                        <a href="#" class="method navigator-link" panel-name="suite-MybankTestSuite" title="mybank.testcases.WithdrawMoneyPageTest" hash-for-method="requestAtmPageAvabilityTest(abc@gmail.com, 1234)">requestAtmPageAvabilityTest(abc@gmail.com, 1234)</a> <!-- method navigator-link -->
                      </span>
                      <br/>
                      <span>
                        <img width="3%" src="passed.png"/>
                        <a href="#" class="method navigator-link" panel-name="suite-MybankTestSuite" title="mybank.testcases.HomePageTest" hash-for-method="safetyBankingTipsClickTest">safetyBankingTipsClickTest</a> <!-- method navigator-link -->
                      </span>
                      <br/>
                      <span>
                        <img width="3%" src="passed.png"/>
                        <a href="#" class="method navigator-link" panel-name="suite-MybankTestSuite" title="mybank.testcases.HomePageTest" hash-for-method="signUpClickTest">signUpClickTest</a> <!-- method navigator-link -->
                      </span>
                      <br/>
                      <span>
                        <img width="3%" src="passed.png"/>
                        <a href="#" class="method navigator-link" panel-name="suite-MybankTestSuite" title="mybank.testcases.SignUpPageValidationTest" hash-for-method="signWithInvalidAccNumber">signWithInvalidAccNumber</a> <!-- method navigator-link -->
                      </span>
                      <br/>
                      <span>
                        <img width="3%" src="passed.png"/>
                        <a href="#" class="method navigator-link" panel-name="suite-MybankTestSuite" title="mybank.testcases.AddMoneyPageTest" hash-for-method="test2(abc@gmail.com, 1234)">test2(abc@gmail.com, 1234)</a> <!-- method navigator-link -->
                      </span>
                      <br/>
                      <span>
                        <img width="3%" src="passed.png"/>
                        <a href="#" class="method navigator-link" panel-name="suite-MybankTestSuite" title="mybank.testcases.AddMoneyPageTest" hash-for-method="test3(abc@gmail.com, 1234)">test3(abc@gmail.com, 1234)</a> <!-- method navigator-link -->
                      </span>
                      <br/>
                      <span>
                        <img width="3%" src="passed.png"/>
                        <a href="#" class="method navigator-link" panel-name="suite-MybankTestSuite" title="mybank.testcases.AddMoneyPageTest" hash-for-method="test4(abc@gmail.com, 1234)">test4(abc@gmail.com, 1234)</a> <!-- method navigator-link -->
                      </span>
                      <br/>
                      <span>
                        <img width="3%" src="passed.png"/>
                        <a href="#" class="method navigator-link" panel-name="suite-MybankTestSuite" title="mybank.testcases.DDUserLoginPageTest" hash-for-method="userLoginTestSensitive(shayan90@gmail.com, 1234)">userLoginTestSensitive(shayan90@gmail.com, 1234)</a> <!-- method navigator-link -->
                      </span>
                      <br/>
                      <span>
                        <img width="3%" src="passed.png"/>
                        <a href="#" class="method navigator-link" panel-name="suite-MybankTestSuite" title="mybank.testcases.DDUserLoginPageTest" hash-for-method="userLoginTestWithcorrectData(ashish@gmail.com, 1234)">userLoginTestWithcorrectData(ashish@gmail.com, 1234)</a> <!-- method navigator-link -->
                      </span>
                      <br/>
                      <span>
                        <img width="3%" src="passed.png"/>
                        <a href="#" class="method navigator-link" panel-name="suite-MybankTestSuite" title="mybank.testcases.DDUserLoginPageTest" hash-for-method="userLoginTestWithcorrectData(Ankita@gmail.com, 1234)">userLoginTestWithcorrectData(Ankita@gmail.com, 1234)</a> <!-- method navigator-link -->
                      </span>
                      <br/>
                      <span>
                        <img width="3%" src="passed.png"/>
                        <a href="#" class="method navigator-link" panel-name="suite-MybankTestSuite" title="mybank.testcases.DDUserLoginPageTest" hash-for-method="userLoginTestWithcorrectData(shubhangi@gmail.com, 1234)">userLoginTestWithcorrectData(shubhangi@gmail.com, 1234)</a> <!-- method navigator-link -->
                      </span>
                      <br/>
                      <span>
                        <img width="3%" src="passed.png"/>
                        <a href="#" class="method navigator-link" panel-name="suite-MybankTestSuite" title="mybank.testcases.DDUserLoginPageTest" hash-for-method="userLoginTestWithcorrectData(bhai@gmail.com, 1234)">userLoginTestWithcorrectData(bhai@gmail.com, 1234)</a> <!-- method navigator-link -->
                      </span>
                      <br/>
                      <span>
                        <img width="3%" src="passed.png"/>
                        <a href="#" class="method navigator-link" panel-name="suite-MybankTestSuite" title="mybank.testcases.DDUserLoginPageTest" hash-for-method="userLoginTestWithcorrectData(apurba@gmail.com, 1234)">userLoginTestWithcorrectData(apurba@gmail.com, 1234)</a> <!-- method navigator-link -->
                      </span>
                      <br/>
                    </div> <!-- method-list-content passed suite-MybankTestSuite -->
                  </li>
                </ul>
              </div> <!-- suite-section-content -->
            </div> <!-- result-section -->
          </div> <!-- navigator-suite-content -->
        </div> <!-- rounded-window -->
      </div> <!-- suite -->
    </div> <!-- navigator-root -->
    <div class="wrapper">
      <div class="main-panel-root">
        <div panel-name="suite-MybankTestSuite" class="panel MybankTestSuite">
          <div class="suite-MybankTestSuite-class-failed">
            <div class="main-panel-header rounded-window-top">
              <img src="failed.png"/>
              <span class="class-name">mybank.testcases.PersonalDetailsPageTest</span>
            </div> <!-- main-panel-header rounded-window-top -->
            <div class="main-panel-content rounded-window-bottom">
              <div class="method">
                <div class="method-content">
                  <a name="personalDetailsTest">
                  </a> <!-- personalDetailsTest -->
                  <span class="method-name">personalDetailsTest</span>
                  <div class="stack-trace">java.lang.AssertionError: The following asserts failed:
	Account Number Matches !! expected [987654321312] but found [&quot;987654321312&quot;]
	at mybank.testcases.PersonalDetailsPageTest.personalDetailsTest(PersonalDetailsPageTest.java:79)
... Removed 30 stack frames
</div> <!-- stack-trace -->
                </div> <!-- method-content -->
              </div> <!-- method -->
            </div> <!-- main-panel-content rounded-window-bottom -->
          </div> <!-- suite-MybankTestSuite-class-failed -->
          <div class="suite-MybankTestSuite-class-failed">
            <div class="main-panel-header rounded-window-top">
              <img src="failed.png"/>
              <span class="class-name">mybank.testcases.DDUserLoginPageTest</span>
            </div> <!-- main-panel-header rounded-window-top -->
            <div class="main-panel-content rounded-window-bottom">
              <div class="method">
                <div class="method-content">
                  <a name="userLoginTestSensitive(csGHayan@gmail.com, 1234)">
                  </a> <!-- userLoginTestSensitive(csGHayan@gmail.com, 1234) -->
                  <span class="method-name">userLoginTestSensitive</span>
                  <span class="parameters">(csGHayan@gmail.com, 1234)</span>
                  <div class="stack-trace">java.lang.AssertionError: expected [true] but found [false]
	at mybank.testcases.DDUserLoginPageTest.userLoginTestSensitive(DDUserLoginPageTest.java:125)
... Removed 33 stack frames
</div> <!-- stack-trace -->
                </div> <!-- method-content -->
              </div> <!-- method -->
              <div class="method">
                <div class="method-content">
                  <a name="userLoginTestSensitive(Gaa@gmail.com, 1234)">
                  </a> <!-- userLoginTestSensitive(Gaa@gmail.com, 1234) -->
                  <span class="method-name">userLoginTestSensitive</span>
                  <span class="parameters">(Gaa@gmail.com, 1234)</span>
                  <div class="stack-trace">java.lang.AssertionError: expected [true] but found [false]
	at mybank.testcases.DDUserLoginPageTest.userLoginTestSensitive(DDUserLoginPageTest.java:125)
... Removed 33 stack frames
</div> <!-- stack-trace -->
                </div> <!-- method-content -->
              </div> <!-- method -->
              <div class="method">
                <div class="method-content">
                  <a name="userLoginTestSensitive(JHon@gmail.com, pass)">
                  </a> <!-- userLoginTestSensitive(JHon@gmail.com, pass) -->
                  <span class="method-name">userLoginTestSensitive</span>
                  <span class="parameters">(JHon@gmail.com, pass)</span>
                  <div class="stack-trace">java.lang.AssertionError: expected [true] but found [false]
	at mybank.testcases.DDUserLoginPageTest.userLoginTestSensitive(DDUserLoginPageTest.java:125)
... Removed 33 stack frames
</div> <!-- stack-trace -->
                </div> <!-- method-content -->
              </div> <!-- method -->
              <div class="method">
                <div class="method-content">
                  <a name="userLoginTestSensitive(ABC@gmail.com, 1234)">
                  </a> <!-- userLoginTestSensitive(ABC@gmail.com, 1234) -->
                  <span class="method-name">userLoginTestSensitive</span>
                  <span class="parameters">(ABC@gmail.com, 1234)</span>
                  <div class="stack-trace">java.lang.AssertionError: expected [true] but found [false]
	at mybank.testcases.DDUserLoginPageTest.userLoginTestSensitive(DDUserLoginPageTest.java:125)
... Removed 33 stack frames
</div> <!-- stack-trace -->
                </div> <!-- method-content -->
              </div> <!-- method -->
              <div class="method">
                <div class="method-content">
                  <a name="userLoginTestSensitive(JUli@aa.com, 1234)">
                  </a> <!-- userLoginTestSensitive(JUli@aa.com, 1234) -->
                  <span class="method-name">userLoginTestSensitive</span>
                  <span class="parameters">(JUli@aa.com, 1234)</span>
                  <div class="stack-trace">java.lang.AssertionError: expected [true] but found [false]
	at mybank.testcases.DDUserLoginPageTest.userLoginTestSensitive(DDUserLoginPageTest.java:125)
... Removed 33 stack frames
</div> <!-- stack-trace -->
                </div> <!-- method-content -->
              </div> <!-- method -->
              <div class="method">
                <div class="method-content">
                  <a name="userLoginTestSensitive(Sayantan1999arka@gmail.com, aaaa)">
                  </a> <!-- userLoginTestSensitive(Sayantan1999arka@gmail.com, aaaa) -->
                  <span class="method-name">userLoginTestSensitive</span>
                  <span class="parameters">(Sayantan1999arka@gmail.com, aaaa)</span>
                  <div class="stack-trace">java.lang.AssertionError: expected [true] but found [false]
	at mybank.testcases.DDUserLoginPageTest.userLoginTestSensitive(DDUserLoginPageTest.java:125)
... Removed 33 stack frames
</div> <!-- stack-trace -->
                </div> <!-- method-content -->
              </div> <!-- method -->
              <div class="method">
                <div class="method-content">
                  <a name="userLoginTestSensitive(SHubhangi@gmail.com, 1234)">
                  </a> <!-- userLoginTestSensitive(SHubhangi@gmail.com, 1234) -->
                  <span class="method-name">userLoginTestSensitive</span>
                  <span class="parameters">(SHubhangi@gmail.com, 1234)</span>
                  <div class="stack-trace">java.lang.AssertionError: expected [true] but found [false]
	at mybank.testcases.DDUserLoginPageTest.userLoginTestSensitive(DDUserLoginPageTest.java:125)
... Removed 33 stack frames
</div> <!-- stack-trace -->
                </div> <!-- method-content -->
              </div> <!-- method -->
              <div class="method">
                <div class="method-content">
                  <a name="userLoginTestWithcWrongData(seema@gmail.com, 1234)">
                  </a> <!-- userLoginTestWithcWrongData(seema@gmail.com, 1234) -->
                  <span class="method-name">userLoginTestWithcWrongData</span>
                  <span class="parameters">(seema@gmail.com, 1234)</span>
                  <div class="stack-trace">java.lang.AssertionError: expected [true] but found [false]
	at mybank.testcases.DDUserLoginPageTest.userLoginTestWithcWrongData(DDUserLoginPageTest.java:74)
... Removed 33 stack frames
</div> <!-- stack-trace -->
                </div> <!-- method-content -->
              </div> <!-- method -->
              <div class="method">
                <div class="method-content">
                  <a name="userLoginTestWithcWrongData(sachin@mail.com, 1234)">
                  </a> <!-- userLoginTestWithcWrongData(sachin@mail.com, 1234) -->
                  <span class="method-name">userLoginTestWithcWrongData</span>
                  <span class="parameters">(sachin@mail.com, 1234)</span>
                  <div class="stack-trace">java.lang.AssertionError: expected [true] but found [false]
	at mybank.testcases.DDUserLoginPageTest.userLoginTestWithcWrongData(DDUserLoginPageTest.java:74)
... Removed 33 stack frames
</div> <!-- stack-trace -->
                </div> <!-- method-content -->
              </div> <!-- method -->
              <div class="method">
                <div class="method-content">
                  <a name="userLoginTestWithcWrongData(kunal@gmail.com, pas123)">
                  </a> <!-- userLoginTestWithcWrongData(kunal@gmail.com, pas123) -->
                  <span class="method-name">userLoginTestWithcWrongData</span>
                  <span class="parameters">(kunal@gmail.com, pas123)</span>
                  <div class="stack-trace">java.lang.AssertionError: expected [true] but found [false]
	at mybank.testcases.DDUserLoginPageTest.userLoginTestWithcWrongData(DDUserLoginPageTest.java:74)
... Removed 33 stack frames
</div> <!-- stack-trace -->
                </div> <!-- method-content -->
              </div> <!-- method -->
              <div class="method">
                <div class="method-content">
                  <a name="userLoginTestWithcWrongData(sakshi@reddif.com, 23123)">
                  </a> <!-- userLoginTestWithcWrongData(sakshi@reddif.com, 23123) -->
                  <span class="method-name">userLoginTestWithcWrongData</span>
                  <span class="parameters">(sakshi@reddif.com, 23123)</span>
                  <div class="stack-trace">java.lang.AssertionError: expected [true] but found [false]
	at mybank.testcases.DDUserLoginPageTest.userLoginTestWithcWrongData(DDUserLoginPageTest.java:74)
... Removed 33 stack frames
</div> <!-- stack-trace -->
                </div> <!-- method-content -->
              </div> <!-- method -->
              <div class="method">
                <div class="method-content">
                  <a name="userLoginTestWithcWrongData(Amit@gmail.com, pass)">
                  </a> <!-- userLoginTestWithcWrongData(Amit@gmail.com, pass) -->
                  <span class="method-name">userLoginTestWithcWrongData</span>
                  <span class="parameters">(Amit@gmail.com, pass)</span>
                  <div class="stack-trace">java.lang.AssertionError: expected [true] but found [false]
	at mybank.testcases.DDUserLoginPageTest.userLoginTestWithcWrongData(DDUserLoginPageTest.java:74)
... Removed 33 stack frames
</div> <!-- stack-trace -->
                </div> <!-- method-content -->
              </div> <!-- method -->
              <div class="method">
                <div class="method-content">
                  <a name="userLoginTestWithcWrongData(yash3344@gmail.com, pass334)">
                  </a> <!-- userLoginTestWithcWrongData(yash3344@gmail.com, pass334) -->
                  <span class="method-name">userLoginTestWithcWrongData</span>
                  <span class="parameters">(yash3344@gmail.com, pass334)</span>
                  <div class="stack-trace">java.lang.AssertionError: expected [true] but found [false]
	at mybank.testcases.DDUserLoginPageTest.userLoginTestWithcWrongData(DDUserLoginPageTest.java:74)
... Removed 33 stack frames
</div> <!-- stack-trace -->
                </div> <!-- method-content -->
              </div> <!-- method -->
              <div class="method">
                <div class="method-content">
                  <a name="userLoginTestWithcWrongData(ankit@33.com, 1234)">
                  </a> <!-- userLoginTestWithcWrongData(ankit@33.com, 1234) -->
                  <span class="method-name">userLoginTestWithcWrongData</span>
                  <span class="parameters">(ankit@33.com, 1234)</span>
                  <div class="stack-trace">java.lang.AssertionError: expected [true] but found [false]
	at mybank.testcases.DDUserLoginPageTest.userLoginTestWithcWrongData(DDUserLoginPageTest.java:74)
... Removed 33 stack frames
</div> <!-- stack-trace -->
                </div> <!-- method-content -->
              </div> <!-- method -->
              <div class="method">
                <div class="method-content">
                  <a name="userLoginTestWithcWrongEmail(shayandff90@gmail.com, 1234)">
                  </a> <!-- userLoginTestWithcWrongEmail(shayandff90@gmail.com, 1234) -->
                  <span class="method-name">userLoginTestWithcWrongEmail</span>
                  <span class="parameters">(shayandff90@gmail.com, 1234)</span>
                  <div class="stack-trace">java.lang.AssertionError: expected [true] but found [false]
	at mybank.testcases.DDUserLoginPageTest.userLoginTestWithcWrongEmail(DDUserLoginPageTest.java:91)
... Removed 33 stack frames
</div> <!-- stack-trace -->
                </div> <!-- method-content -->
              </div> <!-- method -->
              <div class="method">
                <div class="method-content">
                  <a name="userLoginTestWithcWrongEmail(gaaaaa@gmail.com, 1234)">
                  </a> <!-- userLoginTestWithcWrongEmail(gaaaaa@gmail.com, 1234) -->
                  <span class="method-name">userLoginTestWithcWrongEmail</span>
                  <span class="parameters">(gaaaaa@gmail.com, 1234)</span>
                  <div class="stack-trace">java.lang.AssertionError: expected [true] but found [false]
	at mybank.testcases.DDUserLoginPageTest.userLoginTestWithcWrongEmail(DDUserLoginPageTest.java:91)
... Removed 33 stack frames
</div> <!-- stack-trace -->
                </div> <!-- method-content -->
              </div> <!-- method -->
              <div class="method">
                <div class="method-content">
                  <a name="userLoginTestWithcWrongEmail(Jhon@vmail.com, pass)">
                  </a> <!-- userLoginTestWithcWrongEmail(Jhon@vmail.com, pass) -->
                  <span class="method-name">userLoginTestWithcWrongEmail</span>
                  <span class="parameters">(Jhon@vmail.com, pass)</span>
                  <div class="stack-trace">java.lang.AssertionError: expected [true] but found [false]
	at mybank.testcases.DDUserLoginPageTest.userLoginTestWithcWrongEmail(DDUserLoginPageTest.java:91)
... Removed 33 stack frames
</div> <!-- stack-trace -->
                </div> <!-- method-content -->
              </div> <!-- method -->
              <div class="method">
                <div class="method-content">
                  <a name="userLoginTestWithcWrongEmail(cyan@gmail.com, 1234)">
                  </a> <!-- userLoginTestWithcWrongEmail(cyan@gmail.com, 1234) -->
                  <span class="method-name">userLoginTestWithcWrongEmail</span>
                  <span class="parameters">(cyan@gmail.com, 1234)</span>
                  <div class="stack-trace">java.lang.AssertionError: expected [true] but found [false]
	at mybank.testcases.DDUserLoginPageTest.userLoginTestWithcWrongEmail(DDUserLoginPageTest.java:91)
... Removed 33 stack frames
</div> <!-- stack-trace -->
                </div> <!-- method-content -->
              </div> <!-- method -->
              <div class="method">
                <div class="method-content">
                  <a name="userLoginTestWithcWrongEmail(juli@haaa.com, 1234)">
                  </a> <!-- userLoginTestWithcWrongEmail(juli@haaa.com, 1234) -->
                  <span class="method-name">userLoginTestWithcWrongEmail</span>
                  <span class="parameters">(juli@haaa.com, 1234)</span>
                  <div class="stack-trace">java.lang.AssertionError: expected [true] but found [false]
	at mybank.testcases.DDUserLoginPageTest.userLoginTestWithcWrongEmail(DDUserLoginPageTest.java:91)
... Removed 33 stack frames
</div> <!-- stack-trace -->
                </div> <!-- method-content -->
              </div> <!-- method -->
              <div class="method">
                <div class="method-content">
                  <a name="userLoginTestWithcWrongEmail(abc@ghmmail.com, 1234)">
                  </a> <!-- userLoginTestWithcWrongEmail(abc@ghmmail.com, 1234) -->
                  <span class="method-name">userLoginTestWithcWrongEmail</span>
                  <span class="parameters">(abc@ghmmail.com, 1234)</span>
                  <div class="stack-trace">java.lang.AssertionError: expected [true] but found [false]
	at mybank.testcases.DDUserLoginPageTest.userLoginTestWithcWrongEmail(DDUserLoginPageTest.java:91)
... Removed 33 stack frames
</div> <!-- stack-trace -->
                </div> <!-- method-content -->
              </div> <!-- method -->
              <div class="method">
                <div class="method-content">
                  <a name="userLoginTestWithcWrongEmail(shubhanYasgi@gmail.com, 1234)">
                  </a> <!-- userLoginTestWithcWrongEmail(shubhanYasgi@gmail.com, 1234) -->
                  <span class="method-name">userLoginTestWithcWrongEmail</span>
                  <span class="parameters">(shubhanYasgi@gmail.com, 1234)</span>
                  <div class="stack-trace">java.lang.AssertionError: expected [true] but found [false]
	at mybank.testcases.DDUserLoginPageTest.userLoginTestWithcWrongEmail(DDUserLoginPageTest.java:91)
... Removed 33 stack frames
</div> <!-- stack-trace -->
                </div> <!-- method-content -->
              </div> <!-- method -->
              <div class="method">
                <div class="method-content">
                  <a name="userLoginTestWithcWrongEmail(sayantaaan1999arka@gmail.com, aaaa)">
                  </a> <!-- userLoginTestWithcWrongEmail(sayantaaan1999arka@gmail.com, aaaa) -->
                  <span class="method-name">userLoginTestWithcWrongEmail</span>
                  <span class="parameters">(sayantaaan1999arka@gmail.com, aaaa)</span>
                  <div class="stack-trace">java.lang.AssertionError: expected [true] but found [false]
	at mybank.testcases.DDUserLoginPageTest.userLoginTestWithcWrongEmail(DDUserLoginPageTest.java:91)
... Removed 33 stack frames
</div> <!-- stack-trace -->
                </div> <!-- method-content -->
              </div> <!-- method -->
              <div class="method">
                <div class="method-content">
                  <a name="userLoginTestWithcWrongPass(juli@aa.com, root)">
                  </a> <!-- userLoginTestWithcWrongPass(juli@aa.com, root) -->
                  <span class="method-name">userLoginTestWithcWrongPass</span>
                  <span class="parameters">(juli@aa.com, root)</span>
                  <div class="stack-trace">java.lang.AssertionError: expected [true] but found [false]
	at mybank.testcases.DDUserLoginPageTest.userLoginTestWithcWrongPass(DDUserLoginPageTest.java:108)
... Removed 33 stack frames
</div> <!-- stack-trace -->
                </div> <!-- method-content -->
              </div> <!-- method -->
              <div class="method">
                <div class="method-content">
                  <a name="userLoginTestWithcWrongPass(shubhangi@gmail.com, p55word)">
                  </a> <!-- userLoginTestWithcWrongPass(shubhangi@gmail.com, p55word) -->
                  <span class="method-name">userLoginTestWithcWrongPass</span>
                  <span class="parameters">(shubhangi@gmail.com, p55word)</span>
                  <div class="stack-trace">java.lang.AssertionError: expected [true] but found [false]
	at mybank.testcases.DDUserLoginPageTest.userLoginTestWithcWrongPass(DDUserLoginPageTest.java:108)
... Removed 33 stack frames
</div> <!-- stack-trace -->
                </div> <!-- method-content -->
              </div> <!-- method -->
              <div class="method">
                <div class="method-content">
                  <a name="userLoginTestWithcWrongPass(sayantan1999arka@gmail.com, bbbb)">
                  </a> <!-- userLoginTestWithcWrongPass(sayantan1999arka@gmail.com, bbbb) -->
                  <span class="method-name">userLoginTestWithcWrongPass</span>
                  <span class="parameters">(sayantan1999arka@gmail.com, bbbb)</span>
                  <div class="stack-trace">java.lang.AssertionError: expected [true] but found [false]
	at mybank.testcases.DDUserLoginPageTest.userLoginTestWithcWrongPass(DDUserLoginPageTest.java:108)
... Removed 33 stack frames
</div> <!-- stack-trace -->
                </div> <!-- method-content -->
              </div> <!-- method -->
              <div class="method">
                <div class="method-content">
                  <a name="userLoginTestWithcWrongPass(Jhon@gmail.com, p123s)">
                  </a> <!-- userLoginTestWithcWrongPass(Jhon@gmail.com, p123s) -->
                  <span class="method-name">userLoginTestWithcWrongPass</span>
                  <span class="parameters">(Jhon@gmail.com, p123s)</span>
                  <div class="stack-trace">java.lang.AssertionError: expected [true] but found [false]
	at mybank.testcases.DDUserLoginPageTest.userLoginTestWithcWrongPass(DDUserLoginPageTest.java:108)
... Removed 33 stack frames
</div> <!-- stack-trace -->
                </div> <!-- method-content -->
              </div> <!-- method -->
              <div class="method">
                <div class="method-content">
                  <a name="userLoginTestWithcWrongPass(abc@gmail.com, sapp)">
                  </a> <!-- userLoginTestWithcWrongPass(abc@gmail.com, sapp) -->
                  <span class="method-name">userLoginTestWithcWrongPass</span>
                  <span class="parameters">(abc@gmail.com, sapp)</span>
                  <div class="stack-trace">java.lang.AssertionError: expected [true] but found [false]
	at mybank.testcases.DDUserLoginPageTest.userLoginTestWithcWrongPass(DDUserLoginPageTest.java:108)
... Removed 33 stack frames
</div> <!-- stack-trace -->
                </div> <!-- method-content -->
              </div> <!-- method -->
              <div class="method">
                <div class="method-content">
                  <a name="userLoginTestWithcWrongPass(cshayan@gmail.com,  )">
                  </a> <!-- userLoginTestWithcWrongPass(cshayan@gmail.com,  ) -->
                  <span class="method-name">userLoginTestWithcWrongPass</span>
                  <span class="parameters">(cshayan@gmail.com,  )</span>
                  <div class="stack-trace">java.lang.AssertionError: expected [true] but found [false]
	at mybank.testcases.DDUserLoginPageTest.userLoginTestWithcWrongPass(DDUserLoginPageTest.java:108)
... Removed 33 stack frames
</div> <!-- stack-trace -->
                </div> <!-- method-content -->
              </div> <!-- method -->
              <div class="method">
                <div class="method-content">
                  <a name="userLoginTestWithcWrongPass(gaa@gmail.com, yash123)">
                  </a> <!-- userLoginTestWithcWrongPass(gaa@gmail.com, yash123) -->
                  <span class="method-name">userLoginTestWithcWrongPass</span>
                  <span class="parameters">(gaa@gmail.com, yash123)</span>
                  <div class="stack-trace">java.lang.AssertionError: expected [true] but found [false]
	at mybank.testcases.DDUserLoginPageTest.userLoginTestWithcWrongPass(DDUserLoginPageTest.java:108)
... Removed 33 stack frames
</div> <!-- stack-trace -->
                </div> <!-- method-content -->
              </div> <!-- method -->
              <div class="method">
                <div class="method-content">
                  <a name="userLoginTestWithcWrongPass(shayan90@gmail.com, none12)">
                  </a> <!-- userLoginTestWithcWrongPass(shayan90@gmail.com, none12) -->
                  <span class="method-name">userLoginTestWithcWrongPass</span>
                  <span class="parameters">(shayan90@gmail.com, none12)</span>
                  <div class="stack-trace">java.lang.AssertionError: expected [true] but found [false]
	at mybank.testcases.DDUserLoginPageTest.userLoginTestWithcWrongPass(DDUserLoginPageTest.java:108)
... Removed 33 stack frames
</div> <!-- stack-trace -->
                </div> <!-- method-content -->
              </div> <!-- method -->
              <div class="method">
                <div class="method-content">
                  <a name="userLoginTestWithcorrectData(, )">
                  </a> <!-- userLoginTestWithcorrectData(, ) -->
                  <span class="method-name">userLoginTestWithcorrectData</span>
                  <span class="parameters">(, )</span>
                  <div class="stack-trace">java.lang.AssertionError: expected [true] but found [false]
	at mybank.testcases.DDUserLoginPageTest.userLoginTestWithcorrectData(DDUserLoginPageTest.java:57)
... Removed 33 stack frames
</div> <!-- stack-trace -->
                </div> <!-- method-content -->
              </div> <!-- method -->
              <div class="method">
                <div class="method-content">
                  <a name="userLoginTestWithcorrectData(mayur@gmail.com, 1234)">
                  </a> <!-- userLoginTestWithcorrectData(mayur@gmail.com, 1234) -->
                  <span class="method-name">userLoginTestWithcorrectData</span>
                  <span class="parameters">(mayur@gmail.com, 1234)</span>
                  <div class="stack-trace">java.lang.AssertionError: expected [true] but found [false]
	at mybank.testcases.DDUserLoginPageTest.userLoginTestWithcorrectData(DDUserLoginPageTest.java:57)
... Removed 33 stack frames
</div> <!-- stack-trace -->
                </div> <!-- method-content -->
              </div> <!-- method -->
              <div class="method">
                <div class="method-content">
                  <a name="userLoginTestWithcorrectData(, )">
                  </a> <!-- userLoginTestWithcorrectData(, ) -->
                  <span class="method-name">userLoginTestWithcorrectData</span>
                  <span class="parameters">(, )</span>
                  <div class="stack-trace">java.lang.AssertionError: expected [true] but found [false]
	at mybank.testcases.DDUserLoginPageTest.userLoginTestWithcorrectData(DDUserLoginPageTest.java:57)
... Removed 33 stack frames
</div> <!-- stack-trace -->
                </div> <!-- method-content -->
              </div> <!-- method -->
            </div> <!-- main-panel-content rounded-window-bottom -->
          </div> <!-- suite-MybankTestSuite-class-failed -->
          <div class="suite-MybankTestSuite-class-failed">
            <div class="main-panel-header rounded-window-top">
              <img src="failed.png"/>
              <span class="class-name">mybank.testcases.WithdrawMoneyPageTest</span>
            </div> <!-- main-panel-header rounded-window-top -->
            <div class="main-panel-content rounded-window-bottom">
              <div class="method">
                <div class="method-content">
                  <a name="Test3">
                  </a> <!-- Test3 -->
                  <span class="method-name">Test3</span>
                  <div class="stack-trace">java.lang.AssertionError: expected [true] but found [false]
	at mybank.testcases.WithdrawMoneyPageTest.Test3(WithdrawMoneyPageTest.java:181)
... Removed 33 stack frames
</div> <!-- stack-trace -->
                </div> <!-- method-content -->
              </div> <!-- method -->
              <div class="method">
                <div class="method-content">
                  <a name="Test4">
                  </a> <!-- Test4 -->
                  <span class="method-name">Test4</span>
                  <div class="stack-trace">java.lang.AssertionError: expected [true] but found [false]
	at mybank.testcases.WithdrawMoneyPageTest.Test4(WithdrawMoneyPageTest.java:219)
... Removed 33 stack frames
</div> <!-- stack-trace -->
                </div> <!-- method-content -->
              </div> <!-- method -->
            </div> <!-- main-panel-content rounded-window-bottom -->
          </div> <!-- suite-MybankTestSuite-class-failed -->
          <div class="suite-MybankTestSuite-class-failed">
            <div class="main-panel-header rounded-window-top">
              <img src="failed.png"/>
              <span class="class-name">mybank.testcases.SignUpPageValidationTest</span>
            </div> <!-- main-panel-header rounded-window-top -->
            <div class="main-panel-content rounded-window-bottom">
              <div class="method">
                <div class="method-content">
                  <a name="SignUpWithInvalidEmailId">
                  </a> <!-- SignUpWithInvalidEmailId -->
                  <span class="method-name">SignUpWithInvalidEmailId</span>
                  <div class="stack-trace">org.openqa.selenium.NoAlertPresentException: no such alert
  (Session info: chrome=96.0.4664.110)
Build info: version: &apos;4.0.0&apos;, revision: &apos;3a21814679&apos;
System info: host: &apos;NGL001340&apos;, ip: &apos;192.168.0.106&apos;, os.name: &apos;Windows 10&apos;, os.arch: &apos;amd64&apos;, os.version: &apos;10.0&apos;, java.version: &apos;1.8.0_92&apos;
Driver info: org.openqa.selenium.chrome.ChromeDriver
Command: [d2e32ba35f1edae85abd93238a608952, getAlertText {}]
Capabilities {acceptInsecureCerts: false, browserName: chrome, browserVersion: 96.0.4664.110, chrome: {chromedriverVersion: 96.0.4664.45 (76e4c1bb2ab46..., userDataDir: C:\Users\YASH_S~1\AppData\L...}, goog:chromeOptions: {debuggerAddress: localhost:50234}, javascriptEnabled: true, networkConnectionEnabled: false, pageLoadStrategy: normal, platform: WINDOWS, platformName: WINDOWS, proxy: Proxy(), se:cdp: ws://localhost:50234/devtoo..., se:cdpVersion: 96.0.4664.110, setWindowRect: true, strictFileInteractability: false, timeouts: {implicit: 0, pageLoad: 300000, script: 30000}, unhandledPromptBehavior: dismiss and notify, webauthn:extension:credBlob: true, webauthn:extension:largeBlob: true, webauthn:virtualAuthenticators: true}
Session ID: d2e32ba35f1edae85abd93238a608952
	at org.openqa.selenium.remote.codec.w3c.W3CHttpResponseCodec.createException(W3CHttpResponseCodec.java:200)
	at org.openqa.selenium.remote.codec.w3c.W3CHttpResponseCodec.decode(W3CHttpResponseCodec.java:133)
	at org.openqa.selenium.remote.codec.w3c.W3CHttpResponseCodec.decode(W3CHttpResponseCodec.java:53)
	at org.openqa.selenium.remote.HttpCommandExecutor.execute(HttpCommandExecutor.java:184)
	at org.openqa.selenium.remote.service.DriverCommandExecutor.invokeExecute(DriverCommandExecutor.java:164)
	at org.openqa.selenium.remote.service.DriverCommandExecutor.execute(DriverCommandExecutor.java:139)
	at org.openqa.selenium.remote.RemoteWebDriver.execute(RemoteWebDriver.java:559)
	at org.openqa.selenium.remote.RemoteWebDriver.execute(RemoteWebDriver.java:614)
	at org.openqa.selenium.remote.RemoteWebDriver.execute(RemoteWebDriver.java:618)
	at org.openqa.selenium.remote.RemoteWebDriver$RemoteTargetLocator.alert(RemoteWebDriver.java:1054)
	at mybank.testcases.SignUpPageValidationTest.SignUpWithInvalidEmailId(SignUpPageValidationTest.java:73)
... Removed 33 stack frames
</div> <!-- stack-trace -->
                </div> <!-- method-content -->
              </div> <!-- method -->
            </div> <!-- main-panel-content rounded-window-bottom -->
          </div> <!-- suite-MybankTestSuite-class-failed -->
          <div class="suite-MybankTestSuite-class-failed">
            <div class="main-panel-header rounded-window-top">
              <img src="failed.png"/>
              <span class="class-name">mybank.testcases.TransactionRecordPageTest</span>
            </div> <!-- main-panel-header rounded-window-top -->
            <div class="main-panel-content rounded-window-bottom">
              <div class="method">
                <div class="method-content">
                  <a name="TransactionRecordTest">
                  </a> <!-- TransactionRecordTest -->
                  <span class="method-name">TransactionRecordTest</span>
                  <div class="stack-trace">java.lang.AssertionError: The following asserts failed:
	expected [true] but found [false],
	Account Number Matches !! expected [987654321312] but found [&quot;987654321312&quot;]
	at mybank.testcases.TransactionRecordPageTest.TransactionRecordTest(TransactionRecordPageTest.java:84)
... Removed 30 stack frames
</div> <!-- stack-trace -->
                </div> <!-- method-content -->
              </div> <!-- method -->
            </div> <!-- main-panel-content rounded-window-bottom -->
          </div> <!-- suite-MybankTestSuite-class-failed -->
          <div class="suite-MybankTestSuite-class-passed">
            <div class="main-panel-header rounded-window-top">
              <img src="passed.png"/>
              <span class="class-name">mybank.testcases.AddMoneyPageTest</span>
            </div> <!-- main-panel-header rounded-window-top -->
            <div class="main-panel-content rounded-window-bottom">
              <div class="method">
                <div class="method-content">
                  <a name="addMoneyPageAvabilityTest(abc@gmail.com, 1234)">
                  </a> <!-- addMoneyPageAvabilityTest(abc@gmail.com, 1234) -->
                  <span class="method-name">addMoneyPageAvabilityTest</span>
                  <span class="parameters">(abc@gmail.com, 1234)</span>
                </div> <!-- method-content -->
              </div> <!-- method -->
              <div class="method">
                <div class="method-content">
                  <a name="test2(abc@gmail.com, 1234)">
                  </a> <!-- test2(abc@gmail.com, 1234) -->
                  <span class="method-name">test2</span>
                  <span class="parameters">(abc@gmail.com, 1234)</span>
                </div> <!-- method-content -->
              </div> <!-- method -->
              <div class="method">
                <div class="method-content">
                  <a name="test3(abc@gmail.com, 1234)">
                  </a> <!-- test3(abc@gmail.com, 1234) -->
                  <span class="method-name">test3</span>
                  <span class="parameters">(abc@gmail.com, 1234)</span>
                </div> <!-- method-content -->
              </div> <!-- method -->
              <div class="method">
                <div class="method-content">
                  <a name="test4(abc@gmail.com, 1234)">
                  </a> <!-- test4(abc@gmail.com, 1234) -->
                  <span class="method-name">test4</span>
                  <span class="parameters">(abc@gmail.com, 1234)</span>
                </div> <!-- method-content -->
              </div> <!-- method -->
            </div> <!-- main-panel-content rounded-window-bottom -->
          </div> <!-- suite-MybankTestSuite-class-passed -->
          <div class="suite-MybankTestSuite-class-passed">
            <div class="main-panel-header rounded-window-top">
              <img src="passed.png"/>
              <span class="class-name">mybank.testcases.AdminRegisteredUsersPageTest</span>
            </div> <!-- main-panel-header rounded-window-top -->
            <div class="main-panel-content rounded-window-bottom">
              <div class="method">
                <div class="method-content">
                  <a name="registeredUserPageAvabilityTest(admin@gmail.com, admin123)">
                  </a> <!-- registeredUserPageAvabilityTest(admin@gmail.com, admin123) -->
                  <span class="method-name">registeredUserPageAvabilityTest</span>
                  <span class="parameters">(admin@gmail.com, admin123)</span>
                </div> <!-- method-content -->
              </div> <!-- method -->
            </div> <!-- main-panel-content rounded-window-bottom -->
          </div> <!-- suite-MybankTestSuite-class-passed -->
          <div class="suite-MybankTestSuite-class-passed">
            <div class="main-panel-header rounded-window-top">
              <img src="passed.png"/>
              <span class="class-name">mybank.testcases.HomePageTest</span>
            </div> <!-- main-panel-header rounded-window-top -->
            <div class="main-panel-content rounded-window-bottom">
              <div class="method">
                <div class="method-content">
                  <a name="LoginTest">
                  </a> <!-- LoginTest -->
                  <span class="method-name">LoginTest</span>
                </div> <!-- method-content -->
              </div> <!-- method -->
              <div class="method">
                <div class="method-content">
                  <a name="aboutFAQsClickTest">
                  </a> <!-- aboutFAQsClickTest -->
                  <span class="method-name">aboutFAQsClickTest</span>
                </div> <!-- method-content -->
              </div> <!-- method -->
              <div class="method">
                <div class="method-content">
                  <a name="adminLoginClickTest">
                  </a> <!-- adminLoginClickTest -->
                  <span class="method-name">adminLoginClickTest</span>
                </div> <!-- method-content -->
              </div> <!-- method -->
              <div class="method">
                <div class="method-content">
                  <a name="contactUsClickTest">
                  </a> <!-- contactUsClickTest -->
                  <span class="method-name">contactUsClickTest</span>
                </div> <!-- method-content -->
              </div> <!-- method -->
              <div class="method">
                <div class="method-content">
                  <a name="contactUsTest">
                  </a> <!-- contactUsTest -->
                  <span class="method-name">contactUsTest</span>
                </div> <!-- method-content -->
              </div> <!-- method -->
              <div class="method">
                <div class="method-content">
                  <a name="featuresClickTest">
                  </a> <!-- featuresClickTest -->
                  <span class="method-name">featuresClickTest</span>
                </div> <!-- method-content -->
              </div> <!-- method -->
              <div class="method">
                <div class="method-content">
                  <a name="homeClickTest">
                  </a> <!-- homeClickTest -->
                  <span class="method-name">homeClickTest</span>
                </div> <!-- method-content -->
              </div> <!-- method -->
              <div class="method">
                <div class="method-content">
                  <a name="loginClickTest">
                  </a> <!-- loginClickTest -->
                  <span class="method-name">loginClickTest</span>
                </div> <!-- method-content -->
              </div> <!-- method -->
              <div class="method">
                <div class="method-content">
                  <a name="mybankLogoClickTest">
                  </a> <!-- mybankLogoClickTest -->
                  <span class="method-name">mybankLogoClickTest</span>
                </div> <!-- method-content -->
              </div> <!-- method -->
              <div class="method">
                <div class="method-content">
                  <a name="redirectFacebook">
                  </a> <!-- redirectFacebook -->
                  <span class="method-name">redirectFacebook</span>
                </div> <!-- method-content -->
              </div> <!-- method -->
              <div class="method">
                <div class="method-content">
                  <a name="redirectGoogle">
                  </a> <!-- redirectGoogle -->
                  <span class="method-name">redirectGoogle</span>
                </div> <!-- method-content -->
              </div> <!-- method -->
              <div class="method">
                <div class="method-content">
                  <a name="redirectInstagram">
                  </a> <!-- redirectInstagram -->
                  <span class="method-name">redirectInstagram</span>
                </div> <!-- method-content -->
              </div> <!-- method -->
              <div class="method">
                <div class="method-content">
                  <a name="redirectLinkedIn">
                  </a> <!-- redirectLinkedIn -->
                  <span class="method-name">redirectLinkedIn</span>
                </div> <!-- method-content -->
              </div> <!-- method -->
              <div class="method">
                <div class="method-content">
                  <a name="redirectSafetyTips">
                  </a> <!-- redirectSafetyTips -->
                  <span class="method-name">redirectSafetyTips</span>
                </div> <!-- method-content -->
              </div> <!-- method -->
              <div class="method">
                <div class="method-content">
                  <a name="redirectTwitter">
                  </a> <!-- redirectTwitter -->
                  <span class="method-name">redirectTwitter</span>
                </div> <!-- method-content -->
              </div> <!-- method -->
              <div class="method">
                <div class="method-content">
                  <a name="redirectYoutube">
                  </a> <!-- redirectYoutube -->
                  <span class="method-name">redirectYoutube</span>
                </div> <!-- method-content -->
              </div> <!-- method -->
              <div class="method">
                <div class="method-content">
                  <a name="safetyBankingTipsClickTest">
                  </a> <!-- safetyBankingTipsClickTest -->
                  <span class="method-name">safetyBankingTipsClickTest</span>
                </div> <!-- method-content -->
              </div> <!-- method -->
              <div class="method">
                <div class="method-content">
                  <a name="signUpClickTest">
                  </a> <!-- signUpClickTest -->
                  <span class="method-name">signUpClickTest</span>
                </div> <!-- method-content -->
              </div> <!-- method -->
            </div> <!-- main-panel-content rounded-window-bottom -->
          </div> <!-- suite-MybankTestSuite-class-passed -->
          <div class="suite-MybankTestSuite-class-passed">
            <div class="main-panel-header rounded-window-top">
              <img src="passed.png"/>
              <span class="class-name">mybank.testcases.AdminPageDDTest</span>
            </div> <!-- main-panel-header rounded-window-top -->
            <div class="main-panel-content rounded-window-bottom">
              <div class="method">
                <div class="method-content">
                  <a name="adminLoginTest(admin@gmail.com, admin123)">
                  </a> <!-- adminLoginTest(admin@gmail.com, admin123) -->
                  <span class="method-name">adminLoginTest</span>
                  <span class="parameters">(admin@gmail.com, admin123)</span>
                </div> <!-- method-content -->
              </div> <!-- method -->
            </div> <!-- main-panel-content rounded-window-bottom -->
          </div> <!-- suite-MybankTestSuite-class-passed -->
          <div class="suite-MybankTestSuite-class-passed">
            <div class="main-panel-header rounded-window-top">
              <img src="passed.png"/>
              <span class="class-name">mybank.testcases.DDUserLoginPageTest</span>
            </div> <!-- main-panel-header rounded-window-top -->
            <div class="main-panel-content rounded-window-bottom">
              <div class="method">
                <div class="method-content">
                  <a name="userLoginTestSensitive(shayan90@gmail.com, 1234)">
                  </a> <!-- userLoginTestSensitive(shayan90@gmail.com, 1234) -->
                  <span class="method-name">userLoginTestSensitive</span>
                  <span class="parameters">(shayan90@gmail.com, 1234)</span>
                </div> <!-- method-content -->
              </div> <!-- method -->
              <div class="method">
                <div class="method-content">
                  <a name="userLoginTestWithcorrectData(ashish@gmail.com, 1234)">
                  </a> <!-- userLoginTestWithcorrectData(ashish@gmail.com, 1234) -->
                  <span class="method-name">userLoginTestWithcorrectData</span>
                  <span class="parameters">(ashish@gmail.com, 1234)</span>
                </div> <!-- method-content -->
              </div> <!-- method -->
              <div class="method">
                <div class="method-content">
                  <a name="userLoginTestWithcorrectData(Ankita@gmail.com, 1234)">
                  </a> <!-- userLoginTestWithcorrectData(Ankita@gmail.com, 1234) -->
                  <span class="method-name">userLoginTestWithcorrectData</span>
                  <span class="parameters">(Ankita@gmail.com, 1234)</span>
                </div> <!-- method-content -->
              </div> <!-- method -->
              <div class="method">
                <div class="method-content">
                  <a name="userLoginTestWithcorrectData(shubhangi@gmail.com, 1234)">
                  </a> <!-- userLoginTestWithcorrectData(shubhangi@gmail.com, 1234) -->
                  <span class="method-name">userLoginTestWithcorrectData</span>
                  <span class="parameters">(shubhangi@gmail.com, 1234)</span>
                </div> <!-- method-content -->
              </div> <!-- method -->
              <div class="method">
                <div class="method-content">
                  <a name="userLoginTestWithcorrectData(bhai@gmail.com, 1234)">
                  </a> <!-- userLoginTestWithcorrectData(bhai@gmail.com, 1234) -->
                  <span class="method-name">userLoginTestWithcorrectData</span>
                  <span class="parameters">(bhai@gmail.com, 1234)</span>
                </div> <!-- method-content -->
              </div> <!-- method -->
              <div class="method">
                <div class="method-content">
                  <a name="userLoginTestWithcorrectData(apurba@gmail.com, 1234)">
                  </a> <!-- userLoginTestWithcorrectData(apurba@gmail.com, 1234) -->
                  <span class="method-name">userLoginTestWithcorrectData</span>
                  <span class="parameters">(apurba@gmail.com, 1234)</span>
                </div> <!-- method-content -->
              </div> <!-- method -->
            </div> <!-- main-panel-content rounded-window-bottom -->
          </div> <!-- suite-MybankTestSuite-class-passed -->
          <div class="suite-MybankTestSuite-class-passed">
            <div class="main-panel-header rounded-window-top">
              <img src="passed.png"/>
              <span class="class-name">mybank.testcases.UserLoginPageTest</span>
            </div> <!-- main-panel-header rounded-window-top -->
            <div class="main-panel-content rounded-window-bottom">
              <div class="method">
                <div class="method-content">
                  <a name="LoginTest(abc@gmail.com, 1234)">
                  </a> <!-- LoginTest(abc@gmail.com, 1234) -->
                  <span class="method-name">LoginTest</span>
                  <span class="parameters">(abc@gmail.com, 1234)</span>
                </div> <!-- method-content -->
              </div> <!-- method -->
            </div> <!-- main-panel-content rounded-window-bottom -->
          </div> <!-- suite-MybankTestSuite-class-passed -->
          <div class="suite-MybankTestSuite-class-passed">
            <div class="main-panel-header rounded-window-top">
              <img src="passed.png"/>
              <span class="class-name">mybank.testcases.WithdrawMoneyPageTest</span>
            </div> <!-- main-panel-header rounded-window-top -->
            <div class="main-panel-content rounded-window-bottom">
              <div class="method">
                <div class="method-content">
                  <a name="Test2">
                  </a> <!-- Test2 -->
                  <span class="method-name">Test2</span>
                </div> <!-- method-content -->
              </div> <!-- method -->
              <div class="method">
                <div class="method-content">
                  <a name="Test5">
                  </a> <!-- Test5 -->
                  <span class="method-name">Test5</span>
                </div> <!-- method-content -->
              </div> <!-- method -->
              <div class="method">
                <div class="method-content">
                  <a name="requestAtmPageAvabilityTest(abc@gmail.com, 1234)">
                  </a> <!-- requestAtmPageAvabilityTest(abc@gmail.com, 1234) -->
                  <span class="method-name">requestAtmPageAvabilityTest</span>
                  <span class="parameters">(abc@gmail.com, 1234)</span>
                </div> <!-- method-content -->
              </div> <!-- method -->
            </div> <!-- main-panel-content rounded-window-bottom -->
          </div> <!-- suite-MybankTestSuite-class-passed -->
          <div class="suite-MybankTestSuite-class-passed">
            <div class="main-panel-header rounded-window-top">
              <img src="passed.png"/>
              <span class="class-name">mybank.testcases.ApproveMoneyToUserAccountPageTest</span>
            </div> <!-- main-panel-header rounded-window-top -->
            <div class="main-panel-content rounded-window-bottom">
              <div class="method">
                <div class="method-content">
                  <a name="approveMoneyToUserAccountPageAvabilityTest(admin@gmail.com, admin123)">
                  </a> <!-- approveMoneyToUserAccountPageAvabilityTest(admin@gmail.com, admin123) -->
                  <span class="method-name">approveMoneyToUserAccountPageAvabilityTest</span>
                  <span class="parameters">(admin@gmail.com, admin123)</span>
                </div> <!-- method-content -->
              </div> <!-- method -->
            </div> <!-- main-panel-content rounded-window-bottom -->
          </div> <!-- suite-MybankTestSuite-class-passed -->
          <div class="suite-MybankTestSuite-class-passed">
            <div class="main-panel-header rounded-window-top">
              <img src="passed.png"/>
              <span class="class-name">mybank.testcases.AdminAtmCardReqPageTest</span>
            </div> <!-- main-panel-header rounded-window-top -->
            <div class="main-panel-content rounded-window-bottom">
              <div class="method">
                <div class="method-content">
                  <a name="adminATMReqPageTest(admin@gmail.com, admin123)">
                  </a> <!-- adminATMReqPageTest(admin@gmail.com, admin123) -->
                  <span class="method-name">adminATMReqPageTest</span>
                  <span class="parameters">(admin@gmail.com, admin123)</span>
                </div> <!-- method-content -->
              </div> <!-- method -->
            </div> <!-- main-panel-content rounded-window-bottom -->
          </div> <!-- suite-MybankTestSuite-class-passed -->
          <div class="suite-MybankTestSuite-class-passed">
            <div class="main-panel-header rounded-window-top">
              <img src="passed.png"/>
              <span class="class-name">mybank.testcases.SignUpPageTest</span>
            </div> <!-- main-panel-header rounded-window-top -->
            <div class="main-panel-content rounded-window-bottom">
              <div class="method">
                <div class="method-content">
                  <a name="EnterData">
                  </a> <!-- EnterData -->
                  <span class="method-name">EnterData</span>
                </div> <!-- method-content -->
              </div> <!-- method -->
            </div> <!-- main-panel-content rounded-window-bottom -->
          </div> <!-- suite-MybankTestSuite-class-passed -->
          <div class="suite-MybankTestSuite-class-passed">
            <div class="main-panel-header rounded-window-top">
              <img src="passed.png"/>
              <span class="class-name">mybank.testcases.SignUpPageValidationTest</span>
            </div> <!-- main-panel-header rounded-window-top -->
            <div class="main-panel-content rounded-window-bottom">
              <div class="method">
                <div class="method-content">
                  <a name="signWithInvalidAccNumber">
                  </a> <!-- signWithInvalidAccNumber -->
                  <span class="method-name">signWithInvalidAccNumber</span>
                </div> <!-- method-content -->
              </div> <!-- method -->
            </div> <!-- main-panel-content rounded-window-bottom -->
          </div> <!-- suite-MybankTestSuite-class-passed -->
          <div class="suite-MybankTestSuite-class-passed">
            <div class="main-panel-header rounded-window-top">
              <img src="passed.png"/>
              <span class="class-name">mybank.testcases.RequestAtmPageTest</span>
            </div> <!-- main-panel-header rounded-window-top -->
            <div class="main-panel-content rounded-window-bottom">
              <div class="method">
                <div class="method-content">
                  <a name="requestAtmPageAvabilityTest(abc@gmail.com, 1234)">
                  </a> <!-- requestAtmPageAvabilityTest(abc@gmail.com, 1234) -->
                  <span class="method-name">requestAtmPageAvabilityTest</span>
                  <span class="parameters">(abc@gmail.com, 1234)</span>
                </div> <!-- method-content -->
              </div> <!-- method -->
            </div> <!-- main-panel-content rounded-window-bottom -->
          </div> <!-- suite-MybankTestSuite-class-passed -->
          <div class="suite-MybankTestSuite-class-passed">
            <div class="main-panel-header rounded-window-top">
              <img src="passed.png"/>
              <span class="class-name">mybank.testcases.ApproveWithdrawalOfMoneyPageTest</span>
            </div> <!-- main-panel-header rounded-window-top -->
            <div class="main-panel-content rounded-window-bottom">
              <div class="method">
                <div class="method-content">
                  <a name="approveWithdrawalOfMoneyPageAvabilityTest(admin@gmail.com, admin123)">
                  </a> <!-- approveWithdrawalOfMoneyPageAvabilityTest(admin@gmail.com, admin123) -->
                  <span class="method-name">approveWithdrawalOfMoneyPageAvabilityTest</span>
                  <span class="parameters">(admin@gmail.com, admin123)</span>
                </div> <!-- method-content -->
              </div> <!-- method -->
            </div> <!-- main-panel-content rounded-window-bottom -->
          </div> <!-- suite-MybankTestSuite-class-passed -->
          <div class="suite-MybankTestSuite-class-passed">
            <div class="main-panel-header rounded-window-top">
              <img src="passed.png"/>
              <span class="class-name">mybank.testcases.AddBeneficiaryPageTest</span>
            </div> <!-- main-panel-header rounded-window-top -->
            <div class="main-panel-content rounded-window-bottom">
              <div class="method">
                <div class="method-content">
                  <a name="addBeneficiaryTest(abc@gmail.com, 1234)">
                  </a> <!-- addBeneficiaryTest(abc@gmail.com, 1234) -->
                  <span class="method-name">addBeneficiaryTest</span>
                  <span class="parameters">(abc@gmail.com, 1234)</span>
                </div> <!-- method-content -->
              </div> <!-- method -->
              <div class="method">
                <div class="method-content">
                  <a name="invalidCredentialsTest(abc@gmail.com, 1234)">
                  </a> <!-- invalidCredentialsTest(abc@gmail.com, 1234) -->
                  <span class="method-name">invalidCredentialsTest</span>
                  <span class="parameters">(abc@gmail.com, 1234)</span>
                </div> <!-- method-content -->
              </div> <!-- method -->
            </div> <!-- main-panel-content rounded-window-bottom -->
          </div> <!-- suite-MybankTestSuite-class-passed -->
        </div> <!-- panel MybankTestSuite -->
        <div panel-name="test-xml-MybankTestSuite" class="panel">
          <div class="main-panel-header rounded-window-top">
            <span class="header-content">D:\workspace-MyBank\mybankTesting\testng.xml</span>
          </div> <!-- main-panel-header rounded-window-top -->
          <div class="main-panel-content rounded-window-bottom">
            <pre>
&lt;?xml version=&quot;1.0&quot; encoding=&quot;UTF-8&quot;?&gt;
&lt;!DOCTYPE suite SYSTEM &quot;http://testng.org/testng-1.0.dtd&quot;&gt;
&lt;suite guice-stage=&quot;DEVELOPMENT&quot; verbose=&quot;0&quot; name=&quot;MybankTestSuite&quot;&gt;
  &lt;test thread-count=&quot;5&quot; verbose=&quot;0&quot; name=&quot;UserLoginPageTest&quot;&gt;
    &lt;classes&gt;
      &lt;class name=&quot;mybank.testcases.UserLoginPageTest&quot;/&gt;
    &lt;/classes&gt;
  &lt;/test&gt; &lt;!-- UserLoginPageTest --&gt;
  &lt;test thread-count=&quot;5&quot; verbose=&quot;0&quot; name=&quot;RequestAtmPageTest&quot;&gt;
    &lt;classes&gt;
      &lt;class name=&quot;mybank.testcases.RequestAtmPageTest&quot;/&gt;
    &lt;/classes&gt;
  &lt;/test&gt; &lt;!-- RequestAtmPageTest --&gt;
  &lt;test thread-count=&quot;5&quot; verbose=&quot;0&quot; name=&quot;AdminPageDDTest&quot;&gt;
    &lt;classes&gt;
      &lt;class name=&quot;mybank.testcases.AdminPageDDTest&quot;/&gt;
    &lt;/classes&gt;
  &lt;/test&gt; &lt;!-- AdminPageDDTest --&gt;
  &lt;test thread-count=&quot;5&quot; verbose=&quot;0&quot; name=&quot;AdminRegisteredUsersPageTest&quot;&gt;
    &lt;classes&gt;
      &lt;class name=&quot;mybank.testcases.AdminRegisteredUsersPageTest&quot;/&gt;
    &lt;/classes&gt;
  &lt;/test&gt; &lt;!-- AdminRegisteredUsersPageTest --&gt;
  &lt;test thread-count=&quot;5&quot; verbose=&quot;0&quot; name=&quot;ApproveMoneyToUserAccountPageTest&quot;&gt;
    &lt;classes&gt;
      &lt;class name=&quot;mybank.testcases.ApproveMoneyToUserAccountPageTest&quot;/&gt;
    &lt;/classes&gt;
  &lt;/test&gt; &lt;!-- ApproveMoneyToUserAccountPageTest --&gt;
  &lt;test thread-count=&quot;5&quot; verbose=&quot;0&quot; name=&quot;ApproveWithdrawalOfMoneyPageTest&quot;&gt;
    &lt;classes&gt;
      &lt;class name=&quot;mybank.testcases.ApproveWithdrawalOfMoneyPageTest&quot;/&gt;
    &lt;/classes&gt;
  &lt;/test&gt; &lt;!-- ApproveWithdrawalOfMoneyPageTest --&gt;
  &lt;test thread-count=&quot;5&quot; verbose=&quot;0&quot; name=&quot;AdminAtmCardReqPageTest&quot;&gt;
    &lt;classes&gt;
      &lt;class name=&quot;mybank.testcases.AdminAtmCardReqPageTest&quot;/&gt;
    &lt;/classes&gt;
  &lt;/test&gt; &lt;!-- AdminAtmCardReqPageTest --&gt;
  &lt;test thread-count=&quot;5&quot; verbose=&quot;0&quot; name=&quot;AddMoneyPageTest&quot;&gt;
    &lt;classes&gt;
      &lt;class name=&quot;mybank.testcases.AddMoneyPageTest&quot;/&gt;
    &lt;/classes&gt;
  &lt;/test&gt; &lt;!-- AddMoneyPageTest --&gt;
  &lt;test thread-count=&quot;5&quot; verbose=&quot;0&quot; name=&quot;AddBeneficiaryPageTest&quot;&gt;
    &lt;classes&gt;
      &lt;class name=&quot;mybank.testcases.AddBeneficiaryPageTest&quot;/&gt;
    &lt;/classes&gt;
  &lt;/test&gt; &lt;!-- AddBeneficiaryPageTest --&gt;
  &lt;test thread-count=&quot;5&quot; verbose=&quot;0&quot; name=&quot;DDUserLoginPageTest&quot;&gt;
    &lt;classes&gt;
      &lt;class name=&quot;mybank.testcases.DDUserLoginPageTest&quot;/&gt;
    &lt;/classes&gt;
  &lt;/test&gt; &lt;!-- DDUserLoginPageTest --&gt;
  &lt;test thread-count=&quot;5&quot; verbose=&quot;0&quot; name=&quot;PersonalDetailsPageTest&quot;&gt;
    &lt;classes&gt;
      &lt;class name=&quot;mybank.testcases.PersonalDetailsPageTest&quot;/&gt;
    &lt;/classes&gt;
  &lt;/test&gt; &lt;!-- PersonalDetailsPageTest --&gt;
  &lt;test thread-count=&quot;5&quot; verbose=&quot;0&quot; name=&quot;TransactionRecordPageTest&quot;&gt;
    &lt;classes&gt;
      &lt;class name=&quot;mybank.testcases.TransactionRecordPageTest&quot;/&gt;
    &lt;/classes&gt;
  &lt;/test&gt; &lt;!-- TransactionRecordPageTest --&gt;
  &lt;test thread-count=&quot;5&quot; verbose=&quot;0&quot; name=&quot;WithdrawMoneyPageTest&quot;&gt;
    &lt;classes&gt;
      &lt;class name=&quot;mybank.testcases.WithdrawMoneyPageTest&quot;/&gt;
    &lt;/classes&gt;
  &lt;/test&gt; &lt;!-- WithdrawMoneyPageTest --&gt;
  &lt;test thread-count=&quot;5&quot; verbose=&quot;0&quot; name=&quot;SignUpPageTest&quot;&gt;
    &lt;classes&gt;
      &lt;class name=&quot;mybank.testcases.SignUpPageTest&quot;/&gt;
    &lt;/classes&gt;
  &lt;/test&gt; &lt;!-- SignUpPageTest --&gt;
  &lt;test thread-count=&quot;5&quot; verbose=&quot;0&quot; name=&quot;SignUpPageValidationTest&quot;&gt;
    &lt;classes&gt;
      &lt;class name=&quot;mybank.testcases.SignUpPageValidationTest&quot;/&gt;
    &lt;/classes&gt;
  &lt;/test&gt; &lt;!-- SignUpPageValidationTest --&gt;
  &lt;test thread-count=&quot;5&quot; verbose=&quot;0&quot; name=&quot;HomePageTest&quot;&gt;
    &lt;classes&gt;
      &lt;class name=&quot;mybank.testcases.HomePageTest&quot;/&gt;
    &lt;/classes&gt;
  &lt;/test&gt; &lt;!-- HomePageTest --&gt;
&lt;/suite&gt; &lt;!-- MybankTestSuite --&gt;
            </pre>
          </div> <!-- main-panel-content rounded-window-bottom -->
        </div> <!-- panel -->
        <div panel-name="testlist-MybankTestSuite" class="panel">
          <div class="main-panel-header rounded-window-top">
            <span class="header-content">Tests for MybankTestSuite</span>
          </div> <!-- main-panel-header rounded-window-top -->
          <div class="main-panel-content rounded-window-bottom">
            <ul>
              <li>
                <span class="test-name">UserLoginPageTest (1 class)</span>
              </li>
              <li>
                <span class="test-name">RequestAtmPageTest (1 class)</span>
              </li>
              <li>
                <span class="test-name">AdminPageDDTest (1 class)</span>
              </li>
              <li>
                <span class="test-name">AdminRegisteredUsersPageTest (1 class)</span>
              </li>
              <li>
                <span class="test-name">ApproveMoneyToUserAccountPageTest (1 class)</span>
              </li>
              <li>
                <span class="test-name">ApproveWithdrawalOfMoneyPageTest (1 class)</span>
              </li>
              <li>
                <span class="test-name">AdminAtmCardReqPageTest (1 class)</span>
              </li>
              <li>
                <span class="test-name">AddMoneyPageTest (1 class)</span>
              </li>
              <li>
                <span class="test-name">AddBeneficiaryPageTest (1 class)</span>
              </li>
              <li>
                <span class="test-name">DDUserLoginPageTest (1 class)</span>
              </li>
              <li>
                <span class="test-name">PersonalDetailsPageTest (1 class)</span>
              </li>
              <li>
                <span class="test-name">TransactionRecordPageTest (1 class)</span>
              </li>
              <li>
                <span class="test-name">WithdrawMoneyPageTest (1 class)</span>
              </li>
              <li>
                <span class="test-name">SignUpPageTest (1 class)</span>
              </li>
              <li>
                <span class="test-name">SignUpPageValidationTest (1 class)</span>
              </li>
              <li>
                <span class="test-name">HomePageTest (1 class)</span>
              </li>
            </ul>
          </div> <!-- main-panel-content rounded-window-bottom -->
        </div> <!-- panel -->
        <div panel-name="group-MybankTestSuite" class="panel">
          <div class="main-panel-header rounded-window-top">
            <span class="header-content">Groups for MybankTestSuite</span>
          </div> <!-- main-panel-header rounded-window-top -->
          <div class="main-panel-content rounded-window-bottom">
          </div> <!-- main-panel-content rounded-window-bottom -->
        </div> <!-- panel -->
        <div panel-name="times-MybankTestSuite" class="panel">
          <div class="main-panel-header rounded-window-top">
            <span class="header-content">Times for MybankTestSuite</span>
          </div> <!-- main-panel-header rounded-window-top -->
          <div class="main-panel-content rounded-window-bottom">
            <div class="times-div">
              <script type="text/javascript">
suiteTableInitFunctions.push('tableData_MybankTestSuite');
function tableData_MybankTestSuite() {
var data = new google.visualization.DataTable();
data.addColumn('number', 'Number');
data.addColumn('string', 'Method');
data.addColumn('string', 'Class');
data.addColumn('number', 'Time (ms)');
data.addRows(80);
data.setCell(0, 0, 0)
data.setCell(0, 1, 'redirectYoutube')
data.setCell(0, 2, 'mybank.testcases.HomePageTest')
data.setCell(0, 3, 6565);
data.setCell(1, 0, 1)
data.setCell(1, 1, 'EnterData')
data.setCell(1, 2, 'mybank.testcases.SignUpPageTest')
data.setCell(1, 3, 6530);
data.setCell(2, 0, 2)
data.setCell(2, 1, 'redirectInstagram')
data.setCell(2, 2, 'mybank.testcases.HomePageTest')
data.setCell(2, 3, 4324);
data.setCell(3, 0, 3)
data.setCell(3, 1, 'addBeneficiaryTest')
data.setCell(3, 2, 'mybank.testcases.AddBeneficiaryPageTest')
data.setCell(3, 3, 4136);
data.setCell(4, 0, 4)
data.setCell(4, 1, 'redirectLinkedIn')
data.setCell(4, 2, 'mybank.testcases.HomePageTest')
data.setCell(4, 3, 3841);
data.setCell(5, 0, 5)
data.setCell(5, 1, 'redirectTwitter')
data.setCell(5, 2, 'mybank.testcases.HomePageTest')
data.setCell(5, 3, 2996);
data.setCell(6, 0, 6)
data.setCell(6, 1, 'TransactionRecordTest')
data.setCell(6, 2, 'mybank.testcases.TransactionRecordPageTest')
data.setCell(6, 3, 2091);
data.setCell(7, 0, 7)
data.setCell(7, 1, 'registeredUserPageAvabilityTest')
data.setCell(7, 2, 'mybank.testcases.AdminRegisteredUsersPageTest')
data.setCell(7, 3, 2037);
data.setCell(8, 0, 8)
data.setCell(8, 1, 'requestAtmPageAvabilityTest')
data.setCell(8, 2, 'mybank.testcases.RequestAtmPageTest')
data.setCell(8, 3, 2008);
data.setCell(9, 0, 9)
data.setCell(9, 1, 'personalDetailsTest')
data.setCell(9, 2, 'mybank.testcases.PersonalDetailsPageTest')
data.setCell(9, 3, 1945);
data.setCell(10, 0, 10)
data.setCell(10, 1, 'signWithInvalidAccNumber')
data.setCell(10, 2, 'mybank.testcases.SignUpPageValidationTest')
data.setCell(10, 3, 1911);
data.setCell(11, 0, 11)
data.setCell(11, 1, 'adminATMReqPageTest')
data.setCell(11, 2, 'mybank.testcases.AdminAtmCardReqPageTest')
data.setCell(11, 3, 1686);
data.setCell(12, 0, 12)
data.setCell(12, 1, 'approveWithdrawalOfMoneyPageAvabilityTest')
data.setCell(12, 2, 'mybank.testcases.ApproveWithdrawalOfMoneyPageTest')
data.setCell(12, 3, 1682);
data.setCell(13, 0, 13)
data.setCell(13, 1, 'redirectFacebook')
data.setCell(13, 2, 'mybank.testcases.HomePageTest')
data.setCell(13, 3, 1649);
data.setCell(14, 0, 14)
data.setCell(14, 1, 'addMoneyPageAvabilityTest')
data.setCell(14, 2, 'mybank.testcases.AddMoneyPageTest')
data.setCell(14, 3, 1636);
data.setCell(15, 0, 15)
data.setCell(15, 1, 'redirectGoogle')
data.setCell(15, 2, 'mybank.testcases.HomePageTest')
data.setCell(15, 3, 1615);
data.setCell(16, 0, 16)
data.setCell(16, 1, 'approveMoneyToUserAccountPageAvabilityTest')
data.setCell(16, 2, 'mybank.testcases.ApproveMoneyToUserAccountPageTest')
data.setCell(16, 3, 1568);
data.setCell(17, 0, 17)
data.setCell(17, 1, 'requestAtmPageAvabilityTest')
data.setCell(17, 2, 'mybank.testcases.WithdrawMoneyPageTest')
data.setCell(17, 3, 1443);
data.setCell(18, 0, 18)
data.setCell(18, 1, 'LoginTest')
data.setCell(18, 2, 'mybank.testcases.HomePageTest')
data.setCell(18, 3, 1390);
data.setCell(19, 0, 19)
data.setCell(19, 1, 'SignUpWithInvalidEmailId')
data.setCell(19, 2, 'mybank.testcases.SignUpPageValidationTest')
data.setCell(19, 3, 1249);
data.setCell(20, 0, 20)
data.setCell(20, 1, 'LoginTest')
data.setCell(20, 2, 'mybank.testcases.UserLoginPageTest')
data.setCell(20, 3, 1184);
data.setCell(21, 0, 21)
data.setCell(21, 1, 'adminLoginTest')
data.setCell(21, 2, 'mybank.testcases.AdminPageDDTest')
data.setCell(21, 3, 1138);
data.setCell(22, 0, 22)
data.setCell(22, 1, 'userLoginTestWithcorrectData')
data.setCell(22, 2, 'mybank.testcases.DDUserLoginPageTest')
data.setCell(22, 3, 903);
data.setCell(23, 0, 23)
data.setCell(23, 1, 'invalidCredentialsTest')
data.setCell(23, 2, 'mybank.testcases.AddBeneficiaryPageTest')
data.setCell(23, 3, 693);
data.setCell(24, 0, 24)
data.setCell(24, 1, 'userLoginTestWithcWrongEmail')
data.setCell(24, 2, 'mybank.testcases.DDUserLoginPageTest')
data.setCell(24, 3, 558);
data.setCell(25, 0, 25)
data.setCell(25, 1, 'test2')
data.setCell(25, 2, 'mybank.testcases.AddMoneyPageTest')
data.setCell(25, 3, 479);
data.setCell(26, 0, 26)
data.setCell(26, 1, 'userLoginTestWithcorrectData')
data.setCell(26, 2, 'mybank.testcases.DDUserLoginPageTest')
data.setCell(26, 3, 465);
data.setCell(27, 0, 27)
data.setCell(27, 1, 'contactUsTest')
data.setCell(27, 2, 'mybank.testcases.HomePageTest')
data.setCell(27, 3, 451);
data.setCell(28, 0, 28)
data.setCell(28, 1, 'userLoginTestWithcWrongEmail')
data.setCell(28, 2, 'mybank.testcases.DDUserLoginPageTest')
data.setCell(28, 3, 450);
data.setCell(29, 0, 29)
data.setCell(29, 1, 'userLoginTestWithcorrectData')
data.setCell(29, 2, 'mybank.testcases.DDUserLoginPageTest')
data.setCell(29, 3, 424);
data.setCell(30, 0, 30)
data.setCell(30, 1, 'Test2')
data.setCell(30, 2, 'mybank.testcases.WithdrawMoneyPageTest')
data.setCell(30, 3, 403);
data.setCell(31, 0, 31)
data.setCell(31, 1, 'userLoginTestWithcWrongEmail')
data.setCell(31, 2, 'mybank.testcases.DDUserLoginPageTest')
data.setCell(31, 3, 400);
data.setCell(32, 0, 32)
data.setCell(32, 1, 'userLoginTestWithcorrectData')
data.setCell(32, 2, 'mybank.testcases.DDUserLoginPageTest')
data.setCell(32, 3, 396);
data.setCell(33, 0, 33)
data.setCell(33, 1, 'userLoginTestWithcorrectData')
data.setCell(33, 2, 'mybank.testcases.DDUserLoginPageTest')
data.setCell(33, 3, 393);
data.setCell(34, 0, 34)
data.setCell(34, 1, 'userLoginTestWithcorrectData')
data.setCell(34, 2, 'mybank.testcases.DDUserLoginPageTest')
data.setCell(34, 3, 377);
data.setCell(35, 0, 35)
data.setCell(35, 1, 'test3')
data.setCell(35, 2, 'mybank.testcases.AddMoneyPageTest')
data.setCell(35, 3, 362);
data.setCell(36, 0, 36)
data.setCell(36, 1, 'aboutFAQsClickTest')
data.setCell(36, 2, 'mybank.testcases.HomePageTest')
data.setCell(36, 3, 343);
data.setCell(37, 0, 37)
data.setCell(37, 1, 'signUpClickTest')
data.setCell(37, 2, 'mybank.testcases.HomePageTest')
data.setCell(37, 3, 338);
data.setCell(38, 0, 38)
data.setCell(38, 1, 'userLoginTestWithcorrectData')
data.setCell(38, 2, 'mybank.testcases.DDUserLoginPageTest')
data.setCell(38, 3, 335);
data.setCell(39, 0, 39)
data.setCell(39, 1, 'userLoginTestWithcWrongData')
data.setCell(39, 2, 'mybank.testcases.DDUserLoginPageTest')
data.setCell(39, 3, 331);
data.setCell(40, 0, 40)
data.setCell(40, 1, 'userLoginTestWithcWrongPass')
data.setCell(40, 2, 'mybank.testcases.DDUserLoginPageTest')
data.setCell(40, 3, 331);
data.setCell(41, 0, 41)
data.setCell(41, 1, 'userLoginTestSensitive')
data.setCell(41, 2, 'mybank.testcases.DDUserLoginPageTest')
data.setCell(41, 3, 324);
data.setCell(42, 0, 42)
data.setCell(42, 1, 'test4')
data.setCell(42, 2, 'mybank.testcases.AddMoneyPageTest')
data.setCell(42, 3, 323);
data.setCell(43, 0, 43)
data.setCell(43, 1, 'userLoginTestWithcWrongPass')
data.setCell(43, 2, 'mybank.testcases.DDUserLoginPageTest')
data.setCell(43, 3, 319);
data.setCell(44, 0, 44)
data.setCell(44, 1, 'userLoginTestWithcWrongData')
data.setCell(44, 2, 'mybank.testcases.DDUserLoginPageTest')
data.setCell(44, 3, 309);
data.setCell(45, 0, 45)
data.setCell(45, 1, 'userLoginTestWithcorrectData')
data.setCell(45, 2, 'mybank.testcases.DDUserLoginPageTest')
data.setCell(45, 3, 308);
data.setCell(46, 0, 46)
data.setCell(46, 1, 'userLoginTestWithcWrongPass')
data.setCell(46, 2, 'mybank.testcases.DDUserLoginPageTest')
data.setCell(46, 3, 308);
data.setCell(47, 0, 47)
data.setCell(47, 1, 'userLoginTestWithcWrongData')
data.setCell(47, 2, 'mybank.testcases.DDUserLoginPageTest')
data.setCell(47, 3, 308);
data.setCell(48, 0, 48)
data.setCell(48, 1, 'userLoginTestWithcWrongEmail')
data.setCell(48, 2, 'mybank.testcases.DDUserLoginPageTest')
data.setCell(48, 3, 304);
data.setCell(49, 0, 49)
data.setCell(49, 1, 'userLoginTestWithcWrongEmail')
data.setCell(49, 2, 'mybank.testcases.DDUserLoginPageTest')
data.setCell(49, 3, 300);
data.setCell(50, 0, 50)
data.setCell(50, 1, 'userLoginTestSensitive')
data.setCell(50, 2, 'mybank.testcases.DDUserLoginPageTest')
data.setCell(50, 3, 299);
data.setCell(51, 0, 51)
data.setCell(51, 1, 'userLoginTestWithcWrongData')
data.setCell(51, 2, 'mybank.testcases.DDUserLoginPageTest')
data.setCell(51, 3, 295);
data.setCell(52, 0, 52)
data.setCell(52, 1, 'userLoginTestWithcWrongEmail')
data.setCell(52, 2, 'mybank.testcases.DDUserLoginPageTest')
data.setCell(52, 3, 294);
data.setCell(53, 0, 53)
data.setCell(53, 1, 'userLoginTestWithcWrongPass')
data.setCell(53, 2, 'mybank.testcases.DDUserLoginPageTest')
data.setCell(53, 3, 293);
data.setCell(54, 0, 54)
data.setCell(54, 1, 'userLoginTestWithcWrongData')
data.setCell(54, 2, 'mybank.testcases.DDUserLoginPageTest')
data.setCell(54, 3, 290);
data.setCell(55, 0, 55)
data.setCell(55, 1, 'userLoginTestSensitive')
data.setCell(55, 2, 'mybank.testcases.DDUserLoginPageTest')
data.setCell(55, 3, 286);
data.setCell(56, 0, 56)
data.setCell(56, 1, 'safetyBankingTipsClickTest')
data.setCell(56, 2, 'mybank.testcases.HomePageTest')
data.setCell(56, 3, 281);
data.setCell(57, 0, 57)
data.setCell(57, 1, 'Test3')
data.setCell(57, 2, 'mybank.testcases.WithdrawMoneyPageTest')
data.setCell(57, 3, 275);
data.setCell(58, 0, 58)
data.setCell(58, 1, 'userLoginTestSensitive')
data.setCell(58, 2, 'mybank.testcases.DDUserLoginPageTest')
data.setCell(58, 3, 274);
data.setCell(59, 0, 59)
data.setCell(59, 1, 'userLoginTestSensitive')
data.setCell(59, 2, 'mybank.testcases.DDUserLoginPageTest')
data.setCell(59, 3, 274);
data.setCell(60, 0, 60)
data.setCell(60, 1, 'contactUsClickTest')
data.setCell(60, 2, 'mybank.testcases.HomePageTest')
data.setCell(60, 3, 274);
data.setCell(61, 0, 61)
data.setCell(61, 1, 'userLoginTestWithcWrongPass')
data.setCell(61, 2, 'mybank.testcases.DDUserLoginPageTest')
data.setCell(61, 3, 270);
data.setCell(62, 0, 62)
data.setCell(62, 1, 'Test4')
data.setCell(62, 2, 'mybank.testcases.WithdrawMoneyPageTest')
data.setCell(62, 3, 265);
data.setCell(63, 0, 63)
data.setCell(63, 1, 'userLoginTestWithcWrongEmail')
data.setCell(63, 2, 'mybank.testcases.DDUserLoginPageTest')
data.setCell(63, 3, 264);
data.setCell(64, 0, 64)
data.setCell(64, 1, 'userLoginTestWithcWrongPass')
data.setCell(64, 2, 'mybank.testcases.DDUserLoginPageTest')
data.setCell(64, 3, 258);
data.setCell(65, 0, 65)
data.setCell(65, 1, 'userLoginTestWithcWrongEmail')
data.setCell(65, 2, 'mybank.testcases.DDUserLoginPageTest')
data.setCell(65, 3, 253);
data.setCell(66, 0, 66)
data.setCell(66, 1, 'userLoginTestSensitive')
data.setCell(66, 2, 'mybank.testcases.DDUserLoginPageTest')
data.setCell(66, 3, 244);
data.setCell(67, 0, 67)
data.setCell(67, 1, 'redirectSafetyTips')
data.setCell(67, 2, 'mybank.testcases.HomePageTest')
data.setCell(67, 3, 241);
data.setCell(68, 0, 68)
data.setCell(68, 1, 'userLoginTestSensitive')
data.setCell(68, 2, 'mybank.testcases.DDUserLoginPageTest')
data.setCell(68, 3, 239);
data.setCell(69, 0, 69)
data.setCell(69, 1, 'loginClickTest')
data.setCell(69, 2, 'mybank.testcases.HomePageTest')
data.setCell(69, 3, 239);
data.setCell(70, 0, 70)
data.setCell(70, 1, 'userLoginTestWithcWrongData')
data.setCell(70, 2, 'mybank.testcases.DDUserLoginPageTest')
data.setCell(70, 3, 236);
data.setCell(71, 0, 71)
data.setCell(71, 1, 'adminLoginClickTest')
data.setCell(71, 2, 'mybank.testcases.HomePageTest')
data.setCell(71, 3, 227);
data.setCell(72, 0, 72)
data.setCell(72, 1, 'userLoginTestWithcWrongPass')
data.setCell(72, 2, 'mybank.testcases.DDUserLoginPageTest')
data.setCell(72, 3, 220);
data.setCell(73, 0, 73)
data.setCell(73, 1, 'userLoginTestWithcWrongData')
data.setCell(73, 2, 'mybank.testcases.DDUserLoginPageTest')
data.setCell(73, 3, 220);
data.setCell(74, 0, 74)
data.setCell(74, 1, 'userLoginTestSensitive')
data.setCell(74, 2, 'mybank.testcases.DDUserLoginPageTest')
data.setCell(74, 3, 216);
data.setCell(75, 0, 75)
data.setCell(75, 1, 'userLoginTestWithcWrongPass')
data.setCell(75, 2, 'mybank.testcases.DDUserLoginPageTest')
data.setCell(75, 3, 211);
data.setCell(76, 0, 76)
data.setCell(76, 1, 'Test5')
data.setCell(76, 2, 'mybank.testcases.WithdrawMoneyPageTest')
data.setCell(76, 3, 203);
data.setCell(77, 0, 77)
data.setCell(77, 1, 'featuresClickTest')
data.setCell(77, 2, 'mybank.testcases.HomePageTest')
data.setCell(77, 3, 193);
data.setCell(78, 0, 78)
data.setCell(78, 1, 'mybankLogoClickTest')
data.setCell(78, 2, 'mybank.testcases.HomePageTest')
data.setCell(78, 3, 115);
data.setCell(79, 0, 79)
data.setCell(79, 1, 'homeClickTest')
data.setCell(79, 2, 'mybank.testcases.HomePageTest')
data.setCell(79, 3, 109);
window.suiteTableData['MybankTestSuite']= { tableData: data, tableDiv: 'times-div-MybankTestSuite'}
return data;
}
              </script>
              <span class="suite-total-time">Total running time: 1 minutes</span>
              <div id="times-div-MybankTestSuite">
              </div> <!-- times-div-MybankTestSuite -->
            </div> <!-- times-div -->
          </div> <!-- main-panel-content rounded-window-bottom -->
        </div> <!-- panel -->
        <div panel-name="reporter-MybankTestSuite" class="panel">
          <div class="main-panel-header rounded-window-top">
            <span class="header-content">Reporter output for MybankTestSuite</span>
          </div> <!-- main-panel-header rounded-window-top -->
          <div class="main-panel-content rounded-window-bottom">
          </div> <!-- main-panel-content rounded-window-bottom -->
        </div> <!-- panel -->
        <div panel-name="ignored-methods-MybankTestSuite" class="panel">
          <div class="main-panel-header rounded-window-top">
            <span class="header-content">0 ignored methods</span>
          </div> <!-- main-panel-header rounded-window-top -->
          <div class="main-panel-content rounded-window-bottom">
          </div> <!-- main-panel-content rounded-window-bottom -->
        </div> <!-- panel -->
        <div panel-name="chronological-MybankTestSuite" class="panel">
          <div class="main-panel-header rounded-window-top">
            <span class="header-content">Methods in chronological order</span>
          </div> <!-- main-panel-header rounded-window-top -->
          <div class="main-panel-content rounded-window-bottom">
            <div class="chronological-class">
              <div class="chronological-class-name">mybank.testcases.HomePageTest</div> <!-- chronological-class-name -->
              <div class="configuration-suite before">
                <span class="method-name">setup</span>
                <span class="method-start">0 ms</span>
              </div> <!-- configuration-suite before -->
            </div> <!-- chronological-class -->
            <div class="chronological-class">
              <div class="chronological-class-name">mybank.testcases.UserLoginPageTest</div> <!-- chronological-class-name -->
              <div class="configuration-test before">
                <span class="method-name">beforeSuite</span>
                <span class="method-start">173 ms</span>
              </div> <!-- configuration-test before -->
              <div class="test-method">
                <span class="method-name">LoginTest(abc@gmail.com, 1234)</span>
                <span class="method-start">6449 ms</span>
              </div> <!-- test-method -->
              <div class="configuration-method after">
                <span class="method-name">temp([TestResult name=LoginTest status=SUCCESS method=UserLoginPageTest.LoginTest(java.lang.String, java....)</span>
                <span class="method-start">7635 ms</span>
              </div> <!-- configuration-method after -->
              <div class="configuration-test after">
                <span class="method-name">tear</span>
                <span class="method-start">7638 ms</span>
              </div> <!-- configuration-test after -->
            </div> <!-- chronological-class -->
            <div class="chronological-class">
              <div class="chronological-class-name">mybank.testcases.RequestAtmPageTest</div> <!-- chronological-class-name -->
              <div class="configuration-test before">
                <span class="method-name">beforeTest</span>
                <span class="method-start">9292 ms</span>
              </div> <!-- configuration-test before -->
              <div class="test-method">
                <span class="method-name">requestAtmPageAvabilityTest(abc@gmail.com, 1234)</span>
                <span class="method-start">12476 ms</span>
              </div> <!-- test-method -->
              <div class="configuration-method after">
                <span class="method-name">temp([TestResult name=requestAtmPageAvabilityTest status=SUCCESS method=RequestAtmPageTest.requestAtmPage...)</span>
                <span class="method-start">14484 ms</span>
              </div> <!-- configuration-method after -->
              <div class="configuration-test after">
                <span class="method-name">ShutDown</span>
                <span class="method-start">14484 ms</span>
              </div> <!-- configuration-test after -->
            </div> <!-- chronological-class -->
            <div class="chronological-class">
              <div class="chronological-class-name">mybank.testcases.AdminPageDDTest</div> <!-- chronological-class-name -->
              <div class="configuration-test before">
                <span class="method-name">beforeSuite</span>
                <span class="method-start">15821 ms</span>
              </div> <!-- configuration-test before -->
              <div class="test-method">
                <span class="method-name">adminLoginTest(admin@gmail.com, admin123)</span>
                <span class="method-start">19068 ms</span>
              </div> <!-- test-method -->
              <div class="configuration-method after">
                <span class="method-name">temp([TestResult name=adminLoginTest status=SUCCESS method=AdminPageDDTest.adminLoginTest(java.lang.Strin...)</span>
                <span class="method-start">20207 ms</span>
              </div> <!-- configuration-method after -->
              <div class="configuration-test after">
                <span class="method-name">quit</span>
                <span class="method-start">20207 ms</span>
              </div> <!-- configuration-test after -->
            </div> <!-- chronological-class -->
            <div class="chronological-class">
              <div class="chronological-class-name">mybank.testcases.AdminRegisteredUsersPageTest</div> <!-- chronological-class-name -->
              <div class="configuration-test before">
                <span class="method-name">beforeTest</span>
                <span class="method-start">21841 ms</span>
              </div> <!-- configuration-test before -->
              <div class="test-method">
                <span class="method-name">registeredUserPageAvabilityTest(admin@gmail.com, admin123)</span>
                <span class="method-start">24950 ms</span>
              </div> <!-- test-method -->
              <div class="configuration-method after">
                <span class="method-name">temp([TestResult name=registeredUserPageAvabilityTest status=SUCCESS method=AdminRegisteredUsersPageTest....)</span>
                <span class="method-start">26987 ms</span>
              </div> <!-- configuration-method after -->
              <div class="configuration-test after">
                <span class="method-name">ShutDown</span>
                <span class="method-start">26988 ms</span>
              </div> <!-- configuration-test after -->
            </div> <!-- chronological-class -->
            <div class="chronological-class">
              <div class="chronological-class-name">mybank.testcases.ApproveMoneyToUserAccountPageTest</div> <!-- chronological-class-name -->
              <div class="configuration-test before">
                <span class="method-name">beforeTest</span>
                <span class="method-start">28413 ms</span>
              </div> <!-- configuration-test before -->
              <div class="test-method">
                <span class="method-name">approveMoneyToUserAccountPageAvabilityTest(admin@gmail.com, admin123)</span>
                <span class="method-start">31722 ms</span>
              </div> <!-- test-method -->
              <div class="configuration-method after">
                <span class="method-name">temp([TestResult name=approveMoneyToUserAccountPageAvabilityTest status=SUCCESS method=ApproveMoneyToUser...)</span>
                <span class="method-start">33290 ms</span>
              </div> <!-- configuration-method after -->
              <div class="configuration-test after">
                <span class="method-name">ShutDown</span>
                <span class="method-start">33290 ms</span>
              </div> <!-- configuration-test after -->
            </div> <!-- chronological-class -->
            <div class="chronological-class">
              <div class="chronological-class-name">mybank.testcases.ApproveWithdrawalOfMoneyPageTest</div> <!-- chronological-class-name -->
              <div class="configuration-test before">
                <span class="method-name">beforeTest</span>
                <span class="method-start">34785 ms</span>
              </div> <!-- configuration-test before -->
              <div class="test-method">
                <span class="method-name">approveWithdrawalOfMoneyPageAvabilityTest(admin@gmail.com, admin123)</span>
                <span class="method-start">37936 ms</span>
              </div> <!-- test-method -->
              <div class="configuration-method after">
                <span class="method-name">temp([TestResult name=approveWithdrawalOfMoneyPageAvabilityTest status=SUCCESS method=ApproveWithdrawalOf...)</span>
                <span class="method-start">39619 ms</span>
              </div> <!-- configuration-method after -->
              <div class="configuration-test after">
                <span class="method-name">ShutDown</span>
                <span class="method-start">39619 ms</span>
              </div> <!-- configuration-test after -->
            </div> <!-- chronological-class -->
            <div class="chronological-class">
              <div class="chronological-class-name">mybank.testcases.AdminAtmCardReqPageTest</div> <!-- chronological-class-name -->
              <div class="configuration-test before">
                <span class="method-name">beforeTest</span>
                <span class="method-start">41099 ms</span>
              </div> <!-- configuration-test before -->
              <div class="test-method">
                <span class="method-name">adminATMReqPageTest(admin@gmail.com, admin123)</span>
                <span class="method-start">44342 ms</span>
              </div> <!-- test-method -->
              <div class="configuration-method after">
                <span class="method-name">temp([TestResult name=adminATMReqPageTest status=SUCCESS method=AdminAtmCardReqPageTest.adminATMReqPageTe...)</span>
                <span class="method-start">46028 ms</span>
              </div> <!-- configuration-method after -->
              <div class="configuration-test after">
                <span class="method-name">ShutDown</span>
                <span class="method-start">46028 ms</span>
              </div> <!-- configuration-test after -->
            </div> <!-- chronological-class -->
            <div class="chronological-class">
              <div class="chronological-class-name">mybank.testcases.AddMoneyPageTest</div> <!-- chronological-class-name -->
              <div class="configuration-test before">
                <span class="method-name">beforeTest</span>
                <span class="method-start">47413 ms</span>
              </div> <!-- configuration-test before -->
              <div class="test-method">
                <span class="method-name">addMoneyPageAvabilityTest(abc@gmail.com, 1234)</span>
                <span class="method-start">50574 ms</span>
              </div> <!-- test-method -->
              <div class="configuration-method after">
                <span class="method-name">temp([TestResult name=addMoneyPageAvabilityTest status=SUCCESS method=AddMoneyPageTest.addMoneyPageAvabil...)</span>
                <span class="method-start">52211 ms</span>
              </div> <!-- configuration-method after -->
              <div class="test-method">
                <span class="method-name">test2(abc@gmail.com, 1234)</span>
                <span class="method-start">52213 ms</span>
              </div> <!-- test-method -->
              <div class="configuration-method after">
                <span class="method-name">temp([TestResult name=test2 status=SUCCESS method=AddMoneyPageTest.test2(java.lang.String, java.lang.Stri...)</span>
                <span class="method-start">52692 ms</span>
              </div> <!-- configuration-method after -->
              <div class="test-method">
                <span class="method-name">test3(abc@gmail.com, 1234)</span>
                <span class="method-start">52692 ms</span>
              </div> <!-- test-method -->
              <div class="configuration-method after">
                <span class="method-name">temp([TestResult name=test3 status=SUCCESS method=AddMoneyPageTest.test3(java.lang.String, java.lang.Stri...)</span>
                <span class="method-start">53054 ms</span>
              </div> <!-- configuration-method after -->
              <div class="test-method">
                <span class="method-name">test4(abc@gmail.com, 1234)</span>
                <span class="method-start">53055 ms</span>
              </div> <!-- test-method -->
              <div class="configuration-method after">
                <span class="method-name">temp([TestResult name=test4 status=SUCCESS method=AddMoneyPageTest.test4(java.lang.String, java.lang.Stri...)</span>
                <span class="method-start">53378 ms</span>
              </div> <!-- configuration-method after -->
              <div class="configuration-test after">
                <span class="method-name">ShutDown</span>
                <span class="method-start">53378 ms</span>
              </div> <!-- configuration-test after -->
            </div> <!-- chronological-class -->
            <div class="chronological-class">
              <div class="chronological-class-name">mybank.testcases.AddBeneficiaryPageTest</div> <!-- chronological-class-name -->
              <div class="configuration-test before">
                <span class="method-name">beforeTest</span>
                <span class="method-start">54764 ms</span>
              </div> <!-- configuration-test before -->
              <div class="test-method">
                <span class="method-name">addBeneficiaryTest(abc@gmail.com, 1234)</span>
                <span class="method-start">57886 ms</span>
              </div> <!-- test-method -->
              <div class="configuration-method after">
                <span class="method-name">temp([TestResult name=addBeneficiaryTest status=SUCCESS method=AddBeneficiaryPageTest.addBeneficiaryTest(...)</span>
                <span class="method-start">62023 ms</span>
              </div> <!-- configuration-method after -->
              <div class="test-method">
                <span class="method-name">invalidCredentialsTest(abc@gmail.com, 1234)</span>
                <span class="method-start">62023 ms</span>
              </div> <!-- test-method -->
              <div class="configuration-method after">
                <span class="method-name">temp([TestResult name=invalidCredentialsTest status=SUCCESS method=AddBeneficiaryPageTest.invalidCredenti...)</span>
                <span class="method-start">62716 ms</span>
              </div> <!-- configuration-method after -->
              <div class="configuration-test after">
                <span class="method-name">afterTest</span>
                <span class="method-start">62717 ms</span>
              </div> <!-- configuration-test after -->
            </div> <!-- chronological-class -->
            <div class="chronological-class">
              <div class="chronological-class-name">mybank.testcases.DDUserLoginPageTest</div> <!-- chronological-class-name -->
              <div class="configuration-test before">
                <span class="method-name">setUp</span>
                <span class="method-start">64169 ms</span>
              </div> <!-- configuration-test before -->
              <div class="test-method">
                <span class="method-name">userLoginTestWithcorrectData(Ankita@gmail.com, 1234)</span>
                <span class="method-start">70377 ms</span>
              </div> <!-- test-method -->
              <div class="configuration-method after">
                <span class="method-name">temp([TestResult name=userLoginTestWithcorrectData status=SUCCESS method=DDUserLoginPageTest.userLoginTes...)</span>
                <span class="method-start">71280 ms</span>
              </div> <!-- configuration-method after -->
              <div class="test-method">
                <span class="method-name">userLoginTestWithcorrectData(ashish@gmail.com, 1234)</span>
                <span class="method-start">71280 ms</span>
              </div> <!-- test-method -->
              <div class="configuration-method after">
                <span class="method-name">temp([TestResult name=userLoginTestWithcorrectData status=SUCCESS method=DDUserLoginPageTest.userLoginTes...)</span>
                <span class="method-start">71615 ms</span>
              </div> <!-- configuration-method after -->
              <div class="test-method">
                <img src="failed.png">
                </img>
                <span class="method-name">userLoginTestWithcorrectData(mayur@gmail.com, 1234)</span>
                <span class="method-start">71615 ms</span>
              </div> <!-- test-method -->
              <div class="configuration-method after">
                <span class="method-name">temp([TestResult name=userLoginTestWithcorrectData status=FAILURE method=DDUserLoginPageTest.userLoginTes...)</span>
                <span class="method-start">72051 ms</span>
              </div> <!-- configuration-method after -->
              <div class="test-method">
                <span class="method-name">userLoginTestWithcorrectData(apurba@gmail.com, 1234)</span>
                <span class="method-start">73088 ms</span>
              </div> <!-- test-method -->
              <div class="configuration-method after">
                <span class="method-name">temp([TestResult name=userLoginTestWithcorrectData status=SUCCESS method=DDUserLoginPageTest.userLoginTes...)</span>
                <span class="method-start">73465 ms</span>
              </div> <!-- configuration-method after -->
              <div class="test-method">
                <span class="method-name">userLoginTestWithcorrectData(shubhangi@gmail.com, 1234)</span>
                <span class="method-start">73466 ms</span>
              </div> <!-- test-method -->
              <div class="configuration-method after">
                <span class="method-name">temp([TestResult name=userLoginTestWithcorrectData status=SUCCESS method=DDUserLoginPageTest.userLoginTes...)</span>
                <span class="method-start">73863 ms</span>
              </div> <!-- configuration-method after -->
              <div class="test-method">
                <span class="method-name">userLoginTestWithcorrectData(bhai@gmail.com, 1234)</span>
                <span class="method-start">73863 ms</span>
              </div> <!-- test-method -->
              <div class="configuration-method after">
                <span class="method-name">temp([TestResult name=userLoginTestWithcorrectData status=SUCCESS method=DDUserLoginPageTest.userLoginTes...)</span>
                <span class="method-start">74328 ms</span>
              </div> <!-- configuration-method after -->
              <div class="test-method">
                <img src="failed.png">
                </img>
                <span class="method-name">userLoginTestWithcorrectData(, )</span>
                <span class="method-start">74328 ms</span>
              </div> <!-- test-method -->
              <div class="configuration-method after">
                <span class="method-name">temp([TestResult name=userLoginTestWithcorrectData status=FAILURE method=DDUserLoginPageTest.userLoginTes...)</span>
                <span class="method-start">74722 ms</span>
              </div> <!-- configuration-method after -->
              <div class="test-method">
                <img src="failed.png">
                </img>
                <span class="method-name">userLoginTestWithcorrectData(, )</span>
                <span class="method-start">75413 ms</span>
              </div> <!-- test-method -->
              <div class="configuration-method after">
                <span class="method-name">temp([TestResult name=userLoginTestWithcorrectData status=FAILURE method=DDUserLoginPageTest.userLoginTes...)</span>
                <span class="method-start">75721 ms</span>
              </div> <!-- configuration-method after -->
              <div class="test-method">
                <img src="failed.png">
                </img>
                <span class="method-name">userLoginTestWithcWrongData(seema@gmail.com, 1234)</span>
                <span class="method-start">77097 ms</span>
              </div> <!-- test-method -->
              <div class="configuration-method after">
                <span class="method-name">temp([TestResult name=userLoginTestWithcWrongData status=FAILURE method=DDUserLoginPageTest.userLoginTest...)</span>
                <span class="method-start">77428 ms</span>
              </div> <!-- configuration-method after -->
              <div class="test-method">
                <img src="failed.png">
                </img>
                <span class="method-name">userLoginTestWithcWrongData(sachin@mail.com, 1234)</span>
                <span class="method-start">78091 ms</span>
              </div> <!-- test-method -->
              <div class="configuration-method after">
                <span class="method-name">temp([TestResult name=userLoginTestWithcWrongData status=FAILURE method=DDUserLoginPageTest.userLoginTest...)</span>
                <span class="method-start">78401 ms</span>
              </div> <!-- configuration-method after -->
              <div class="test-method">
                <img src="failed.png">
                </img>
                <span class="method-name">userLoginTestWithcWrongData(sakshi@reddif.com, 23123)</span>
                <span class="method-start">79033 ms</span>
              </div> <!-- test-method -->
              <div class="configuration-method after">
                <span class="method-name">temp([TestResult name=userLoginTestWithcWrongData status=FAILURE method=DDUserLoginPageTest.userLoginTest...)</span>
                <span class="method-start">79341 ms</span>
              </div> <!-- configuration-method after -->
              <div class="test-method">
                <img src="failed.png">
                </img>
                <span class="method-name">userLoginTestWithcWrongData(Amit@gmail.com, pass)</span>
                <span class="method-start">79956 ms</span>
              </div> <!-- test-method -->
              <div class="configuration-method after">
                <span class="method-name">temp([TestResult name=userLoginTestWithcWrongData status=FAILURE method=DDUserLoginPageTest.userLoginTest...)</span>
                <span class="method-start">80246 ms</span>
              </div> <!-- configuration-method after -->
              <div class="test-method">
                <img src="failed.png">
                </img>
                <span class="method-name">userLoginTestWithcWrongData(kunal@gmail.com, pas123)</span>
                <span class="method-start">80779 ms</span>
              </div> <!-- test-method -->
              <div class="configuration-method after">
                <span class="method-name">temp([TestResult name=userLoginTestWithcWrongData status=FAILURE method=DDUserLoginPageTest.userLoginTest...)</span>
                <span class="method-start">81074 ms</span>
              </div> <!-- configuration-method after -->
              <div class="test-method">
                <img src="failed.png">
                </img>
                <span class="method-name">userLoginTestWithcWrongData(yash3344@gmail.com, pass334)</span>
                <span class="method-start">81640 ms</span>
              </div> <!-- test-method -->
              <div class="configuration-method after">
                <span class="method-name">temp([TestResult name=userLoginTestWithcWrongData status=FAILURE method=DDUserLoginPageTest.userLoginTest...)</span>
                <span class="method-start">81861 ms</span>
              </div> <!-- configuration-method after -->
              <div class="test-method">
                <img src="failed.png">
                </img>
                <span class="method-name">userLoginTestWithcWrongData(ankit@33.com, 1234)</span>
                <span class="method-start">82332 ms</span>
              </div> <!-- test-method -->
              <div class="configuration-method after">
                <span class="method-name">temp([TestResult name=userLoginTestWithcWrongData status=FAILURE method=DDUserLoginPageTest.userLoginTest...)</span>
                <span class="method-start">82568 ms</span>
              </div> <!-- configuration-method after -->
              <div class="test-method">
                <img src="failed.png">
                </img>
                <span class="method-name">userLoginTestWithcWrongEmail(cyan@gmail.com, 1234)</span>
                <span class="method-start">83461 ms</span>
              </div> <!-- test-method -->
              <div class="configuration-method after">
                <span class="method-name">temp([TestResult name=userLoginTestWithcWrongEmail status=FAILURE method=DDUserLoginPageTest.userLoginTes...)</span>
                <span class="method-start">83766 ms</span>
              </div> <!-- configuration-method after -->
              <div class="test-method">
                <img src="failed.png">
                </img>
                <span class="method-name">userLoginTestWithcWrongEmail(gaaaaa@gmail.com, 1234)</span>
                <span class="method-start">84466 ms</span>
              </div> <!-- test-method -->
              <div class="configuration-method after">
                <span class="method-name">temp([TestResult name=userLoginTestWithcWrongEmail status=FAILURE method=DDUserLoginPageTest.userLoginTes...)</span>
                <span class="method-start">84730 ms</span>
              </div> <!-- configuration-method after -->
              <div class="test-method">
                <img src="failed.png">
                </img>
                <span class="method-name">userLoginTestWithcWrongEmail(sayantaaan1999arka@gmail.com, aaaa)</span>
                <span class="method-start">85291 ms</span>
              </div> <!-- test-method -->
              <div class="configuration-method after">
                <span class="method-name">temp([TestResult name=userLoginTestWithcWrongEmail status=FAILURE method=DDUserLoginPageTest.userLoginTes...)</span>
                <span class="method-start">85592 ms</span>
              </div> <!-- configuration-method after -->
              <div class="test-method">
                <img src="failed.png">
                </img>
                <span class="method-name">userLoginTestWithcWrongEmail(shayandff90@gmail.com, 1234)</span>
                <span class="method-start">86141 ms</span>
              </div> <!-- test-method -->
              <div class="configuration-method after">
                <span class="method-name">temp([TestResult name=userLoginTestWithcWrongEmail status=FAILURE method=DDUserLoginPageTest.userLoginTes...)</span>
                <span class="method-start">86435 ms</span>
              </div> <!-- configuration-method after -->
              <div class="test-method">
                <img src="failed.png">
                </img>
                <span class="method-name">userLoginTestWithcWrongEmail(abc@ghmmail.com, 1234)</span>
                <span class="method-start">87159 ms</span>
              </div> <!-- test-method -->
              <div class="configuration-method after">
                <span class="method-name">temp([TestResult name=userLoginTestWithcWrongEmail status=FAILURE method=DDUserLoginPageTest.userLoginTes...)</span>
                <span class="method-start">87717 ms</span>
              </div> <!-- configuration-method after -->
              <div class="test-method">
                <img src="failed.png">
                </img>
                <span class="method-name">userLoginTestWithcWrongEmail(juli@haaa.com, 1234)</span>
                <span class="method-start">88527 ms</span>
              </div> <!-- test-method -->
              <div class="configuration-method after">
                <span class="method-name">temp([TestResult name=userLoginTestWithcWrongEmail status=FAILURE method=DDUserLoginPageTest.userLoginTes...)</span>
                <span class="method-start">88978 ms</span>
              </div> <!-- configuration-method after -->
              <div class="test-method">
                <img src="failed.png">
                </img>
                <span class="method-name">userLoginTestWithcWrongEmail(Jhon@vmail.com, pass)</span>
                <span class="method-start">89735 ms</span>
              </div> <!-- test-method -->
              <div class="configuration-method after">
                <span class="method-name">temp([TestResult name=userLoginTestWithcWrongEmail status=FAILURE method=DDUserLoginPageTest.userLoginTes...)</span>
                <span class="method-start">90135 ms</span>
              </div> <!-- configuration-method after -->
              <div class="test-method">
                <img src="failed.png">
                </img>
                <span class="method-name">userLoginTestWithcWrongEmail(shubhanYasgi@gmail.com, 1234)</span>
                <span class="method-start">90690 ms</span>
              </div> <!-- test-method -->
              <div class="configuration-method after">
                <span class="method-name">temp([TestResult name=userLoginTestWithcWrongEmail status=FAILURE method=DDUserLoginPageTest.userLoginTes...)</span>
                <span class="method-start">90943 ms</span>
              </div> <!-- configuration-method after -->
              <div class="test-method">
                <img src="failed.png">
                </img>
                <span class="method-name">userLoginTestWithcWrongPass(cshayan@gmail.com,  )</span>
                <span class="method-start">91788 ms</span>
              </div> <!-- test-method -->
              <div class="configuration-method after">
                <span class="method-name">temp([TestResult name=userLoginTestWithcWrongPass status=FAILURE method=DDUserLoginPageTest.userLoginTest...)</span>
                <span class="method-start">92119 ms</span>
              </div> <!-- configuration-method after -->
              <div class="test-method">
                <img src="failed.png">
                </img>
                <span class="method-name">userLoginTestWithcWrongPass(gaa@gmail.com, yash123)</span>
                <span class="method-start">92685 ms</span>
              </div> <!-- test-method -->
              <div class="configuration-method after">
                <span class="method-name">temp([TestResult name=userLoginTestWithcWrongPass status=FAILURE method=DDUserLoginPageTest.userLoginTest...)</span>
                <span class="method-start">92943 ms</span>
              </div> <!-- configuration-method after -->
              <div class="test-method">
                <img src="failed.png">
                </img>
                <span class="method-name">userLoginTestWithcWrongPass(sayantan1999arka@gmail.com, bbbb)</span>
                <span class="method-start">93454 ms</span>
              </div> <!-- test-method -->
              <div class="configuration-method after">
                <span class="method-name">temp([TestResult name=userLoginTestWithcWrongPass status=FAILURE method=DDUserLoginPageTest.userLoginTest...)</span>
                <span class="method-start">93763 ms</span>
              </div> <!-- configuration-method after -->
              <div class="test-method">
                <img src="failed.png">
                </img>
                <span class="method-name">userLoginTestWithcWrongPass(shayan90@gmail.com, none12)</span>
                <span class="method-start">94334 ms</span>
              </div> <!-- test-method -->
              <div class="configuration-method after">
                <span class="method-name">temp([TestResult name=userLoginTestWithcWrongPass status=FAILURE method=DDUserLoginPageTest.userLoginTest...)</span>
                <span class="method-start">94555 ms</span>
              </div> <!-- configuration-method after -->
              <div class="test-method">
                <img src="failed.png">
                </img>
                <span class="method-name">userLoginTestWithcWrongPass(abc@gmail.com, sapp)</span>
                <span class="method-start">95087 ms</span>
              </div> <!-- test-method -->
              <div class="configuration-method after">
                <span class="method-name">temp([TestResult name=userLoginTestWithcWrongPass status=FAILURE method=DDUserLoginPageTest.userLoginTest...)</span>
                <span class="method-start">95380 ms</span>
              </div> <!-- configuration-method after -->
              <div class="test-method">
                <img src="failed.png">
                </img>
                <span class="method-name">userLoginTestWithcWrongPass(juli@aa.com, root)</span>
                <span class="method-start">96005 ms</span>
              </div> <!-- test-method -->
              <div class="configuration-method after">
                <span class="method-name">temp([TestResult name=userLoginTestWithcWrongPass status=FAILURE method=DDUserLoginPageTest.userLoginTest...)</span>
                <span class="method-start">96324 ms</span>
              </div> <!-- configuration-method after -->
              <div class="test-method">
                <img src="failed.png">
                </img>
                <span class="method-name">userLoginTestWithcWrongPass(Jhon@gmail.com, p123s)</span>
                <span class="method-start">96870 ms</span>
              </div> <!-- test-method -->
              <div class="configuration-method after">
                <span class="method-name">temp([TestResult name=userLoginTestWithcWrongPass status=FAILURE method=DDUserLoginPageTest.userLoginTest...)</span>
                <span class="method-start">97082 ms</span>
              </div> <!-- configuration-method after -->
              <div class="test-method">
                <img src="failed.png">
                </img>
                <span class="method-name">userLoginTestWithcWrongPass(shubhangi@gmail.com, p55word)</span>
                <span class="method-start">97582 ms</span>
              </div> <!-- test-method -->
              <div class="configuration-method after">
                <span class="method-name">temp([TestResult name=userLoginTestWithcWrongPass status=FAILURE method=DDUserLoginPageTest.userLoginTest...)</span>
                <span class="method-start">97852 ms</span>
              </div> <!-- configuration-method after -->
              <div class="test-method">
                <img src="failed.png">
                </img>
                <span class="method-name">userLoginTestSensitive(csGHayan@gmail.com, 1234)</span>
                <span class="method-start">98630 ms</span>
              </div> <!-- test-method -->
              <div class="configuration-method after">
                <span class="method-name">temp([TestResult name=userLoginTestSensitive status=FAILURE method=DDUserLoginPageTest.userLoginTestSensi...)</span>
                <span class="method-start">98875 ms</span>
              </div> <!-- configuration-method after -->
              <div class="test-method">
                <img src="failed.png">
                </img>
                <span class="method-name">userLoginTestSensitive(Gaa@gmail.com, 1234)</span>
                <span class="method-start">99378 ms</span>
              </div> <!-- test-method -->
              <div class="configuration-method after">
                <span class="method-name">temp([TestResult name=userLoginTestSensitive status=FAILURE method=DDUserLoginPageTest.userLoginTestSensi...)</span>
                <span class="method-start">99677 ms</span>
              </div> <!-- configuration-method after -->
              <div class="test-method">
                <img src="failed.png">
                </img>
                <span class="method-name">userLoginTestSensitive(Sayantan1999arka@gmail.com, aaaa)</span>
                <span class="method-start">100241 ms</span>
              </div> <!-- test-method -->
              <div class="configuration-method after">
                <span class="method-name">temp([TestResult name=userLoginTestSensitive status=FAILURE method=DDUserLoginPageTest.userLoginTestSensi...)</span>
                <span class="method-start">100515 ms</span>
              </div> <!-- configuration-method after -->
              <div class="test-method">
                <span class="method-name">userLoginTestSensitive(shayan90@gmail.com, 1234)</span>
                <span class="method-start">100986 ms</span>
              </div> <!-- test-method -->
              <div class="configuration-method after">
                <span class="method-name">temp([TestResult name=userLoginTestSensitive status=SUCCESS method=DDUserLoginPageTest.userLoginTestSensi...)</span>
                <span class="method-start">101310 ms</span>
              </div> <!-- configuration-method after -->
              <div class="test-method">
                <img src="failed.png">
                </img>
                <span class="method-name">userLoginTestSensitive(ABC@gmail.com, 1234)</span>
                <span class="method-start">101310 ms</span>
              </div> <!-- test-method -->
              <div class="configuration-method after">
                <span class="method-name">temp([TestResult name=userLoginTestSensitive status=FAILURE method=DDUserLoginPageTest.userLoginTestSensi...)</span>
                <span class="method-start">101585 ms</span>
              </div> <!-- configuration-method after -->
              <div class="test-method">
                <img src="failed.png">
                </img>
                <span class="method-name">userLoginTestSensitive(JUli@aa.com, 1234)</span>
                <span class="method-start">102298 ms</span>
              </div> <!-- test-method -->
              <div class="configuration-method after">
                <span class="method-name">temp([TestResult name=userLoginTestSensitive status=FAILURE method=DDUserLoginPageTest.userLoginTestSensi...)</span>
                <span class="method-start">102537 ms</span>
              </div> <!-- configuration-method after -->
              <div class="test-method">
                <img src="failed.png">
                </img>
                <span class="method-name">userLoginTestSensitive(JHon@gmail.com, pass)</span>
                <span class="method-start">103003 ms</span>
              </div> <!-- test-method -->
              <div class="configuration-method after">
                <span class="method-name">temp([TestResult name=userLoginTestSensitive status=FAILURE method=DDUserLoginPageTest.userLoginTestSensi...)</span>
                <span class="method-start">103219 ms</span>
              </div> <!-- configuration-method after -->
              <div class="test-method">
                <img src="failed.png">
                </img>
                <span class="method-name">userLoginTestSensitive(SHubhangi@gmail.com, 1234)</span>
                <span class="method-start">103778 ms</span>
              </div> <!-- test-method -->
              <div class="configuration-method after">
                <span class="method-name">temp([TestResult name=userLoginTestSensitive status=FAILURE method=DDUserLoginPageTest.userLoginTestSensi...)</span>
                <span class="method-start">104065 ms</span>
              </div> <!-- configuration-method after -->
              <div class="configuration-test after">
                <span class="method-name">close</span>
                <span class="method-start">104557 ms</span>
              </div> <!-- configuration-test after -->
            </div> <!-- chronological-class -->
            <div class="chronological-class">
              <div class="chronological-class-name">mybank.testcases.PersonalDetailsPageTest</div> <!-- chronological-class-name -->
              <div class="configuration-test before">
                <span class="method-name">beforeTest</span>
                <span class="method-start">105938 ms</span>
              </div> <!-- configuration-test before -->
              <div class="test-method">
                <img src="failed.png">
                </img>
                <span class="method-name">personalDetailsTest</span>
                <span class="method-start">108993 ms</span>
              </div> <!-- test-method -->
              <div class="configuration-method after">
                <span class="method-name">temp([TestResult name=personalDetailsTest status=FAILURE method=PersonalDetailsPageTest.personalDetailsTe...)</span>
                <span class="method-start">110938 ms</span>
              </div> <!-- configuration-method after -->
              <div class="configuration-test after">
                <span class="method-name">tear</span>
                <span class="method-start">111064 ms</span>
              </div> <!-- configuration-test after -->
            </div> <!-- chronological-class -->
            <div class="chronological-class">
              <div class="chronological-class-name">mybank.testcases.TransactionRecordPageTest</div> <!-- chronological-class-name -->
              <div class="configuration-test before">
                <span class="method-name">beforeTest</span>
                <span class="method-start">111337 ms</span>
              </div> <!-- configuration-test before -->
              <div class="test-method">
                <img src="failed.png">
                </img>
                <span class="method-name">TransactionRecordTest</span>
                <span class="method-start">114577 ms</span>
              </div> <!-- test-method -->
              <div class="configuration-method after">
                <span class="method-name">temp([TestResult name=TransactionRecordTest status=FAILURE method=TransactionRecordPageTest.TransactionRe...)</span>
                <span class="method-start">116668 ms</span>
              </div> <!-- configuration-method after -->
              <div class="configuration-test after">
                <span class="method-name">tear</span>
                <span class="method-start">116848 ms</span>
              </div> <!-- configuration-test after -->
            </div> <!-- chronological-class -->
            <div class="chronological-class">
              <div class="chronological-class-name">mybank.testcases.WithdrawMoneyPageTest</div> <!-- chronological-class-name -->
              <div class="configuration-test before">
                <span class="method-name">beforeTest</span>
                <span class="method-start">118271 ms</span>
              </div> <!-- configuration-test before -->
              <div class="test-method">
                <span class="method-name">requestAtmPageAvabilityTest(abc@gmail.com, 1234)</span>
                <span class="method-start">121318 ms</span>
              </div> <!-- test-method -->
              <div class="configuration-method after">
                <span class="method-name">temp([TestResult name=requestAtmPageAvabilityTest status=SUCCESS method=WithdrawMoneyPageTest.requestAtmP...)</span>
                <span class="method-start">122761 ms</span>
              </div> <!-- configuration-method after -->
              <div class="test-method">
                <span class="method-name">Test2</span>
                <span class="method-start">122762 ms</span>
              </div> <!-- test-method -->
              <div class="configuration-method after">
                <span class="method-name">temp([TestResult name=Test2 status=SUCCESS method=WithdrawMoneyPageTest.Test2()[pri:2, instance:mybank.te...)</span>
                <span class="method-start">123165 ms</span>
              </div> <!-- configuration-method after -->
              <div class="test-method">
                <img src="failed.png">
                </img>
                <span class="method-name">Test3</span>
                <span class="method-start">123166 ms</span>
              </div> <!-- test-method -->
              <div class="configuration-method after">
                <span class="method-name">temp([TestResult name=Test3 status=FAILURE method=WithdrawMoneyPageTest.Test3()[pri:3, instance:mybank.te...)</span>
                <span class="method-start">123441 ms</span>
              </div> <!-- configuration-method after -->
              <div class="test-method">
                <img src="failed.png">
                </img>
                <span class="method-name">Test4</span>
                <span class="method-start">123594 ms</span>
              </div> <!-- test-method -->
              <div class="configuration-method after">
                <span class="method-name">temp([TestResult name=Test4 status=FAILURE method=WithdrawMoneyPageTest.Test4()[pri:4, instance:mybank.te...)</span>
                <span class="method-start">123860 ms</span>
              </div> <!-- configuration-method after -->
              <div class="test-method">
                <span class="method-name">Test5</span>
                <span class="method-start">124021 ms</span>
              </div> <!-- test-method -->
              <div class="configuration-method after">
                <span class="method-name">temp([TestResult name=Test5 status=SUCCESS method=WithdrawMoneyPageTest.Test5()[pri:5, instance:mybank.te...)</span>
                <span class="method-start">124224 ms</span>
              </div> <!-- configuration-method after -->
              <div class="configuration-test after">
                <span class="method-name">ShutDown</span>
                <span class="method-start">124225 ms</span>
              </div> <!-- configuration-test after -->
            </div> <!-- chronological-class -->
            <div class="chronological-class">
              <div class="chronological-class-name">mybank.testcases.SignUpPageTest</div> <!-- chronological-class-name -->
              <div class="configuration-test before">
                <span class="method-name">setUp</span>
                <span class="method-start">124993 ms</span>
              </div> <!-- configuration-test before -->
              <div class="test-method">
                <span class="method-name">EnterData</span>
                <span class="method-start">128750 ms</span>
              </div> <!-- test-method -->
              <div class="configuration-method after">
                <span class="method-name">temp([TestResult name=EnterData status=SUCCESS method=SignUpPageTest.EnterData()[pri:1, instance:mybank.t...)</span>
                <span class="method-start">135280 ms</span>
              </div> <!-- configuration-method after -->
              <div class="configuration-test after">
                <span class="method-name">tear</span>
                <span class="method-start">135280 ms</span>
              </div> <!-- configuration-test after -->
            </div> <!-- chronological-class -->
            <div class="chronological-class">
              <div class="chronological-class-name">mybank.testcases.SignUpPageValidationTest</div> <!-- chronological-class-name -->
              <div class="configuration-test before">
                <span class="method-name">setUp</span>
                <span class="method-start">136845 ms</span>
              </div> <!-- configuration-test before -->
              <div class="test-method">
                <img src="failed.png">
                </img>
                <span class="method-name">SignUpWithInvalidEmailId</span>
                <span class="method-start">139929 ms</span>
              </div> <!-- test-method -->
              <div class="configuration-method after">
                <span class="method-name">temp([TestResult name=SignUpWithInvalidEmailId status=FAILURE method=SignUpPageValidationTest.SignUpWithI...)</span>
                <span class="method-start">141180 ms</span>
              </div> <!-- configuration-method after -->
              <div class="test-method">
                <span class="method-name">signWithInvalidAccNumber</span>
                <span class="method-start">141680 ms</span>
              </div> <!-- test-method -->
              <div class="configuration-method after">
                <span class="method-name">temp([TestResult name=signWithInvalidAccNumber status=SUCCESS method=SignUpPageValidationTest.signWithInv...)</span>
                <span class="method-start">143591 ms</span>
              </div> <!-- configuration-method after -->
              <div class="configuration-test after">
                <span class="method-name">tear</span>
                <span class="method-start">143591 ms</span>
              </div> <!-- configuration-test after -->
            </div> <!-- chronological-class -->
            <div class="chronological-class">
              <div class="chronological-class-name">mybank.testcases.HomePageTest</div> <!-- chronological-class-name -->
              <div class="configuration-test before">
                <span class="method-name">beforeSuite</span>
                <span class="method-start">145281 ms</span>
              </div> <!-- configuration-test before -->
              <div class="test-method">
                <span class="method-name">LoginTest</span>
                <span class="method-start">148424 ms</span>
              </div> <!-- test-method -->
              <div class="configuration-method after">
                <span class="method-name">temp([TestResult name=LoginTest status=SUCCESS method=HomePageTest.LoginTest()[pri:0, instance:mybank.tes...)</span>
                <span class="method-start">149814 ms</span>
              </div> <!-- configuration-method after -->
              <div class="test-method">
                <span class="method-name">mybankLogoClickTest</span>
                <span class="method-start">149814 ms</span>
              </div> <!-- test-method -->
              <div class="configuration-method after">
                <span class="method-name">temp([TestResult name=mybankLogoClickTest status=SUCCESS method=HomePageTest.mybankLogoClickTest()[pri:1,...)</span>
                <span class="method-start">149929 ms</span>
              </div> <!-- configuration-method after -->
              <div class="test-method">
                <span class="method-name">homeClickTest</span>
                <span class="method-start">149929 ms</span>
              </div> <!-- test-method -->
              <div class="configuration-method after">
                <span class="method-name">temp([TestResult name=homeClickTest status=SUCCESS method=HomePageTest.homeClickTest()[pri:2, instance:my...)</span>
                <span class="method-start">150038 ms</span>
              </div> <!-- configuration-method after -->
              <div class="test-method">
                <span class="method-name">featuresClickTest</span>
                <span class="method-start">150039 ms</span>
              </div> <!-- test-method -->
              <div class="configuration-method after">
                <span class="method-name">temp([TestResult name=featuresClickTest status=SUCCESS method=HomePageTest.featuresClickTest()[pri:3, ins...)</span>
                <span class="method-start">150232 ms</span>
              </div> <!-- configuration-method after -->
              <div class="test-method">
                <span class="method-name">aboutFAQsClickTest</span>
                <span class="method-start">150233 ms</span>
              </div> <!-- test-method -->
              <div class="configuration-method after">
                <span class="method-name">temp([TestResult name=aboutFAQsClickTest status=SUCCESS method=HomePageTest.aboutFAQsClickTest()[pri:4, i...)</span>
                <span class="method-start">150576 ms</span>
              </div> <!-- configuration-method after -->
              <div class="test-method">
                <span class="method-name">contactUsClickTest</span>
                <span class="method-start">150577 ms</span>
              </div> <!-- test-method -->
              <div class="configuration-method after">
                <span class="method-name">temp([TestResult name=contactUsClickTest status=SUCCESS method=HomePageTest.contactUsClickTest()[pri:5, i...)</span>
                <span class="method-start">150851 ms</span>
              </div> <!-- configuration-method after -->
              <div class="test-method">
                <span class="method-name">safetyBankingTipsClickTest</span>
                <span class="method-start">150852 ms</span>
              </div> <!-- test-method -->
              <div class="configuration-method after">
                <span class="method-name">temp([TestResult name=safetyBankingTipsClickTest status=SUCCESS method=HomePageTest.safetyBankingTipsClic...)</span>
                <span class="method-start">151133 ms</span>
              </div> <!-- configuration-method after -->
              <div class="test-method">
                <span class="method-name">adminLoginClickTest</span>
                <span class="method-start">151134 ms</span>
              </div> <!-- test-method -->
              <div class="configuration-method after">
                <span class="method-name">temp([TestResult name=adminLoginClickTest status=SUCCESS method=HomePageTest.adminLoginClickTest()[pri:7,...)</span>
                <span class="method-start">151361 ms</span>
              </div> <!-- configuration-method after -->
              <div class="test-method">
                <span class="method-name">loginClickTest</span>
                <span class="method-start">151362 ms</span>
              </div> <!-- test-method -->
              <div class="configuration-method after">
                <span class="method-name">temp([TestResult name=loginClickTest status=SUCCESS method=HomePageTest.loginClickTest()[pri:8, instance:...)</span>
                <span class="method-start">151601 ms</span>
              </div> <!-- configuration-method after -->
              <div class="test-method">
                <span class="method-name">signUpClickTest</span>
                <span class="method-start">151602 ms</span>
              </div> <!-- test-method -->
              <div class="configuration-method after">
                <span class="method-name">temp([TestResult name=signUpClickTest status=SUCCESS method=HomePageTest.signUpClickTest()[pri:9, instanc...)</span>
                <span class="method-start">151940 ms</span>
              </div> <!-- configuration-method after -->
              <div class="test-method">
                <span class="method-name">contactUsTest</span>
                <span class="method-start">151941 ms</span>
              </div> <!-- test-method -->
              <div class="configuration-method after">
                <span class="method-name">temp([TestResult name=contactUsTest status=SUCCESS method=HomePageTest.contactUsTest()[pri:10, instance:m...)</span>
                <span class="method-start">152392 ms</span>
              </div> <!-- configuration-method after -->
              <div class="test-method">
                <span class="method-name">redirectSafetyTips</span>
                <span class="method-start">152392 ms</span>
              </div> <!-- test-method -->
              <div class="configuration-method after">
                <span class="method-name">temp([TestResult name=redirectSafetyTips status=SUCCESS method=HomePageTest.redirectSafetyTips()[pri:11, ...)</span>
                <span class="method-start">152633 ms</span>
              </div> <!-- configuration-method after -->
              <div class="test-method">
                <span class="method-name">redirectFacebook</span>
                <span class="method-start">152633 ms</span>
              </div> <!-- test-method -->
              <div class="configuration-method after">
                <span class="method-name">temp([TestResult name=redirectFacebook status=SUCCESS method=HomePageTest.redirectFacebook()[pri:12, inst...)</span>
                <span class="method-start">154282 ms</span>
              </div> <!-- configuration-method after -->
              <div class="test-method">
                <span class="method-name">redirectTwitter</span>
                <span class="method-start">154282 ms</span>
              </div> <!-- test-method -->
              <div class="configuration-method after">
                <span class="method-name">temp([TestResult name=redirectTwitter status=SUCCESS method=HomePageTest.redirectTwitter()[pri:13, instan...)</span>
                <span class="method-start">157278 ms</span>
              </div> <!-- configuration-method after -->
              <div class="test-method">
                <span class="method-name">redirectYoutube</span>
                <span class="method-start">157279 ms</span>
              </div> <!-- test-method -->
              <div class="configuration-method after">
                <span class="method-name">temp([TestResult name=redirectYoutube status=SUCCESS method=HomePageTest.redirectYoutube()[pri:14, instan...)</span>
                <span class="method-start">163844 ms</span>
              </div> <!-- configuration-method after -->
              <div class="test-method">
                <span class="method-name">redirectGoogle</span>
                <span class="method-start">163845 ms</span>
              </div> <!-- test-method -->
              <div class="configuration-method after">
                <span class="method-name">temp([TestResult name=redirectGoogle status=SUCCESS method=HomePageTest.redirectGoogle()[pri:15, instance...)</span>
                <span class="method-start">165460 ms</span>
              </div> <!-- configuration-method after -->
              <div class="test-method">
                <span class="method-name">redirectInstagram</span>
                <span class="method-start">165461 ms</span>
              </div> <!-- test-method -->
              <div class="configuration-method after">
                <span class="method-name">temp([TestResult name=redirectInstagram status=SUCCESS method=HomePageTest.redirectInstagram()[pri:16, in...)</span>
                <span class="method-start">169785 ms</span>
              </div> <!-- configuration-method after -->
              <div class="test-method">
                <span class="method-name">redirectLinkedIn</span>
                <span class="method-start">169785 ms</span>
              </div> <!-- test-method -->
              <div class="configuration-method after">
                <span class="method-name">temp([TestResult name=redirectLinkedIn status=SUCCESS method=HomePageTest.redirectLinkedIn()[pri:17, inst...)</span>
                <span class="method-start">173626 ms</span>
              </div> <!-- configuration-method after -->
              <div class="configuration-test after">
                <span class="method-name">tear</span>
                <span class="method-start">173626 ms</span>
              </div> <!-- configuration-test after -->
              <div class="configuration-suite after">
                <span class="method-name">tearDown</span>
                <span class="method-start">176017 ms</span>
              </div> <!-- configuration-suite after -->
          </div> <!-- main-panel-content rounded-window-bottom -->
        </div> <!-- panel -->
      </div> <!-- main-panel-root -->
    </div> <!-- wrapper -->
  </body>
</html>
