<!DOCTYPE html PUBLIC "-//W3C//DTD XHTML 1.1//EN" "http://www.w3.org/TR/xhtml11/DTD/xhtml11.dtd">
<html xmlns="http://www.w3.org/1999/xhtml"><head><title>TestNG Report</title><style type="text/css">table {margin-bottom:10px;border-collapse:collapse;empty-cells:show}th,td {border:1px solid #009;padding:.25em .5em}th {vertical-align:bottom}td {vertical-align:top}table a {font-weight:bold}.stripe td {background-color: #E6EBF9}.num {text-align:right}.passedodd td {background-color: #3F3}.passedeven td {background-color: #0A0}.skippedodd td {background-color: #DDD}.skippedeven td {background-color: #CCC}.failedodd td,.attn {background-color: #F33}.failedeven td,.stripe .attn {background-color: #D00}.stacktrace {white-space:pre;font-family:monospace}.totop {font-size:85%;text-align:center;border-bottom:2px solid #000}</style></head><body><table><tr><th>Test</th><th># Passed</th><th># Skipped</th><th># Failed</th><th>Time (ms)</th><th>Included Groups</th><th>Excluded Groups</th></tr><tr><th colspan="7">MybankTestSuite</th></tr><tr><td><a href="#t0">UserLoginPageTest</a></td><td class="num">1</td><td class="num">0</td><td class="num">0</td><td class="num">7,413</td><td></td><td></td></tr><tr class="stripe"><td><a href="#t1">RequestAtmPageTest</a></td><td class="num">1</td><td class="num">0</td><td class="num">0</td><td class="num">5,894</td><td></td><td></td></tr><tr><td><a href="#t2">AdminPageDDTest</a></td><td class="num">1</td><td class="num">0</td><td class="num">0</td><td class="num">5,645</td><td></td><td></td></tr><tr class="stripe"><td><a href="#t3">AdminRegisteredUsersPageTest</a></td><td class="num">1</td><td class="num">0</td><td class="num">0</td><td class="num">6,233</td><td></td><td></td></tr><tr><td><a href="#t4">ApproveMoneyToUserAccountPageTest</a></td><td class="num">1</td><td class="num">0</td><td class="num">0</td><td class="num">6,131</td><td></td><td></td></tr><tr class="stripe"><td><a href="#t5">ApproveWithdrawalOfMoneyPageTest</a></td><td class="num">1</td><td class="num">0</td><td class="num">0</td><td class="num">6,025</td><td></td><td></td></tr><tr><td><a href="#t6">AdminAtmCardReqPageTest</a></td><td class="num">1</td><td class="num">0</td><td class="num">0</td><td class="num">5,480</td><td></td><td></td></tr><tr class="stripe"><td><a href="#t7">AddMoneyPageTest</a></td><td class="num">4</td><td class="num">0</td><td class="num">0</td><td class="num">6,749</td><td></td><td></td></tr><tr><td><a href="#t8">AddBeneficiaryPageTest</a></td><td class="num">2</td><td class="num">0</td><td class="num">0</td><td class="num">8,373</td><td></td><td></td></tr><tr class="stripe"><td><a href="#t9">DDUserLoginPageTest</a></td><td class="num">6</td><td class="num">0</td><td class="num attn">33</td><td class="num">36,549</td><td></td><td></td></tr><tr><td><a href="#t10">PersonalDetailsPageTest</a></td><td class="num">0</td><td class="num">0</td><td class="num attn">1</td><td class="num">5,429</td><td></td><td></td></tr><tr class="stripe"><td><a href="#t11">TransactionRecordPageTest</a></td><td class="num">0</td><td class="num">0</td><td class="num attn">1</td><td class="num">6,489</td><td></td><td></td></tr><tr><td><a href="#t12">WithdrawMoneyPageTest</a></td><td class="num">4</td><td class="num">0</td><td class="num attn">1</td><td class="num">5,297</td><td></td><td></td></tr><tr class="stripe"><td><a href="#t13">SignUpPageTest</a></td><td class="num">1</td><td class="num">0</td><td class="num">0</td><td class="num">10,143</td><td></td><td></td></tr><tr><td><a href="#t14">SignUpPageValidationTest</a></td><td class="num">1</td><td class="num">0</td><td class="num attn">1</td><td class="num">8,120</td><td></td><td></td></tr><tr class="stripe"><td><a href="#t15">HomePageTest</a></td><td class="num">18</td><td class="num">0</td><td class="num">0</td><td class="num">28,703</td><td></td><td></td></tr><tr><th>Total</th><th class="num">43</th><th class="num">0</th><th class="num attn">37</th><th class="num">158,673</th><th colspan="2"></th></tr></table><table id='summary'><thead><tr><th>Class</th><th>Method</th><th>Start</th><th>Time (ms)</th></tr></thead><tbody><tr><th colspan="4">MybankTestSuite</th></tr></tbody><tbody id="t0"><tr><th colspan="4">UserLoginPageTest &#8212; passed</th></tr><tr class="passedeven"><td rowspan="1">mybank.testcases.UserLoginPageTest</td><td><a href="#m0">LoginTest</a></td><td rowspan="1">1639744358630</td><td rowspan="1">983</td></tr></tbody><tbody id="t1"><tr><th colspan="4">RequestAtmPageTest &#8212; passed</th></tr><tr class="passedeven"><td rowspan="1">mybank.testcases.RequestAtmPageTest</td><td><a href="#m1">requestAtmPageAvabilityTest</a></td><td rowspan="1">1639744363915</td><td rowspan="1">1663</td></tr></tbody><tbody id="t2"><tr><th colspan="4">AdminPageDDTest &#8212; passed</th></tr><tr class="passedeven"><td rowspan="1">mybank.testcases.AdminPageDDTest</td><td><a href="#m2">adminLoginTest</a></td><td rowspan="1">1639744370181</td><td rowspan="1">935</td></tr></tbody><tbody id="t3"><tr><th colspan="4">AdminRegisteredUsersPageTest &#8212; passed</th></tr><tr class="passedeven"><td rowspan="1">mybank.testcases.AdminRegisteredUsersPageTest</td><td><a href="#m3">registeredUserPageAvabilityTest</a></td><td rowspan="1">1639744375469</td><td rowspan="1">1893</td></tr></tbody><tbody id="t4"><tr><th colspan="4">ApproveMoneyToUserAccountPageTest &#8212; passed</th></tr><tr class="passedeven"><td rowspan="1">mybank.testcases.ApproveMoneyToUserAccountPageTest</td><td><a href="#m4">approveMoneyToUserAccountPageAvabilityTest</a></td><td rowspan="1">1639744381653</td><td rowspan="1">1245</td></tr></tbody><tbody id="t5"><tr><th colspan="4">ApproveWithdrawalOfMoneyPageTest &#8212; passed</th></tr><tr class="passedeven"><td rowspan="1">mybank.testcases.ApproveWithdrawalOfMoneyPageTest</td><td><a href="#m5">approveWithdrawalOfMoneyPageAvabilityTest</a></td><td rowspan="1">1639744387829</td><td rowspan="1">1559</td></tr></tbody><tbody id="t6"><tr><th colspan="4">AdminAtmCardReqPageTest &#8212; passed</th></tr><tr class="passedeven"><td rowspan="1">mybank.testcases.AdminAtmCardReqPageTest</td><td><a href="#m6">adminATMReqPageTest</a></td><td rowspan="1">1639744394037</td><td rowspan="1">1145</td></tr></tbody><tbody id="t7"><tr><th colspan="4">AddMoneyPageTest &#8212; passed</th></tr><tr class="passedeven"><td rowspan="4">mybank.testcases.AddMoneyPageTest</td><td><a href="#m7">addMoneyPageAvabilityTest</a></td><td rowspan="1">1639744399286</td><td rowspan="1">1414</td></tr><tr class="passedeven"><td><a href="#m8">test2</a></td><td rowspan="1">1639744400702</td><td rowspan="1">472</td></tr><tr class="passedeven"><td><a href="#m9">test3</a></td><td rowspan="1">1639744401175</td><td rowspan="1">383</td></tr><tr class="passedeven"><td><a href="#m10">test4</a></td><td rowspan="1">1639744401559</td><td rowspan="1">365</td></tr></tbody><tbody id="t8"><tr><th colspan="4">AddBeneficiaryPageTest &#8212; passed</th></tr><tr class="passedeven"><td rowspan="2">mybank.testcases.AddBeneficiaryPageTest</td><td><a href="#m11">addBeneficiaryTest</a></td><td rowspan="1">1639744406069</td><td rowspan="1">3613</td></tr><tr class="passedeven"><td><a href="#m12">invalidCredentialsTest</a></td><td rowspan="1">1639744409683</td><td rowspan="1">669</td></tr></tbody><tbody id="t9"><tr><th colspan="4">DDUserLoginPageTest &#8212; failed</th></tr><tr class="failedeven"><td rowspan="33">mybank.testcases.DDUserLoginPageTest</td><td><a href="#m13">userLoginTestSensitive</a></td><td rowspan="7">1639744446046</td><td rowspan="7">333</td></tr><tr class="failedeven"><td><a href="#m14">userLoginTestSensitive</a></td></tr><tr class="failedeven"><td><a href="#m15">userLoginTestSensitive</a></td></tr><tr class="failedeven"><td><a href="#m16">userLoginTestSensitive</a></td></tr><tr class="failedeven"><td><a href="#m17">userLoginTestSensitive</a></td></tr><tr class="failedeven"><td><a href="#m18">userLoginTestSensitive</a></td></tr><tr class="failedeven"><td><a href="#m19">userLoginTestSensitive</a></td></tr><tr class="failedeven"><td><a href="#m20">userLoginTestWithcWrongData</a></td><td rowspan="7">1639744427008</td><td rowspan="7">237</td></tr><tr class="failedeven"><td><a href="#m21">userLoginTestWithcWrongData</a></td></tr><tr class="failedeven"><td><a href="#m22">userLoginTestWithcWrongData</a></td></tr><tr class="failedeven"><td><a href="#m23">userLoginTestWithcWrongData</a></td></tr><tr class="failedeven"><td><a href="#m24">userLoginTestWithcWrongData</a></td></tr><tr class="failedeven"><td><a href="#m25">userLoginTestWithcWrongData</a></td></tr><tr class="failedeven"><td><a href="#m26">userLoginTestWithcWrongData</a></td></tr><tr class="failedeven"><td><a href="#m27">userLoginTestWithcWrongEmail</a></td><td rowspan="8">1639744428902</td><td rowspan="8">321</td></tr><tr class="failedeven"><td><a href="#m28">userLoginTestWithcWrongEmail</a></td></tr><tr class="failedeven"><td><a href="#m29">userLoginTestWithcWrongEmail</a></td></tr><tr class="failedeven"><td><a href="#m30">userLoginTestWithcWrongEmail</a></td></tr><tr class="failedeven"><td><a href="#m31">userLoginTestWithcWrongEmail</a></td></tr><tr class="failedeven"><td><a href="#m32">userLoginTestWithcWrongEmail</a></td></tr><tr class="failedeven"><td><a href="#m33">userLoginTestWithcWrongEmail</a></td></tr><tr class="failedeven"><td><a href="#m34">userLoginTestWithcWrongEmail</a></td></tr><tr class="failedeven"><td><a href="#m35">userLoginTestWithcWrongPass</a></td><td rowspan="8">1639744435573</td><td rowspan="8">287</td></tr><tr class="failedeven"><td><a href="#m36">userLoginTestWithcWrongPass</a></td></tr><tr class="failedeven"><td><a href="#m37">userLoginTestWithcWrongPass</a></td></tr><tr class="failedeven"><td><a href="#m38">userLoginTestWithcWrongPass</a></td></tr><tr class="failedeven"><td><a href="#m39">userLoginTestWithcWrongPass</a></td></tr><tr class="failedeven"><td><a href="#m40">userLoginTestWithcWrongPass</a></td></tr><tr class="failedeven"><td><a href="#m41">userLoginTestWithcWrongPass</a></td></tr><tr class="failedeven"><td><a href="#m42">userLoginTestWithcWrongPass</a></td></tr><tr class="failedeven"><td><a href="#m43">userLoginTestWithcorrectData</a></td><td rowspan="3">1639744421064</td><td rowspan="3">301</td></tr><tr class="failedeven"><td><a href="#m44">userLoginTestWithcorrectData</a></td></tr><tr class="failedeven"><td><a href="#m45">userLoginTestWithcorrectData</a></td></tr><tr><th colspan="4">DDUserLoginPageTest &#8212; passed</th></tr><tr class="passedeven"><td rowspan="6">mybank.testcases.DDUserLoginPageTest</td><td><a href="#m46">userLoginTestSensitive</a></td><td rowspan="1">1639744443617</td><td rowspan="1">267</td></tr><tr class="passedeven"><td><a href="#m47">userLoginTestWithcorrectData</a></td><td rowspan="5">1639744416346</td><td rowspan="5">1183</td></tr><tr class="passedeven"><td><a href="#m48">userLoginTestWithcorrectData</a></td></tr><tr class="passedeven"><td><a href="#m49">userLoginTestWithcorrectData</a></td></tr><tr class="passedeven"><td><a href="#m50">userLoginTestWithcorrectData</a></td></tr><tr class="passedeven"><td><a href="#m51">userLoginTestWithcorrectData</a></td></tr></tbody><tbody id="t10"><tr><th colspan="4">PersonalDetailsPageTest &#8212; failed</th></tr><tr class="failedeven"><td rowspan="1">mybank.testcases.PersonalDetailsPageTest</td><td><a href="#m52">personalDetailsTest</a></td><td rowspan="1">1639744451499</td><td rowspan="1">1936</td></tr></tbody><tbody id="t11"><tr><th colspan="4">TransactionRecordPageTest &#8212; failed</th></tr><tr class="failedeven"><td rowspan="1">mybank.testcases.TransactionRecordPageTest</td><td><a href="#m53">TransactionRecordTest</a></td><td rowspan="1">1639744456997</td><td rowspan="1">1722</td></tr></tbody><tbody id="t12"><tr><th colspan="4">WithdrawMoneyPageTest &#8212; failed</th></tr><tr class="failedeven"><td rowspan="1">mybank.testcases.WithdrawMoneyPageTest</td><td><a href="#m54">Test3</a></td><td rowspan="1">1639744464662</td><td rowspan="1">241</td></tr><tr><th colspan="4">WithdrawMoneyPageTest &#8212; passed</th></tr><tr class="passedeven"><td rowspan="4">mybank.testcases.WithdrawMoneyPageTest</td><td><a href="#m55">Test2</a></td><td rowspan="1">1639744464364</td><td rowspan="1">297</td></tr><tr class="passedeven"><td><a href="#m56">Test4</a></td><td rowspan="1">1639744465012</td><td rowspan="1">245</td></tr><tr class="passedeven"><td><a href="#m57">Test5</a></td><td rowspan="1">1639744465258</td><td rowspan="1">220</td></tr><tr class="passedeven"><td><a href="#m58">requestAtmPageAvabilityTest</a></td><td rowspan="1">1639744463228</td><td rowspan="1">1135</td></tr></tbody><tbody id="t13"><tr><th colspan="4">SignUpPageTest &#8212; passed</th></tr><tr class="passedeven"><td rowspan="1">mybank.testcases.SignUpPageTest</td><td><a href="#m59">EnterData</a></td><td rowspan="1">1639744468739</td><td rowspan="1">5658</td></tr></tbody><tbody id="t14"><tr><th colspan="4">SignUpPageValidationTest &#8212; failed</th></tr><tr class="failedeven"><td rowspan="1">mybank.testcases.SignUpPageValidationTest</td><td><a href="#m60">SignUpWithInvalidEmailId</a></td><td rowspan="1">1639744478660</td><td rowspan="1">973</td></tr><tr><th colspan="4">SignUpPageValidationTest &#8212; passed</th></tr><tr class="passedeven"><td rowspan="1">mybank.testcases.SignUpPageValidationTest</td><td><a href="#m61">signWithInvalidAccNumber</a></td><td rowspan="1">1639744480086</td><td rowspan="1">2169</td></tr></tbody><tbody id="t15"><tr><th colspan="4">HomePageTest &#8212; passed</th></tr><tr class="passedeven"><td rowspan="18">mybank.testcases.HomePageTest</td><td><a href="#m62">LoginTest</a></td><td rowspan="1">1639744486800</td><td rowspan="1">1336</td></tr><tr class="passedeven"><td><a href="#m63">aboutFAQsClickTest</a></td><td rowspan="1">1639744488539</td><td rowspan="1">219</td></tr><tr class="passedeven"><td><a href="#m64">adminLoginClickTest</a></td><td rowspan="1">1639744489208</td><td rowspan="1">221</td></tr><tr class="passedeven"><td><a href="#m65">contactUsClickTest</a></td><td rowspan="1">1639744488760</td><td rowspan="1">209</td></tr><tr class="passedeven"><td><a href="#m66">contactUsTest</a></td><td rowspan="1">1639744489891</td><td rowspan="1">479</td></tr><tr class="passedeven"><td><a href="#m67">featuresClickTest</a></td><td rowspan="1">1639744488387</td><td rowspan="1">151</td></tr><tr class="passedeven"><td><a href="#m68">homeClickTest</a></td><td rowspan="1">1639744488258</td><td rowspan="1">128</td></tr><tr class="passedeven"><td><a href="#m69">loginClickTest</a></td><td rowspan="1">1639744489431</td><td rowspan="1">184</td></tr><tr class="passedeven"><td><a href="#m70">mybankLogoClickTest</a></td><td rowspan="1">1639744488142</td><td rowspan="1">115</td></tr><tr class="passedeven"><td><a href="#m71">redirectFacebook</a></td><td rowspan="1">1639744490625</td><td rowspan="1">1374</td></tr><tr class="passedeven"><td><a href="#m72">redirectGoogle</a></td><td rowspan="1">1639744502016</td><td rowspan="1">1550</td></tr><tr class="passedeven"><td><a href="#m73">redirectInstagram</a></td><td rowspan="1">1639744503567</td><td rowspan="1">4200</td></tr><tr class="passedeven"><td><a href="#m74">redirectLinkedIn</a></td><td rowspan="1">1639744507768</td><td rowspan="1">2098</td></tr><tr class="passedeven"><td><a href="#m75">redirectSafetyTips</a></td><td rowspan="1">1639744490371</td><td rowspan="1">253</td></tr><tr class="passedeven"><td><a href="#m76">redirectTwitter</a></td><td rowspan="1">1639744492001</td><td rowspan="1">5235</td></tr><tr class="passedeven"><td><a href="#m77">redirectYoutube</a></td><td rowspan="1">1639744497237</td><td rowspan="1">4778</td></tr><tr class="passedeven"><td><a href="#m78">safetyBankingTipsClickTest</a></td><td rowspan="1">1639744488970</td><td rowspan="1">237</td></tr><tr class="passedeven"><td><a href="#m79">signUpClickTest</a></td><td rowspan="1">1639744489617</td><td rowspan="1">273</td></tr></tbody></table><h2>UserLoginPageTest</h2><h3 id="m0">mybank.testcases.UserLoginPageTest#LoginTest</h3><table class="result"><tr class="param"><th>Parameter #1</th><th>Parameter #2</th></tr><tr class="param stripe"><td>abc@gmail.com</td><td>1234</td></tr></table><p class="totop"><a href="#summary">back to summary</a></p><h2>RequestAtmPageTest</h2><h3 id="m1">mybank.testcases.RequestAtmPageTest#requestAtmPageAvabilityTest</h3><table class="result"><tr class="param"><th>Parameter #1</th><th>Parameter #2</th></tr><tr class="param stripe"><td>abc@gmail.com</td><td>1234</td></tr></table><p class="totop"><a href="#summary">back to summary</a></p><h2>AdminPageDDTest</h2><h3 id="m2">mybank.testcases.AdminPageDDTest#adminLoginTest</h3><table class="result"><tr class="param"><th>Parameter #1</th><th>Parameter #2</th></tr><tr class="param stripe"><td>admin@gmail.com</td><td>admin123</td></tr></table><p class="totop"><a href="#summary">back to summary</a></p><h2>AdminRegisteredUsersPageTest</h2><h3 id="m3">mybank.testcases.AdminRegisteredUsersPageTest#registeredUserPageAvabilityTest</h3><table class="result"><tr class="param"><th>Parameter #1</th><th>Parameter #2</th></tr><tr class="param stripe"><td>admin@gmail.com</td><td>admin123</td></tr></table><p class="totop"><a href="#summary">back to summary</a></p><h2>ApproveMoneyToUserAccountPageTest</h2><h3 id="m4">mybank.testcases.ApproveMoneyToUserAccountPageTest#approveMoneyToUserAccountPageAvabilityTest</h3><table class="result"><tr class="param"><th>Parameter #1</th><th>Parameter #2</th></tr><tr class="param stripe"><td>admin@gmail.com</td><td>admin123</td></tr></table><p class="totop"><a href="#summary">back to summary</a></p><h2>ApproveWithdrawalOfMoneyPageTest</h2><h3 id="m5">mybank.testcases.ApproveWithdrawalOfMoneyPageTest#approveWithdrawalOfMoneyPageAvabilityTest</h3><table class="result"><tr class="param"><th>Parameter #1</th><th>Parameter #2</th></tr><tr class="param stripe"><td>admin@gmail.com</td><td>admin123</td></tr></table><p class="totop"><a href="#summary">back to summary</a></p><h2>AdminAtmCardReqPageTest</h2><h3 id="m6">mybank.testcases.AdminAtmCardReqPageTest#adminATMReqPageTest</h3><table class="result"><tr class="param"><th>Parameter #1</th><th>Parameter #2</th></tr><tr class="param stripe"><td>admin@gmail.com</td><td>admin123</td></tr></table><p class="totop"><a href="#summary">back to summary</a></p><h2>AddMoneyPageTest</h2><h3 id="m7">mybank.testcases.AddMoneyPageTest#addMoneyPageAvabilityTest</h3><table class="result"><tr class="param"><th>Parameter #1</th><th>Parameter #2</th></tr><tr class="param stripe"><td>abc@gmail.com</td><td>1234</td></tr></table><p class="totop"><a href="#summary">back to summary</a></p><h3 id="m8">mybank.testcases.AddMoneyPageTest#test2</h3><table class="result"><tr class="param"><th>Parameter #1</th><th>Parameter #2</th></tr><tr class="param stripe"><td>abc@gmail.com</td><td>1234</td></tr></table><p class="totop"><a href="#summary">back to summary</a></p><h3 id="m9">mybank.testcases.AddMoneyPageTest#test3</h3><table class="result"><tr class="param"><th>Parameter #1</th><th>Parameter #2</th></tr><tr class="param stripe"><td>abc@gmail.com</td><td>1234</td></tr></table><p class="totop"><a href="#summary">back to summary</a></p><h3 id="m10">mybank.testcases.AddMoneyPageTest#test4</h3><table class="result"><tr class="param"><th>Parameter #1</th><th>Parameter #2</th></tr><tr class="param stripe"><td>abc@gmail.com</td><td>1234</td></tr></table><p class="totop"><a href="#summary">back to summary</a></p><h2>AddBeneficiaryPageTest</h2><h3 id="m11">mybank.testcases.AddBeneficiaryPageTest#addBeneficiaryTest</h3><table class="result"><tr class="param"><th>Parameter #1</th><th>Parameter #2</th></tr><tr class="param stripe"><td>abc@gmail.com</td><td>1234</td></tr></table><p class="totop"><a href="#summary">back to summary</a></p><h3 id="m12">mybank.testcases.AddBeneficiaryPageTest#invalidCredentialsTest</h3><table class="result"><tr class="param"><th>Parameter #1</th><th>Parameter #2</th></tr><tr class="param stripe"><td>abc@gmail.com</td><td>1234</td></tr></table><p class="totop"><a href="#summary">back to summary</a></p><h2>DDUserLoginPageTest</h2><h3 id="m13">mybank.testcases.DDUserLoginPageTest#userLoginTestSensitive</h3><table class="result"><tr class="param"><th>Parameter #1</th><th>Parameter #2</th></tr><tr class="param stripe"><td>SHubhangi@gmail.com</td><td>1234</td></tr><tr><th colspan="2">Exception</th></tr><tr><td colspan="2"><div class="stacktrace">java.lang.AssertionError: expected [true] but found [false]
	at mybank.testcases.DDUserLoginPageTest.userLoginTestSensitive(DDUserLoginPageTest.java:125)
... Removed 29 stack frames</div></td></tr></table><p class="totop"><a href="#summary">back to summary</a></p><h3 id="m14">mybank.testcases.DDUserLoginPageTest#userLoginTestSensitive</h3><table class="result"><tr class="param"><th>Parameter #1</th><th>Parameter #2</th></tr><tr class="param stripe"><td>ABC@gmail.com</td><td>1234</td></tr><tr><th colspan="2">Exception</th></tr><tr><td colspan="2"><div class="stacktrace">java.lang.AssertionError: expected [true] but found [false]
	at mybank.testcases.DDUserLoginPageTest.userLoginTestSensitive(DDUserLoginPageTest.java:125)
... Removed 29 stack frames</div></td></tr></table><p class="totop"><a href="#summary">back to summary</a></p><h3 id="m15">mybank.testcases.DDUserLoginPageTest#userLoginTestSensitive</h3><table class="result"><tr class="param"><th>Parameter #1</th><th>Parameter #2</th></tr><tr class="param stripe"><td>Gaa@gmail.com</td><td>1234</td></tr><tr><th colspan="2">Exception</th></tr><tr><td colspan="2"><div class="stacktrace">java.lang.AssertionError: expected [true] but found [false]
	at mybank.testcases.DDUserLoginPageTest.userLoginTestSensitive(DDUserLoginPageTest.java:125)
... Removed 29 stack frames</div></td></tr></table><p class="totop"><a href="#summary">back to summary</a></p><h3 id="m16">mybank.testcases.DDUserLoginPageTest#userLoginTestSensitive</h3><table class="result"><tr class="param"><th>Parameter #1</th><th>Parameter #2</th></tr><tr class="param stripe"><td>csGHayan@gmail.com</td><td>1234</td></tr><tr><th colspan="2">Exception</th></tr><tr><td colspan="2"><div class="stacktrace">java.lang.AssertionError: expected [true] but found [false]
	at mybank.testcases.DDUserLoginPageTest.userLoginTestSensitive(DDUserLoginPageTest.java:125)
... Removed 29 stack frames</div></td></tr></table><p class="totop"><a href="#summary">back to summary</a></p><h3 id="m17">mybank.testcases.DDUserLoginPageTest#userLoginTestSensitive</h3><table class="result"><tr class="param"><th>Parameter #1</th><th>Parameter #2</th></tr><tr class="param stripe"><td>JHon@gmail.com</td><td>pass</td></tr><tr><th colspan="2">Exception</th></tr><tr><td colspan="2"><div class="stacktrace">java.lang.AssertionError: expected [true] but found [false]
	at mybank.testcases.DDUserLoginPageTest.userLoginTestSensitive(DDUserLoginPageTest.java:125)
... Removed 29 stack frames</div></td></tr></table><p class="totop"><a href="#summary">back to summary</a></p><h3 id="m18">mybank.testcases.DDUserLoginPageTest#userLoginTestSensitive</h3><table class="result"><tr class="param"><th>Parameter #1</th><th>Parameter #2</th></tr><tr class="param stripe"><td>JUli@aa.com</td><td>1234</td></tr><tr><th colspan="2">Exception</th></tr><tr><td colspan="2"><div class="stacktrace">java.lang.AssertionError: expected [true] but found [false]
	at mybank.testcases.DDUserLoginPageTest.userLoginTestSensitive(DDUserLoginPageTest.java:125)
... Removed 29 stack frames</div></td></tr></table><p class="totop"><a href="#summary">back to summary</a></p><h3 id="m19">mybank.testcases.DDUserLoginPageTest#userLoginTestSensitive</h3><table class="result"><tr class="param"><th>Parameter #1</th><th>Parameter #2</th></tr><tr class="param stripe"><td>Sayantan1999arka@gmail.com</td><td>aaaa</td></tr><tr><th colspan="2">Exception</th></tr><tr><td colspan="2"><div class="stacktrace">java.lang.AssertionError: expected [true] but found [false]
	at mybank.testcases.DDUserLoginPageTest.userLoginTestSensitive(DDUserLoginPageTest.java:125)
... Removed 29 stack frames</div></td></tr></table><p class="totop"><a href="#summary">back to summary</a></p><h3 id="m20">mybank.testcases.DDUserLoginPageTest#userLoginTestWithcWrongData</h3><table class="result"><tr class="param"><th>Parameter #1</th><th>Parameter #2</th></tr><tr class="param stripe"><td>yash3344@gmail.com</td><td>pass334</td></tr><tr><th colspan="2">Exception</th></tr><tr><td colspan="2"><div class="stacktrace">java.lang.AssertionError: expected [true] but found [false]
	at mybank.testcases.DDUserLoginPageTest.userLoginTestWithcWrongData(DDUserLoginPageTest.java:74)
... Removed 29 stack frames</div></td></tr></table><p class="totop"><a href="#summary">back to summary</a></p><h3 id="m21">mybank.testcases.DDUserLoginPageTest#userLoginTestWithcWrongData</h3><table class="result"><tr class="param"><th>Parameter #1</th><th>Parameter #2</th></tr><tr class="param stripe"><td>seema@gmail.com</td><td>1234</td></tr><tr><th colspan="2">Exception</th></tr><tr><td colspan="2"><div class="stacktrace">java.lang.AssertionError: expected [true] but found [false]
	at mybank.testcases.DDUserLoginPageTest.userLoginTestWithcWrongData(DDUserLoginPageTest.java:74)
... Removed 29 stack frames</div></td></tr></table><p class="totop"><a href="#summary">back to summary</a></p><h3 id="m22">mybank.testcases.DDUserLoginPageTest#userLoginTestWithcWrongData</h3><table class="result"><tr class="param"><th>Parameter #1</th><th>Parameter #2</th></tr><tr class="param stripe"><td>ankit@33.com</td><td>1234</td></tr><tr><th colspan="2">Exception</th></tr><tr><td colspan="2"><div class="stacktrace">java.lang.AssertionError: expected [true] but found [false]
	at mybank.testcases.DDUserLoginPageTest.userLoginTestWithcWrongData(DDUserLoginPageTest.java:74)
... Removed 29 stack frames</div></td></tr></table><p class="totop"><a href="#summary">back to summary</a></p><h3 id="m23">mybank.testcases.DDUserLoginPageTest#userLoginTestWithcWrongData</h3><table class="result"><tr class="param"><th>Parameter #1</th><th>Parameter #2</th></tr><tr class="param stripe"><td>sachin@mail.com</td><td>1234</td></tr><tr><th colspan="2">Exception</th></tr><tr><td colspan="2"><div class="stacktrace">java.lang.AssertionError: expected [true] but found [false]
	at mybank.testcases.DDUserLoginPageTest.userLoginTestWithcWrongData(DDUserLoginPageTest.java:74)
... Removed 29 stack frames</div></td></tr></table><p class="totop"><a href="#summary">back to summary</a></p><h3 id="m24">mybank.testcases.DDUserLoginPageTest#userLoginTestWithcWrongData</h3><table class="result"><tr class="param"><th>Parameter #1</th><th>Parameter #2</th></tr><tr class="param stripe"><td>sakshi@reddif.com</td><td>23123</td></tr><tr><th colspan="2">Exception</th></tr><tr><td colspan="2"><div class="stacktrace">java.lang.AssertionError: expected [true] but found [false]
	at mybank.testcases.DDUserLoginPageTest.userLoginTestWithcWrongData(DDUserLoginPageTest.java:74)
... Removed 29 stack frames</div></td></tr></table><p class="totop"><a href="#summary">back to summary</a></p><h3 id="m25">mybank.testcases.DDUserLoginPageTest#userLoginTestWithcWrongData</h3><table class="result"><tr class="param"><th>Parameter #1</th><th>Parameter #2</th></tr><tr class="param stripe"><td>Amit@gmail.com</td><td>pass</td></tr><tr><th colspan="2">Exception</th></tr><tr><td colspan="2"><div class="stacktrace">java.lang.AssertionError: expected [true] but found [false]
	at mybank.testcases.DDUserLoginPageTest.userLoginTestWithcWrongData(DDUserLoginPageTest.java:74)
... Removed 29 stack frames</div></td></tr></table><p class="totop"><a href="#summary">back to summary</a></p><h3 id="m26">mybank.testcases.DDUserLoginPageTest#userLoginTestWithcWrongData</h3><table class="result"><tr class="param"><th>Parameter #1</th><th>Parameter #2</th></tr><tr class="param stripe"><td>kunal@gmail.com</td><td>pas123</td></tr><tr><th colspan="2">Exception</th></tr><tr><td colspan="2"><div class="stacktrace">java.lang.AssertionError: expected [true] but found [false]
	at mybank.testcases.DDUserLoginPageTest.userLoginTestWithcWrongData(DDUserLoginPageTest.java:74)
... Removed 29 stack frames</div></td></tr></table><p class="totop"><a href="#summary">back to summary</a></p><h3 id="m27">mybank.testcases.DDUserLoginPageTest#userLoginTestWithcWrongEmail</h3><table class="result"><tr class="param"><th>Parameter #1</th><th>Parameter #2</th></tr><tr class="param stripe"><td>cyan@gmail.com</td><td>1234</td></tr><tr><th colspan="2">Exception</th></tr><tr><td colspan="2"><div class="stacktrace">java.lang.AssertionError: expected [true] but found [false]
	at mybank.testcases.DDUserLoginPageTest.userLoginTestWithcWrongEmail(DDUserLoginPageTest.java:91)
... Removed 29 stack frames</div></td></tr></table><p class="totop"><a href="#summary">back to summary</a></p><h3 id="m28">mybank.testcases.DDUserLoginPageTest#userLoginTestWithcWrongEmail</h3><table class="result"><tr class="param"><th>Parameter #1</th><th>Parameter #2</th></tr><tr class="param stripe"><td>shayandff90@gmail.com</td><td>1234</td></tr><tr><th colspan="2">Exception</th></tr><tr><td colspan="2"><div class="stacktrace">java.lang.AssertionError: expected [true] but found [false]
	at mybank.testcases.DDUserLoginPageTest.userLoginTestWithcWrongEmail(DDUserLoginPageTest.java:91)
... Removed 29 stack frames</div></td></tr></table><p class="totop"><a href="#summary">back to summary</a></p><h3 id="m29">mybank.testcases.DDUserLoginPageTest#userLoginTestWithcWrongEmail</h3><table class="result"><tr class="param"><th>Parameter #1</th><th>Parameter #2</th></tr><tr class="param stripe"><td>abc@ghmmail.com</td><td>1234</td></tr><tr><th colspan="2">Exception</th></tr><tr><td colspan="2"><div class="stacktrace">java.lang.AssertionError: expected [true] but found [false]
	at mybank.testcases.DDUserLoginPageTest.userLoginTestWithcWrongEmail(DDUserLoginPageTest.java:91)
... Removed 29 stack frames</div></td></tr></table><p class="totop"><a href="#summary">back to summary</a></p><h3 id="m30">mybank.testcases.DDUserLoginPageTest#userLoginTestWithcWrongEmail</h3><table class="result"><tr class="param"><th>Parameter #1</th><th>Parameter #2</th></tr><tr class="param stripe"><td>gaaaaa@gmail.com</td><td>1234</td></tr><tr><th colspan="2">Exception</th></tr><tr><td colspan="2"><div class="stacktrace">java.lang.AssertionError: expected [true] but found [false]
	at mybank.testcases.DDUserLoginPageTest.userLoginTestWithcWrongEmail(DDUserLoginPageTest.java:91)
... Removed 29 stack frames</div></td></tr></table><p class="totop"><a href="#summary">back to summary</a></p><h3 id="m31">mybank.testcases.DDUserLoginPageTest#userLoginTestWithcWrongEmail</h3><table class="result"><tr class="param"><th>Parameter #1</th><th>Parameter #2</th></tr><tr class="param stripe"><td>shubhanYasgi@gmail.com</td><td>1234</td></tr><tr><th colspan="2">Exception</th></tr><tr><td colspan="2"><div class="stacktrace">java.lang.AssertionError: expected [true] but found [false]
	at mybank.testcases.DDUserLoginPageTest.userLoginTestWithcWrongEmail(DDUserLoginPageTest.java:91)
... Removed 29 stack frames</div></td></tr></table><p class="totop"><a href="#summary">back to summary</a></p><h3 id="m32">mybank.testcases.DDUserLoginPageTest#userLoginTestWithcWrongEmail</h3><table class="result"><tr class="param"><th>Parameter #1</th><th>Parameter #2</th></tr><tr class="param stripe"><td>sayantaaan1999arka@gmail.com</td><td>aaaa</td></tr><tr><th colspan="2">Exception</th></tr><tr><td colspan="2"><div class="stacktrace">java.lang.AssertionError: expected [true] but found [false]
	at mybank.testcases.DDUserLoginPageTest.userLoginTestWithcWrongEmail(DDUserLoginPageTest.java:91)
... Removed 29 stack frames</div></td></tr></table><p class="totop"><a href="#summary">back to summary</a></p><h3 id="m33">mybank.testcases.DDUserLoginPageTest#userLoginTestWithcWrongEmail</h3><table class="result"><tr class="param"><th>Parameter #1</th><th>Parameter #2</th></tr><tr class="param stripe"><td>Jhon@vmail.com</td><td>pass</td></tr><tr><th colspan="2">Exception</th></tr><tr><td colspan="2"><div class="stacktrace">java.lang.AssertionError: expected [true] but found [false]
	at mybank.testcases.DDUserLoginPageTest.userLoginTestWithcWrongEmail(DDUserLoginPageTest.java:91)
... Removed 29 stack frames</div></td></tr></table><p class="totop"><a href="#summary">back to summary</a></p><h3 id="m34">mybank.testcases.DDUserLoginPageTest#userLoginTestWithcWrongEmail</h3><table class="result"><tr class="param"><th>Parameter #1</th><th>Parameter #2</th></tr><tr class="param stripe"><td>juli@haaa.com</td><td>1234</td></tr><tr><th colspan="2">Exception</th></tr><tr><td colspan="2"><div class="stacktrace">java.lang.AssertionError: expected [true] but found [false]
	at mybank.testcases.DDUserLoginPageTest.userLoginTestWithcWrongEmail(DDUserLoginPageTest.java:91)
... Removed 29 stack frames</div></td></tr></table><p class="totop"><a href="#summary">back to summary</a></p><h3 id="m35">mybank.testcases.DDUserLoginPageTest#userLoginTestWithcWrongPass</h3><table class="result"><tr class="param"><th>Parameter #1</th><th>Parameter #2</th></tr><tr class="param stripe"><td>cshayan@gmail.com</td><td> </td></tr><tr><th colspan="2">Exception</th></tr><tr><td colspan="2"><div class="stacktrace">java.lang.AssertionError: expected [true] but found [false]
	at mybank.testcases.DDUserLoginPageTest.userLoginTestWithcWrongPass(DDUserLoginPageTest.java:108)
... Removed 29 stack frames</div></td></tr></table><p class="totop"><a href="#summary">back to summary</a></p><h3 id="m36">mybank.testcases.DDUserLoginPageTest#userLoginTestWithcWrongPass</h3><table class="result"><tr class="param"><th>Parameter #1</th><th>Parameter #2</th></tr><tr class="param stripe"><td>Jhon@gmail.com</td><td>p123s</td></tr><tr><th colspan="2">Exception</th></tr><tr><td colspan="2"><div class="stacktrace">java.lang.AssertionError: expected [true] but found [false]
	at mybank.testcases.DDUserLoginPageTest.userLoginTestWithcWrongPass(DDUserLoginPageTest.java:108)
... Removed 29 stack frames</div></td></tr></table><p class="totop"><a href="#summary">back to summary</a></p><h3 id="m37">mybank.testcases.DDUserLoginPageTest#userLoginTestWithcWrongPass</h3><table class="result"><tr class="param"><th>Parameter #1</th><th>Parameter #2</th></tr><tr class="param stripe"><td>shayan90@gmail.com</td><td>none12</td></tr><tr><th colspan="2">Exception</th></tr><tr><td colspan="2"><div class="stacktrace">java.lang.AssertionError: expected [true] but found [false]
	at mybank.testcases.DDUserLoginPageTest.userLoginTestWithcWrongPass(DDUserLoginPageTest.java:108)
... Removed 29 stack frames</div></td></tr></table><p class="totop"><a href="#summary">back to summary</a></p><h3 id="m38">mybank.testcases.DDUserLoginPageTest#userLoginTestWithcWrongPass</h3><table class="result"><tr class="param"><th>Parameter #1</th><th>Parameter #2</th></tr><tr class="param stripe"><td>juli@aa.com</td><td>root</td></tr><tr><th colspan="2">Exception</th></tr><tr><td colspan="2"><div class="stacktrace">java.lang.AssertionError: expected [true] but found [false]
	at mybank.testcases.DDUserLoginPageTest.userLoginTestWithcWrongPass(DDUserLoginPageTest.java:108)
... Removed 29 stack frames</div></td></tr></table><p class="totop"><a href="#summary">back to summary</a></p><h3 id="m39">mybank.testcases.DDUserLoginPageTest#userLoginTestWithcWrongPass</h3><table class="result"><tr class="param"><th>Parameter #1</th><th>Parameter #2</th></tr><tr class="param stripe"><td>sayantan1999arka@gmail.com</td><td>bbbb</td></tr><tr><th colspan="2">Exception</th></tr><tr><td colspan="2"><div class="stacktrace">java.lang.AssertionError: expected [true] but found [false]
	at mybank.testcases.DDUserLoginPageTest.userLoginTestWithcWrongPass(DDUserLoginPageTest.java:108)
... Removed 29 stack frames</div></td></tr></table><p class="totop"><a href="#summary">back to summary</a></p><h3 id="m40">mybank.testcases.DDUserLoginPageTest#userLoginTestWithcWrongPass</h3><table class="result"><tr class="param"><th>Parameter #1</th><th>Parameter #2</th></tr><tr class="param stripe"><td>shubhangi@gmail.com</td><td>p55word</td></tr><tr><th colspan="2">Exception</th></tr><tr><td colspan="2"><div class="stacktrace">java.lang.AssertionError: expected [true] but found [false]
	at mybank.testcases.DDUserLoginPageTest.userLoginTestWithcWrongPass(DDUserLoginPageTest.java:108)
... Removed 29 stack frames</div></td></tr></table><p class="totop"><a href="#summary">back to summary</a></p><h3 id="m41">mybank.testcases.DDUserLoginPageTest#userLoginTestWithcWrongPass</h3><table class="result"><tr class="param"><th>Parameter #1</th><th>Parameter #2</th></tr><tr class="param stripe"><td>abc@gmail.com</td><td>sapp</td></tr><tr><th colspan="2">Exception</th></tr><tr><td colspan="2"><div class="stacktrace">java.lang.AssertionError: expected [true] but found [false]
	at mybank.testcases.DDUserLoginPageTest.userLoginTestWithcWrongPass(DDUserLoginPageTest.java:108)
... Removed 29 stack frames</div></td></tr></table><p class="totop"><a href="#summary">back to summary</a></p><h3 id="m42">mybank.testcases.DDUserLoginPageTest#userLoginTestWithcWrongPass</h3><table class="result"><tr class="param"><th>Parameter #1</th><th>Parameter #2</th></tr><tr class="param stripe"><td>gaa@gmail.com</td><td>yash123</td></tr><tr><th colspan="2">Exception</th></tr><tr><td colspan="2"><div class="stacktrace">java.lang.AssertionError: expected [true] but found [false]
	at mybank.testcases.DDUserLoginPageTest.userLoginTestWithcWrongPass(DDUserLoginPageTest.java:108)
... Removed 29 stack frames</div></td></tr></table><p class="totop"><a href="#summary">back to summary</a></p><h3 id="m43">mybank.testcases.DDUserLoginPageTest#userLoginTestWithcorrectData</h3><table class="result"><tr class="param"><th>Parameter #1</th><th>Parameter #2</th></tr><tr class="param stripe"><td></td><td></td></tr><tr><th colspan="2">Exception</th></tr><tr><td colspan="2"><div class="stacktrace">java.lang.AssertionError: expected [true] but found [false]
	at mybank.testcases.DDUserLoginPageTest.userLoginTestWithcorrectData(DDUserLoginPageTest.java:57)
... Removed 29 stack frames</div></td></tr></table><p class="totop"><a href="#summary">back to summary</a></p><h3 id="m44">mybank.testcases.DDUserLoginPageTest#userLoginTestWithcorrectData</h3><table class="result"><tr class="param"><th>Parameter #1</th><th>Parameter #2</th></tr><tr class="param stripe"><td>mayur@gmail.com</td><td>1234</td></tr><tr><th colspan="2">Exception</th></tr><tr><td colspan="2"><div class="stacktrace">java.lang.AssertionError: expected [true] but found [false]
	at mybank.testcases.DDUserLoginPageTest.userLoginTestWithcorrectData(DDUserLoginPageTest.java:57)
... Removed 29 stack frames</div></td></tr></table><p class="totop"><a href="#summary">back to summary</a></p><h3 id="m45">mybank.testcases.DDUserLoginPageTest#userLoginTestWithcorrectData</h3><table class="result"><tr class="param"><th>Parameter #1</th><th>Parameter #2</th></tr><tr class="param stripe"><td></td><td></td></tr><tr><th colspan="2">Exception</th></tr><tr><td colspan="2"><div class="stacktrace">java.lang.AssertionError: expected [true] but found [false]
	at mybank.testcases.DDUserLoginPageTest.userLoginTestWithcorrectData(DDUserLoginPageTest.java:57)
... Removed 29 stack frames</div></td></tr></table><p class="totop"><a href="#summary">back to summary</a></p><h3 id="m46">mybank.testcases.DDUserLoginPageTest#userLoginTestSensitive</h3><table class="result"><tr class="param"><th>Parameter #1</th><th>Parameter #2</th></tr><tr class="param stripe"><td>shayan90@gmail.com</td><td>1234</td></tr></table><p class="totop"><a href="#summary">back to summary</a></p><h3 id="m47">mybank.testcases.DDUserLoginPageTest#userLoginTestWithcorrectData</h3><table class="result"><tr class="param"><th>Parameter #1</th><th>Parameter #2</th></tr><tr class="param stripe"><td>Ankita@gmail.com</td><td>1234</td></tr></table><p class="totop"><a href="#summary">back to summary</a></p><h3 id="m48">mybank.testcases.DDUserLoginPageTest#userLoginTestWithcorrectData</h3><table class="result"><tr class="param"><th>Parameter #1</th><th>Parameter #2</th></tr><tr class="param stripe"><td>ashish@gmail.com</td><td>1234</td></tr></table><p class="totop"><a href="#summary">back to summary</a></p><h3 id="m49">mybank.testcases.DDUserLoginPageTest#userLoginTestWithcorrectData</h3><table class="result"><tr class="param"><th>Parameter #1</th><th>Parameter #2</th></tr><tr class="param stripe"><td>bhai@gmail.com</td><td>1234</td></tr></table><p class="totop"><a href="#summary">back to summary</a></p><h3 id="m50">mybank.testcases.DDUserLoginPageTest#userLoginTestWithcorrectData</h3><table class="result"><tr class="param"><th>Parameter #1</th><th>Parameter #2</th></tr><tr class="param stripe"><td>apurba@gmail.com</td><td>1234</td></tr></table><p class="totop"><a href="#summary">back to summary</a></p><h3 id="m51">mybank.testcases.DDUserLoginPageTest#userLoginTestWithcorrectData</h3><table class="result"><tr class="param"><th>Parameter #1</th><th>Parameter #2</th></tr><tr class="param stripe"><td>shubhangi@gmail.com</td><td>1234</td></tr></table><p class="totop"><a href="#summary">back to summary</a></p><h2>PersonalDetailsPageTest</h2><h3 id="m52">mybank.testcases.PersonalDetailsPageTest#personalDetailsTest</h3><table class="result"><tr><th>Exception</th></tr><tr><td><div class="stacktrace">java.lang.AssertionError: The following asserts failed:
	Account Number Matches !! expected [987654321312] but found [&quot;987654321312&quot;]
	at mybank.testcases.PersonalDetailsPageTest.personalDetailsTest(PersonalDetailsPageTest.java:79)
... Removed 26 stack frames</div></td></tr></table><p class="totop"><a href="#summary">back to summary</a></p><h2>TransactionRecordPageTest</h2><h3 id="m53">mybank.testcases.TransactionRecordPageTest#TransactionRecordTest</h3><table class="result"><tr><th>Exception</th></tr><tr><td><div class="stacktrace">java.lang.AssertionError: The following asserts failed:
	expected [true] but found [false],
	Account Number Matches !! expected [987654321312] but found [&quot;987654321312&quot;]
	at mybank.testcases.TransactionRecordPageTest.TransactionRecordTest(TransactionRecordPageTest.java:84)
... Removed 26 stack frames</div></td></tr></table><p class="totop"><a href="#summary">back to summary</a></p><h2>WithdrawMoneyPageTest</h2><h3 id="m54">mybank.testcases.WithdrawMoneyPageTest#Test3</h3><table class="result"><tr><th>Exception</th></tr><tr><td><div class="stacktrace">java.lang.AssertionError: expected [true] but found [false]
	at mybank.testcases.WithdrawMoneyPageTest.Test3(WithdrawMoneyPageTest.java:181)
... Removed 29 stack frames</div></td></tr></table><p class="totop"><a href="#summary">back to summary</a></p><h3 id="m55">mybank.testcases.WithdrawMoneyPageTest#Test2</h3><table class="result"></table><p class="totop"><a href="#summary">back to summary</a></p><h3 id="m56">mybank.testcases.WithdrawMoneyPageTest#Test4</h3><table class="result"></table><p class="totop"><a href="#summary">back to summary</a></p><h3 id="m57">mybank.testcases.WithdrawMoneyPageTest#Test5</h3><table class="result"></table><p class="totop"><a href="#summary">back to summary</a></p><h3 id="m58">mybank.testcases.WithdrawMoneyPageTest#requestAtmPageAvabilityTest</h3><table class="result"><tr class="param"><th>Parameter #1</th><th>Parameter #2</th></tr><tr class="param stripe"><td>abc@gmail.com</td><td>1234</td></tr></table><p class="totop"><a href="#summary">back to summary</a></p><h2>SignUpPageTest</h2><h3 id="m59">mybank.testcases.SignUpPageTest#EnterData</h3><table class="result"></table><p class="totop"><a href="#summary">back to summary</a></p><h2>SignUpPageValidationTest</h2><h3 id="m60">mybank.testcases.SignUpPageValidationTest#SignUpWithInvalidEmailId</h3><table class="result"><tr><th>Exception</th></tr><tr><td><div class="stacktrace">org.openqa.selenium.NoAlertPresentException: no such alert
  (Session info: chrome=96.0.4664.110)
Build info: version: &apos;4.0.0&apos;, revision: &apos;3a21814679&apos;
System info: host: &apos;NGL001340&apos;, ip: &apos;192.168.0.106&apos;, os.name: &apos;Windows 10&apos;, os.arch: &apos;amd64&apos;, os.version: &apos;10.0&apos;, java.version: &apos;1.8.0_92&apos;
Driver info: org.openqa.selenium.chrome.ChromeDriver
Command: [22ab78d105b98721a3bb1d5d2dcc8785, getAlertText {}]
Capabilities {acceptInsecureCerts: false, browserName: chrome, browserVersion: 96.0.4664.110, chrome: {chromedriverVersion: 96.0.4664.45 (76e4c1bb2ab46..., userDataDir: C:\Users\YASH_S~1\AppData\L...}, goog:chromeOptions: {debuggerAddress: localhost:63941}, javascriptEnabled: true, networkConnectionEnabled: false, pageLoadStrategy: normal, platform: WINDOWS, platformName: WINDOWS, proxy: Proxy(), se:cdp: ws://localhost:63941/devtoo..., se:cdpVersion: 96.0.4664.110, setWindowRect: true, strictFileInteractability: false, timeouts: {implicit: 0, pageLoad: 300000, script: 30000}, unhandledPromptBehavior: dismiss and notify, webauthn:extension:credBlob: true, webauthn:extension:largeBlob: true, webauthn:virtualAuthenticators: true}
Session ID: 22ab78d105b98721a3bb1d5d2dcc8785
	at org.openqa.selenium.remote.codec.w3c.W3CHttpResponseCodec.createException(W3CHttpResponseCodec.java:200)
	at org.openqa.selenium.remote.codec.w3c.W3CHttpResponseCodec.decode(W3CHttpResponseCodec.java:133)
	at org.openqa.selenium.remote.codec.w3c.W3CHttpResponseCodec.decode(W3CHttpResponseCodec.java:53)
	at org.openqa.selenium.remote.HttpCommandExecutor.execute(HttpCommandExecutor.java:184)
	at org.openqa.selenium.remote.service.DriverCommandExecutor.invokeExecute(DriverCommandExecutor.java:164)
	at org.openqa.selenium.remote.service.DriverCommandExecutor.execute(DriverCommandExecutor.java:139)
	at org.openqa.selenium.remote.RemoteWebDriver.execute(RemoteWebDriver.java:559)
	at org.openqa.selenium.remote.RemoteWebDriver.execute(RemoteWebDriver.java:614)
	at org.openqa.selenium.remote.RemoteWebDriver.execute(RemoteWebDriver.java:618)
	at org.openqa.selenium.remote.RemoteWebDriver$RemoteTargetLocator.alert(RemoteWebDriver.java:1054)
	at mybank.testcases.SignUpPageValidationTest.SignUpWithInvalidEmailId(SignUpPageValidationTest.java:73)
... Removed 29 stack frames</div></td></tr></table><p class="totop"><a href="#summary">back to summary</a></p><h3 id="m61">mybank.testcases.SignUpPageValidationTest#signWithInvalidAccNumber</h3><table class="result"></table><p class="totop"><a href="#summary">back to summary</a></p><h2>HomePageTest</h2><h3 id="m62">mybank.testcases.HomePageTest#LoginTest</h3><table class="result"></table><p class="totop"><a href="#summary">back to summary</a></p><h3 id="m63">mybank.testcases.HomePageTest#aboutFAQsClickTest</h3><table class="result"></table><p class="totop"><a href="#summary">back to summary</a></p><h3 id="m64">mybank.testcases.HomePageTest#adminLoginClickTest</h3><table class="result"></table><p class="totop"><a href="#summary">back to summary</a></p><h3 id="m65">mybank.testcases.HomePageTest#contactUsClickTest</h3><table class="result"></table><p class="totop"><a href="#summary">back to summary</a></p><h3 id="m66">mybank.testcases.HomePageTest#contactUsTest</h3><table class="result"></table><p class="totop"><a href="#summary">back to summary</a></p><h3 id="m67">mybank.testcases.HomePageTest#featuresClickTest</h3><table class="result"></table><p class="totop"><a href="#summary">back to summary</a></p><h3 id="m68">mybank.testcases.HomePageTest#homeClickTest</h3><table class="result"></table><p class="totop"><a href="#summary">back to summary</a></p><h3 id="m69">mybank.testcases.HomePageTest#loginClickTest</h3><table class="result"></table><p class="totop"><a href="#summary">back to summary</a></p><h3 id="m70">mybank.testcases.HomePageTest#mybankLogoClickTest</h3><table class="result"></table><p class="totop"><a href="#summary">back to summary</a></p><h3 id="m71">mybank.testcases.HomePageTest#redirectFacebook</h3><table class="result"></table><p class="totop"><a href="#summary">back to summary</a></p><h3 id="m72">mybank.testcases.HomePageTest#redirectGoogle</h3><table class="result"></table><p class="totop"><a href="#summary">back to summary</a></p><h3 id="m73">mybank.testcases.HomePageTest#redirectInstagram</h3><table class="result"></table><p class="totop"><a href="#summary">back to summary</a></p><h3 id="m74">mybank.testcases.HomePageTest#redirectLinkedIn</h3><table class="result"></table><p class="totop"><a href="#summary">back to summary</a></p><h3 id="m75">mybank.testcases.HomePageTest#redirectSafetyTips</h3><table class="result"></table><p class="totop"><a href="#summary">back to summary</a></p><h3 id="m76">mybank.testcases.HomePageTest#redirectTwitter</h3><table class="result"></table><p class="totop"><a href="#summary">back to summary</a></p><h3 id="m77">mybank.testcases.HomePageTest#redirectYoutube</h3><table class="result"></table><p class="totop"><a href="#summary">back to summary</a></p><h3 id="m78">mybank.testcases.HomePageTest#safetyBankingTipsClickTest</h3><table class="result"></table><p class="totop"><a href="#summary">back to summary</a></p><h3 id="m79">mybank.testcases.HomePageTest#signUpClickTest</h3><table class="result"></table><p class="totop"><a href="#summary">back to summary</a></p></body></html>