<?xml version="1.0" encoding="UTF-8"?>
<!-- Generated by org.testng.reporters.JUnitXMLReporter -->
<testsuite hostname="HJNZL002248" ignored="0" name="DDUserLoginPageTest" tests="15" failures="1" timestamp="13 Dec 2021 05:41:33 GMT" time="10.299" errors="0">
  <testcase name="@AfterMethod temp" time="0.991" classname="mybank.testcases.DDUserLoginPageTest">
    <failure type="java.lang.NullPointerException">
      <![CDATA[java.lang.NullPointerException
]]>
    </failure>
  </testcase> <!-- @AfterMethod temp -->
  <testcase name="@AfterMethod temp" time="0.0" classname="mybank.testcases.DDUserLoginPageTest">
    <skipped/>
  </testcase> <!-- @AfterMethod temp -->
  <testcase name="@AfterMethod temp" time="0.0" classname="mybank.testcases.DDUserLoginPageTest">
    <skipped/>
  </testcase> <!-- @AfterMethod temp -->
  <testcase name="@AfterMethod temp" time="0.0" classname="mybank.testcases.DDUserLoginPageTest">
    <skipped/>
  </testcase> <!-- @AfterMethod temp -->
  <testcase name="@AfterMethod temp" time="0.0" classname="mybank.testcases.DDUserLoginPageTest">
    <skipped/>
  </testcase> <!-- @AfterMethod temp -->
  <testcase name="@AfterMethod temp" time="0.0" classname="mybank.testcases.DDUserLoginPageTest">
    <skipped/>
  </testcase> <!-- @AfterMethod temp -->
  <testcase name="@AfterMethod temp" time="0.0" classname="mybank.testcases.DDUserLoginPageTest">
    <skipped/>
  </testcase> <!-- @AfterMethod temp -->
  <testcase name="@AfterTest close" time="0.0" classname="mybank.testcases.DDUserLoginPageTest">
    <skipped/>
  </testcase> <!-- @AfterTest close -->
  <testcase name="userLoginTestWithcorrectData" time="0.921" classname="mybank.testcases.DDUserLoginPageTest"/>
  <testcase name="userLoginTestWithcorrectData" time="0.414" classname="mybank.testcases.DDUserLoginPageTest"/>
  <testcase name="userLoginTestWithcorrectData" time="0.384" classname="mybank.testcases.DDUserLoginPageTest"/>
  <testcase name="userLoginTestWithcorrectData" time="0.301" classname="mybank.testcases.DDUserLoginPageTest"/>
  <testcase name="userLoginTestWithcorrectData" time="0.298" classname="mybank.testcases.DDUserLoginPageTest"/>
  <testcase name="userLoginTestWithcorrectData" time="0.254" classname="mybank.testcases.DDUserLoginPageTest"/>
  <testcase name="userLoginTestWithcorrectData" time="0.36" classname="mybank.testcases.DDUserLoginPageTest"/>
  <testcase name="userLoginTestWithcorrectData" time="0.292" classname="mybank.testcases.DDUserLoginPageTest"/>
  <testcase name="userLoginTestWithcWrongData" time="0.34" classname="mybank.testcases.DDUserLoginPageTest">
    <failure type="java.lang.AssertionError" message="expected [true] but found [false]">
      <![CDATA[java.lang.AssertionError: expected [true] but found [false]
at mybank.testcases.DDUserLoginPageTest.userLoginTestWithcWrongData(DDUserLoginPageTest.java:72)
... Removed 33 stack frames]]>
    </failure>
  </testcase> <!-- userLoginTestWithcWrongData -->
  <testcase name="userLoginTestWithcWrongEmail" time="0.0" classname="mybank.testcases.DDUserLoginPageTest">
    <skipped/>
  </testcase> <!-- userLoginTestWithcWrongEmail -->
  <testcase name="userLoginTestWithcWrongEmail" time="0.0" classname="mybank.testcases.DDUserLoginPageTest">
    <skipped/>
  </testcase> <!-- userLoginTestWithcWrongEmail -->
  <testcase name="userLoginTestWithcWrongPass" time="0.0" classname="mybank.testcases.DDUserLoginPageTest">
    <skipped/>
  </testcase> <!-- userLoginTestWithcWrongPass -->
  <testcase name="userLoginTestWithcWrongPass" time="0.0" classname="mybank.testcases.DDUserLoginPageTest">
    <skipped/>
  </testcase> <!-- userLoginTestWithcWrongPass -->
  <testcase name="userLoginTestSensitive" time="0.0" classname="mybank.testcases.DDUserLoginPageTest">
    <skipped/>
  </testcase> <!-- userLoginTestSensitive -->
  <testcase name="userLoginTestSensitive" time="0.0" classname="mybank.testcases.DDUserLoginPageTest">
    <skipped/>
  </testcase> <!-- userLoginTestSensitive -->
</testsuite> <!-- DDUserLoginPageTest -->
